Log file open, 08/09/20 02:42:26
LogInit: Display: Running engine for game: PW5
LogPlatformFile: Not using cached read wrapper
LogTaskGraph: Started task graph with 5 named threads and 23 total threads with 3 sets of task threads.
LogStats: Stats thread started at 0.326032
LogD3D11RHI: Loaded GFSDK_Aftermath_Lib.x64.dll
LogICUInternationalization: ICU TimeZone Detection - Raw Offset: +9:00, Platform Override: ''
LogPluginManager: Mounting plugin Paper2D
LogPluginManager: Mounting plugin AISupport
LogPluginManager: Mounting plugin LightPropagationVolume
LogPluginManager: Mounting plugin CameraShakePreviewer
LogPluginManager: Mounting plugin ActorLayerUtilities
LogPluginManager: Mounting plugin AnimationSharing
LogPluginManager: Mounting plugin CLionSourceCodeAccess
LogPluginManager: Mounting plugin CodeLiteSourceCodeAccess
LogPluginManager: Mounting plugin GitSourceControl
LogPluginManager: Mounting plugin KDevelopSourceCodeAccess
LogPluginManager: Mounting plugin NullSourceCodeAccess
LogPluginManager: Mounting plugin PerforceSourceControl
LogPluginManager: Mounting plugin PlasticSourceControl
LogPluginManager: Mounting plugin RiderSourceCodeAccess
LogPluginManager: Mounting plugin SubversionSourceControl
LogPluginManager: Mounting plugin UObjectPlugin
LogPluginManager: Mounting plugin VisualStudioCodeSourceCodeAccess
LogPluginManager: Mounting plugin VisualStudioSourceCodeAccess
LogPluginManager: Mounting plugin XCodeSourceCodeAccess
LogPluginManager: Mounting plugin AssetManagerEditor
LogPluginManager: Mounting plugin CryptoKeys
LogPluginManager: Mounting plugin CurveEditorTools
LogPluginManager: Mounting plugin DataValidation
LogPluginManager: Mounting plugin EditorScriptingUtilities
LogPluginManager: Mounting plugin FacialAnimation
LogPluginManager: Mounting plugin GameplayTagsEditor
LogPluginManager: Mounting plugin GeometryMode
LogPluginManager: Mounting plugin MacGraphicsSwitching
LogPluginManager: Mounting plugin MaterialAnalyzer
LogPluginManager: Mounting plugin MobileLauncherProfileWizard
LogPluginManager: Mounting plugin PluginBrowser
LogPluginManager: Mounting plugin SpeedTreeImporter
LogPluginManager: Mounting plugin DatasmithContent
LogPluginManager: Mounting plugin VariantManagerContent
LogPluginManager: Mounting plugin AlembicImporter
LogPluginManager: Mounting plugin AutomationUtils
LogPluginManager: Mounting plugin BackChannel
LogPluginManager: Mounting plugin ChaosCloth
LogPluginManager: Mounting plugin ChaosClothEditor
LogPluginManager: Mounting plugin ChaosEditor
LogPluginManager: Mounting plugin ChaosNiagara
LogPluginManager: Mounting plugin ChaosSolverPlugin
LogPluginManager: Mounting plugin CharacterAI
LogPluginManager: Mounting plugin GeometryCache
LogPluginManager: Mounting plugin GeometryCollectionPlugin
LogPluginManager: Mounting plugin GeometryProcessing
LogPluginManager: Mounting plugin PlanarCut
LogPluginManager: Mounting plugin PlatformCrypto
LogPluginManager: Mounting plugin ProxyLODPlugin
LogPluginManager: Mounting plugin SkeletalReduction
LogPluginManager: Mounting plugin Niagara
LogPluginManager: Mounting plugin MagicLeap
LogPluginManager: Mounting plugin MagicLeapLightEstimation
LogPluginManager: Mounting plugin MagicLeapMedia
LogPluginManager: Mounting plugin MagicLeapPassableWorld
LogPluginManager: Mounting plugin MLSDK
LogPluginManager: Mounting plugin AndroidMedia
LogPluginManager: Mounting plugin AvfMedia
LogPluginManager: Mounting plugin ImgMedia
LogPluginManager: Mounting plugin MediaCompositing
LogPluginManager: Mounting plugin MediaPlayerEditor
LogPluginManager: Mounting plugin WebMMedia
LogPluginManager: Mounting plugin WmfMedia
LogPluginManager: Mounting plugin MeshPainting
LogPluginManager: Mounting plugin TcpMessaging
LogPluginManager: Mounting plugin UdpMessaging
LogPluginManager: Mounting plugin ActorSequence
LogPluginManager: Mounting plugin LevelSequenceEditor
LogPluginManager: Mounting plugin MatineeToLevelSequence
LogPluginManager: Mounting plugin MovieRenderPipeline
LogPluginManager: Mounting plugin TemplateSequence
LogPluginManager: Mounting plugin NetcodeUnitTest
LogPluginManager: Mounting plugin NUTUnrealEngine4
LogPluginManager: Mounting plugin OnlineSubsystemGooglePlay
LogPluginManager: Mounting plugin OnlineSubsystemIOS
LogPluginManager: Mounting plugin OnlineSubsystem
LogPluginManager: Mounting plugin OnlineSubsystemNull
LogPluginManager: Mounting plugin OnlineSubsystemUtils
LogPluginManager: Mounting plugin LauncherChunkInstaller
LogPluginManager: Mounting plugin AndroidDeviceProfileSelector
LogPluginManager: Mounting plugin AndroidMoviePlayer
LogPluginManager: Mounting plugin AndroidPermission
LogPluginManager: Mounting plugin AppleImageUtils
LogPluginManager: Mounting plugin AppleMoviePlayer
LogPluginManager: Mounting plugin ArchVisCharacter
LogPluginManager: Mounting plugin AssetTags
LogPluginManager: Mounting plugin AudioCapture
LogPluginManager: Mounting plugin CableComponent
LogPluginManager: Mounting plugin CustomMeshComponent
LogPluginManager: Mounting plugin EditableMesh
LogPluginManager: Mounting plugin ExampleDeviceProfileSelector
LogPluginManager: Mounting plugin GoogleCloudMessaging
LogPluginManager: Mounting plugin GooglePAD
LogPluginManager: Mounting plugin IOSDeviceProfileSelector
LogPluginManager: Mounting plugin LinuxDeviceProfileSelector
LogPluginManager: Mounting plugin LocationServicesBPLibrary
LogPluginManager: Mounting plugin MobilePatchingUtils
LogPluginManager: Mounting plugin OculusVR
LogPluginManager: Mounting plugin PhysXVehicles
LogPluginManager: Mounting plugin PostSplashScreen
LogPluginManager: Mounting plugin ProceduralMeshComponent
LogPluginManager: Mounting plugin RuntimePhysXCooking
LogPluginManager: Mounting plugin SignificanceManager
LogPluginManager: Mounting plugin SoundFields
LogPluginManager: Mounting plugin SteamVR
LogPluginManager: Mounting plugin Synthesis
LogPluginManager: Mounting plugin WebMMoviePlayer
LogPluginManager: Mounting plugin WindowsMoviePlayer
LogPluginManager: Mounting plugin ScreenshotTools
LogInit: Using libcurl 7.55.1-DEV
LogInit:  - built for x86_64-pc-win32
LogInit:  - supports SSL with OpenSSL/1.1.1
LogInit:  - supports HTTP deflate (compression) using libz 1.2.8
LogInit:  - other features:
LogInit:      CURL_VERSION_SSL
LogInit:      CURL_VERSION_LIBZ
LogInit:      CURL_VERSION_IPV6
LogInit:      CURL_VERSION_ASYNCHDNS
LogInit:      CURL_VERSION_LARGEFILE
LogInit:      CURL_VERSION_IDN
LogInit:  CurlRequestOptions (configurable via config and command line):
LogInit:  - bVerifyPeer = true  - Libcurl will verify peer certificate
LogInit:  - bUseHttpProxy = false  - Libcurl will NOT use HTTP proxy
LogInit:  - bDontReuseConnections = false  - Libcurl will reuse connections
LogInit:  - MaxHostConnections = 16  - Libcurl will limit the number of connections to a host
LogInit:  - LocalHostAddr = Default
LogInit:  - BufferSize = 65536
LogOnline: OSS: Creating online subsystem instance for: NULL
LogInit: WinSock: version 1.1 (2.2), MaxSocks=32767, MaxUdp=65467
LogOnline: OSS: TryLoadSubsystemAndSetDefault: Loaded subsystem for module [NULL]
LogInit: Build: ++UE4+Release-4.25-CL-13942748
LogInit: Engine Version: 4.25.3-13942748+++UE4+Release-4.25
LogInit: Compatible Engine Version: 4.25.0-13144385+++UE4+Release-4.25
LogInit: Net CL: 13144385
LogInit: OS: Windows 10 (Release 1909) (), CPU: Intel(R) Core(TM) i7-7700 CPU @ 3.60GHz, GPU: NVIDIA GeForce GTX 1060 6GB
LogInit: Compiled (64-bit): Jul 25 2020 02:07:48
LogInit: Compiled with Visual C++: 19.24.28315.00
LogInit: Build Configuration: Development
LogInit: Branch Name: ++UE4+Release-4.25
LogInit: Command Line: 
LogInit: Base Directory: F:/Program Files/Epic Games/UE_4.25/Engine/Binaries/Win64/
LogInit: Allocator: TBB
LogInit: Installed Engine Build: 1
LogDevObjectVersion: Number of dev versions registered: 26
LogDevObjectVersion:   Dev-Blueprints (B0D832E4-1F89-4F0D-ACCF-7EB736FD4AA2): 10
LogDevObjectVersion:   Dev-Build (E1C64328-A22C-4D53-A36C-8E866417BD8C): 0
LogDevObjectVersion:   Dev-Core (375EC13C-06E4-48FB-B500-84F0262A717E): 4
LogDevObjectVersion:   Dev-Editor (E4B068ED-F494-42E9-A231-DA0B2E46BB41): 38
LogDevObjectVersion:   Dev-Framework (CFFC743F-43B0-4480-9391-14DF171D2073): 37
LogDevObjectVersion:   Dev-Mobile (B02B49B5-BB20-44E9-A304-32B752E40360): 2
LogDevObjectVersion:   Dev-Networking (A4E4105C-59A1-49B5-A7C5-40C4547EDFEE): 0
LogDevObjectVersion:   Dev-Online (39C831C9-5AE6-47DC-9A44-9C173E1C8E7C): 0
LogDevObjectVersion:   Dev-Physics (78F01B33-EBEA-4F98-B9B4-84EACCB95AA2): 4
LogDevObjectVersion:   Dev-Platform (6631380F-2D4D-43E0-8009-CF276956A95A): 0
LogDevObjectVersion:   Dev-Rendering (12F88B9F-8875-4AFC-A67C-D90C383ABD29): 43
LogDevObjectVersion:   Dev-Sequencer (7B5AE74C-D270-4C10-A958-57980B212A5A): 12
LogDevObjectVersion:   Dev-VR (D7296918-1DD6-4BDD-9DE2-64A83CC13884): 3
LogDevObjectVersion:   Dev-LoadTimes (C2A15278-BFE7-4AFE-6C17-90FF531DF755): 1
LogDevObjectVersion:   Private-Geometry (6EACA3D4-40EC-4CC1-B786-8BED09428FC5): 3
LogDevObjectVersion:   Dev-AnimPhys (29E575DD-E0A3-4627-9D10-D276232CDCEA): 17
LogDevObjectVersion:   Dev-Anim (AF43A65D-7FD3-4947-9873-3E8ED9C1BB05): 7
LogDevObjectVersion:   Dev-ReflectionCapture (6B266CEC-1EC7-4B8F-A30B-E4D90942FC07): 1
LogDevObjectVersion:   Dev-Automation (0DF73D61-A23F-47EA-B727-89E90C41499A): 1
LogDevObjectVersion:   FortniteMain (601D1886-AC64-4F84-AA16-D3DE0DEAC7D6): 31
LogDevObjectVersion:   Dev-Enterprise (9DFFBCD6-494F-0158-E221-12823C92A888): 10
LogDevObjectVersion:   Dev-Niagara (F2AED0AC-9AFE-416F-8664-AA7FFA26D6FC): 1
LogDevObjectVersion:   Dev-Destruction (174F1F0B-B4C6-45A5-B13F-2EE8D0FB917D): 10
LogDevObjectVersion:   Dev-Physics-Ext (35F94A83-E258-406C-A318-09F59610247C): 37
LogDevObjectVersion:   Dev-PhysicsMaterial-Chaos (B68FC16E-8B1B-42E2-B453-215C058844FE): 1
LogDevObjectVersion:   Dev-CineCamera (B2E18506-4273-CFC2-A54E-F4BB758BBA07): 1
LogInit: Presizing for max 25165824 objects, including 0 objects not considered by GC, pre-allocating 0 bytes for permanent pool.
LogConfig: Applying CVar settings from Section [/Script/Engine.StreamingSettings] File [D:/Document/Unreal Projects/PW5/Saved/Config/Windows/Engine.ini]
LogConfig: Setting CVar [[s.MinBulkDataSizeForAsyncLoading:131072]]
LogConfig: Setting CVar [[s.AsyncLoadingThreadEnabled:0]]
LogConfig: Setting CVar [[s.EventDrivenLoaderEnabled:1]]
LogConfig: Setting CVar [[s.WarnIfTimeLimitExceeded:0]]
LogConfig: Setting CVar [[s.TimeLimitExceededMultiplier:1.5]]
LogConfig: Setting CVar [[s.TimeLimitExceededMinTime:0.005]]
LogConfig: Setting CVar [[s.UseBackgroundLevelStreaming:1]]
LogConfig: Setting CVar [[s.PriorityAsyncLoadingExtraTime:15.0]]
LogConfig: Setting CVar [[s.LevelStreamingActorsUpdateTimeLimit:5.0]]
LogConfig: Setting CVar [[s.PriorityLevelStreamingActorsUpdateExtraTime:5.0]]
LogConfig: Setting CVar [[s.LevelStreamingComponentsRegistrationGranularity:10]]
LogConfig: Setting CVar [[s.UnregisterComponentsTimeLimit:1.0]]
LogConfig: Setting CVar [[s.LevelStreamingComponentsUnregistrationGranularity:5]]
LogConfig: Setting CVar [[s.FlushStreamingOnExit:1]]
LogInit: Object subsystem initialized
LogConfig: Setting CVar [[con.DebugEarlyDefault:1]]
LogConfig: Setting CVar [[r.setres:1280x720]]
[2020.08.08-17.42.27:929][  0]LogConfig: Setting CVar [[r.VSync:0]]
[2020.08.08-17.42.27:929][  0]LogConfig: Setting CVar [[r.RHICmdBypass:0]]
[2020.08.08-17.42.27:929][  0]LogConfig: Applying CVar settings from Section [/Script/Engine.RendererSettings] File [D:/Document/Unreal Projects/PW5/Saved/Config/Windows/Engine.ini]
[2020.08.08-17.42.27:929][  0]LogConfig: Setting CVar [[r.GPUCrashDebugging:0]]
[2020.08.08-17.42.27:929][  0]LogConfig: Applying CVar settings from Section [/Script/Engine.RendererOverrideSettings] File [D:/Document/Unreal Projects/PW5/Saved/Config/Windows/Engine.ini]
[2020.08.08-17.42.27:929][  0]LogConfig: Applying CVar settings from Section [/Script/Engine.StreamingSettings] File [D:/Document/Unreal Projects/PW5/Saved/Config/Windows/Engine.ini]
[2020.08.08-17.42.27:929][  0]LogConfig: Setting CVar [[s.MinBulkDataSizeForAsyncLoading:131072]]
[2020.08.08-17.42.27:929][  0]LogConfig: Setting CVar [[s.AsyncLoadingThreadEnabled:0]]
[2020.08.08-17.42.27:929][  0]LogConfig: Setting CVar [[s.EventDrivenLoaderEnabled:1]]
[2020.08.08-17.42.27:929][  0]LogConfig: Setting CVar [[s.WarnIfTimeLimitExceeded:0]]
[2020.08.08-17.42.27:929][  0]LogConfig: Setting CVar [[s.TimeLimitExceededMultiplier:1.5]]
[2020.08.08-17.42.27:929][  0]LogConfig: Setting CVar [[s.TimeLimitExceededMinTime:0.005]]
[2020.08.08-17.42.27:929][  0]LogConfig: Setting CVar [[s.UseBackgroundLevelStreaming:1]]
[2020.08.08-17.42.27:929][  0]LogConfig: Setting CVar [[s.PriorityAsyncLoadingExtraTime:15.0]]
[2020.08.08-17.42.27:929][  0]LogConfig: Setting CVar [[s.LevelStreamingActorsUpdateTimeLimit:5.0]]
[2020.08.08-17.42.27:929][  0]LogConfig: Setting CVar [[s.PriorityLevelStreamingActorsUpdateExtraTime:5.0]]
[2020.08.08-17.42.27:929][  0]LogConfig: Setting CVar [[s.LevelStreamingComponentsRegistrationGranularity:10]]
[2020.08.08-17.42.27:929][  0]LogConfig: Setting CVar [[s.UnregisterComponentsTimeLimit:1.0]]
[2020.08.08-17.42.27:929][  0]LogConfig: Setting CVar [[s.LevelStreamingComponentsUnregistrationGranularity:5]]
[2020.08.08-17.42.27:929][  0]LogConfig: Setting CVar [[s.FlushStreamingOnExit:1]]
[2020.08.08-17.42.27:929][  0]LogConfig: Applying CVar settings from Section [/Script/Engine.GarbageCollectionSettings] File [D:/Document/Unreal Projects/PW5/Saved/Config/Windows/Engine.ini]
[2020.08.08-17.42.27:930][  0]LogConfig: Setting CVar [[gc.MaxObjectsNotConsideredByGC:1]]
[2020.08.08-17.42.27:930][  0]LogConfig: Setting CVar [[gc.SizeOfPermanentObjectPool:0]]
[2020.08.08-17.42.27:930][  0]LogConfig: Setting CVar [[gc.FlushStreamingOnGC:0]]
[2020.08.08-17.42.27:930][  0]LogConfig: Setting CVar [[gc.NumRetriesBeforeForcingGC:10]]
[2020.08.08-17.42.27:930][  0]LogConfig: Setting CVar [[gc.AllowParallelGC:1]]
[2020.08.08-17.42.27:930][  0]LogConfig: Setting CVar [[gc.TimeBetweenPurgingPendingKillObjects:61.1]]
[2020.08.08-17.42.27:930][  0]LogConfig: Setting CVar [[gc.MaxObjectsInEditor:25165824]]
[2020.08.08-17.42.27:930][  0]LogConfig: Setting CVar [[gc.IncrementalBeginDestroyEnabled:1]]
[2020.08.08-17.42.27:930][  0]LogConfig: Setting CVar [[gc.CreateGCClusters:1]]
[2020.08.08-17.42.27:930][  0]LogConfig: Setting CVar [[gc.MinGCClusterSize:5]]
[2020.08.08-17.42.27:930][  0]LogConfig: Setting CVar [[gc.ActorClusteringEnabled:0]]
[2020.08.08-17.42.27:930][  0]LogConfig: Setting CVar [[gc.BlueprintClusteringEnabled:0]]
[2020.08.08-17.42.27:930][  0]LogConfig: Setting CVar [[gc.UseDisregardForGCOnDedicatedServers:0]]
[2020.08.08-17.42.27:930][  0]LogConfig: Applying CVar settings from Section [/Script/Engine.NetworkSettings] File [D:/Document/Unreal Projects/PW5/Saved/Config/Windows/Engine.ini]
[2020.08.08-17.42.27:930][  0]LogConfig: Applying CVar settings from Section [/Script/UnrealEd.CookerSettings] File [D:/Document/Unreal Projects/PW5/Saved/Config/Windows/Engine.ini]
[2020.08.08-17.42.27:941][  0]LogConfig: Applying CVar settings from Section [ViewDistanceQuality@3] File [D:/Document/Unreal Projects/PW5/Saved/Config/Windows/Scalability.ini]
[2020.08.08-17.42.27:941][  0]LogConfig: Setting CVar [[r.SkeletalMeshLODBias:0]]
[2020.08.08-17.42.27:941][  0]LogConfig: Setting CVar [[r.ViewDistanceScale:1.0]]
[2020.08.08-17.42.27:942][  0]LogConfig: Applying CVar settings from Section [AntiAliasingQuality@3] File [D:/Document/Unreal Projects/PW5/Saved/Config/Windows/Scalability.ini]
[2020.08.08-17.42.27:942][  0]LogConfig: Setting CVar [[r.PostProcessAAQuality:4]]
[2020.08.08-17.42.27:942][  0]LogConfig: Applying CVar settings from Section [ShadowQuality@3] File [D:/Document/Unreal Projects/PW5/Saved/Config/Windows/Scalability.ini]
[2020.08.08-17.42.27:942][  0]LogConfig: Setting CVar [[r.LightFunctionQuality:1]]
[2020.08.08-17.42.27:942][  0]LogConfig: Setting CVar [[r.ShadowQuality:5]]
[2020.08.08-17.42.27:942][  0]LogConfig: Setting CVar [[r.Shadow.CSM.MaxCascades:10]]
[2020.08.08-17.42.27:942][  0]LogConfig: Setting CVar [[r.Shadow.MaxResolution:2048]]
[2020.08.08-17.42.27:942][  0]LogConfig: Setting CVar [[r.Shadow.MaxCSMResolution:2048]]
[2020.08.08-17.42.27:942][  0]LogConfig: Setting CVar [[r.Shadow.RadiusThreshold:0.01]]
[2020.08.08-17.42.27:942][  0]LogConfig: Setting CVar [[r.Shadow.DistanceScale:1.0]]
[2020.08.08-17.42.27:942][  0]LogConfig: Setting CVar [[r.Shadow.CSM.TransitionScale:1.0]]
[2020.08.08-17.42.27:942][  0]LogConfig: Setting CVar [[r.Shadow.PreShadowResolutionFactor:1.0]]
[2020.08.08-17.42.27:942][  0]LogConfig: Setting CVar [[r.DistanceFieldShadowing:1]]
[2020.08.08-17.42.27:942][  0]LogConfig: Setting CVar [[r.DistanceFieldAO:1]]
[2020.08.08-17.42.27:942][  0]LogConfig: Setting CVar [[r.AOQuality:2]]
[2020.08.08-17.42.27:942][  0]LogConfig: Setting CVar [[r.VolumetricFog:1]]
[2020.08.08-17.42.27:942][  0]LogConfig: Setting CVar [[r.VolumetricFog.GridPixelSize:8]]
[2020.08.08-17.42.27:942][  0]LogConfig: Setting CVar [[r.VolumetricFog.GridSizeZ:128]]
[2020.08.08-17.42.27:942][  0]LogConfig: Setting CVar [[r.VolumetricFog.HistoryMissSupersampleCount:4]]
[2020.08.08-17.42.27:942][  0]LogConfig: Setting CVar [[r.LightMaxDrawDistanceScale:1]]
[2020.08.08-17.42.27:942][  0]LogConfig: Setting CVar [[r.CapsuleShadows:1]]
[2020.08.08-17.42.27:942][  0]LogConfig: Applying CVar settings from Section [PostProcessQuality@3] File [D:/Document/Unreal Projects/PW5/Saved/Config/Windows/Scalability.ini]
[2020.08.08-17.42.27:942][  0]LogConfig: Setting CVar [[r.MotionBlurQuality:4]]
[2020.08.08-17.42.27:942][  0]LogConfig: Setting CVar [[r.AmbientOcclusionMipLevelFactor:0.4]]
[2020.08.08-17.42.27:942][  0]LogConfig: Setting CVar [[r.AmbientOcclusionMaxQuality:100]]
[2020.08.08-17.42.27:942][  0]LogConfig: Setting CVar [[r.AmbientOcclusionLevels:-1]]
[2020.08.08-17.42.27:942][  0]LogConfig: Setting CVar [[r.AmbientOcclusionRadiusScale:1.0]]
[2020.08.08-17.42.27:942][  0]LogConfig: Setting CVar [[r.DepthOfFieldQuality:2]]
[2020.08.08-17.42.27:942][  0]LogConfig: Setting CVar [[r.RenderTargetPoolMin:400]]
[2020.08.08-17.42.27:942][  0]LogConfig: Setting CVar [[r.LensFlareQuality:2]]
[2020.08.08-17.42.27:942][  0]LogConfig: Setting CVar [[r.SceneColorFringeQuality:1]]
[2020.08.08-17.42.27:942][  0]LogConfig: Setting CVar [[r.EyeAdaptationQuality:2]]
[2020.08.08-17.42.27:942][  0]LogConfig: Setting CVar [[r.BloomQuality:5]]
[2020.08.08-17.42.27:942][  0]LogConfig: Setting CVar [[r.FastBlurThreshold:100]]
[2020.08.08-17.42.27:942][  0]LogConfig: Setting CVar [[r.Upscale.Quality:3]]
[2020.08.08-17.42.27:942][  0]LogConfig: Setting CVar [[r.Tonemapper.GrainQuantization:1]]
[2020.08.08-17.42.27:942][  0]LogConfig: Setting CVar [[r.LightShaftQuality:1]]
[2020.08.08-17.42.27:942][  0]LogConfig: Setting CVar [[r.Filter.SizeScale:1]]
[2020.08.08-17.42.27:942][  0]LogConfig: Setting CVar [[r.Tonemapper.Quality:5]]
[2020.08.08-17.42.27:942][  0]LogConfig: Setting CVar [[r.DOF.Gather.AccumulatorQuality:1        ; higher gathering accumulator quality]]
[2020.08.08-17.42.27:942][  0]LogConfig: Setting CVar [[r.DOF.Gather.PostfilterMethod:1          ; Median3x3 postfilering method]]
[2020.08.08-17.42.27:942][  0]LogConfig: Setting CVar [[r.DOF.Gather.EnableBokehSettings:0       ; no bokeh simulation when gathering]]
[2020.08.08-17.42.27:942][  0]LogConfig: Setting CVar [[r.DOF.Gather.RingCount:4                 ; medium number of samples when gathering]]
[2020.08.08-17.42.27:942][  0]LogConfig: Setting CVar [[r.DOF.Scatter.ForegroundCompositing:1    ; additive foreground scattering]]
[2020.08.08-17.42.27:942][  0]LogConfig: Setting CVar [[r.DOF.Scatter.BackgroundCompositing:2    ; additive background scattering]]
[2020.08.08-17.42.27:942][  0]LogConfig: Setting CVar [[r.DOF.Scatter.EnableBokehSettings:1      ; bokeh simulation when scattering]]
[2020.08.08-17.42.27:942][  0]LogConfig: Setting CVar [[r.DOF.Scatter.MaxSpriteRatio:0.1         ; only a maximum of 10% of scattered bokeh]]
[2020.08.08-17.42.27:942][  0]LogConfig: Setting CVar [[r.DOF.Recombine.Quality:1                ; cheap slight out of focus]]
[2020.08.08-17.42.27:942][  0]LogConfig: Setting CVar [[r.DOF.Recombine.EnableBokehSettings:0    ; no bokeh simulation on slight out of focus]]
[2020.08.08-17.42.27:942][  0]LogConfig: Setting CVar [[r.DOF.TemporalAAQuality:1                ; more stable temporal accumulation]]
[2020.08.08-17.42.27:942][  0]LogConfig: Setting CVar [[r.DOF.Kernel.MaxForegroundRadius:0.025]]
[2020.08.08-17.42.27:942][  0]LogConfig: Setting CVar [[r.DOF.Kernel.MaxBackgroundRadius:0.025]]
[2020.08.08-17.42.27:942][  0]LogConfig: Applying CVar settings from Section [TextureQuality@3] File [D:/Document/Unreal Projects/PW5/Saved/Config/Windows/Scalability.ini]
[2020.08.08-17.42.27:942][  0]LogConfig: Setting CVar [[r.Streaming.MipBias:0]]
[2020.08.08-17.42.27:942][  0]LogConfig: Setting CVar [[r.Streaming.AmortizeCPUToGPUCopy:0]]
[2020.08.08-17.42.27:942][  0]LogConfig: Setting CVar [[r.Streaming.MaxNumTexturesToStreamPerFrame:0]]
[2020.08.08-17.42.27:942][  0]LogConfig: Setting CVar [[r.Streaming.Boost:1]]
[2020.08.08-17.42.27:942][  0]LogConfig: Setting CVar [[r.MaxAnisotropy:8]]
[2020.08.08-17.42.27:942][  0]LogConfig: Setting CVar [[r.VT.MaxAnisotropy:8]]
[2020.08.08-17.42.27:942][  0]LogConfig: Setting CVar [[r.Streaming.LimitPoolSizeToVRAM:0]]
[2020.08.08-17.42.27:942][  0]LogConfig: Setting CVar [[r.Streaming.PoolSize:1000]]
[2020.08.08-17.42.27:942][  0]LogConfig: Setting CVar [[r.Streaming.MaxEffectiveScreenSize:0]]
[2020.08.08-17.42.27:942][  0]LogConfig: Applying CVar settings from Section [EffectsQuality@3] File [D:/Document/Unreal Projects/PW5/Saved/Config/Windows/Scalability.ini]
[2020.08.08-17.42.27:942][  0]LogConfig: Setting CVar [[r.TranslucencyLightingVolumeDim:64]]
[2020.08.08-17.42.27:942][  0]LogConfig: Setting CVar [[r.RefractionQuality:2]]
[2020.08.08-17.42.27:942][  0]LogConfig: Setting CVar [[r.SSR.Quality:3]]
[2020.08.08-17.42.27:942][  0]LogConfig: Setting CVar [[r.SSR.HalfResSceneColor:0]]
[2020.08.08-17.42.27:942][  0]LogConfig: Setting CVar [[r.SceneColorFormat:4]]
[2020.08.08-17.42.27:942][  0]LogConfig: Setting CVar [[r.DetailMode:2]]
[2020.08.08-17.42.27:942][  0]LogConfig: Setting CVar [[r.TranslucencyVolumeBlur:1]]
[2020.08.08-17.42.27:942][  0]LogConfig: Setting CVar [[r.MaterialQualityLevel:1 ; High quality]]
[2020.08.08-17.42.27:942][  0]LogConfig: Setting CVar [[r.SSS.Scale:1]]
[2020.08.08-17.42.27:942][  0]LogConfig: Setting CVar [[r.SSS.SampleSet:2]]
[2020.08.08-17.42.27:942][  0]LogConfig: Setting CVar [[r.SSS.Quality:1]]
[2020.08.08-17.42.27:942][  0]LogConfig: Setting CVar [[r.SSS.HalfRes:0]]
[2020.08.08-17.42.27:942][  0]LogConfig: Setting CVar [[r.SSGI.Quality:3]]
[2020.08.08-17.42.27:942][  0]LogConfig: Setting CVar [[r.EmitterSpawnRateScale:1.0]]
[2020.08.08-17.42.27:943][  0]LogConfig: Setting CVar [[r.ParticleLightQuality:2]]
[2020.08.08-17.42.27:943][  0]LogConfig: Setting CVar [[r.SkyAtmosphere.AerialPerspectiveLUT.FastApplyOnOpaque:1 ; Always have FastSkyLUT 1 in this case to avoid wrong sky]]
[2020.08.08-17.42.27:943][  0]LogConfig: Setting CVar [[r.SkyAtmosphere.AerialPerspectiveLUT.SampleCountPerSlice:1]]
[2020.08.08-17.42.27:943][  0]LogConfig: Setting CVar [[r.SkyAtmosphere.AerialPerspectiveLUT.DepthResolution:16.0]]
[2020.08.08-17.42.27:943][  0]LogConfig: Setting CVar [[r.SkyAtmosphere.FastSkyLUT:1]]
[2020.08.08-17.42.27:943][  0]LogConfig: Setting CVar [[r.SkyAtmosphere.FastSkyLUT.SampleCountMin:4.0]]
[2020.08.08-17.42.27:943][  0]LogConfig: Setting CVar [[r.SkyAtmosphere.FastSkyLUT.SampleCountMax:32.0]]
[2020.08.08-17.42.27:943][  0]LogConfig: Setting CVar [[r.SkyAtmosphere.SampleCountMin:4.0]]
[2020.08.08-17.42.27:943][  0]LogConfig: Setting CVar [[r.SkyAtmosphere.SampleCountMax:32.0]]
[2020.08.08-17.42.27:943][  0]LogConfig: Setting CVar [[r.SkyAtmosphere.TransmittanceLUT.UseSmallFormat:0]]
[2020.08.08-17.42.27:943][  0]LogConfig: Setting CVar [[r.SkyAtmosphere.TransmittanceLUT.SampleCount:10.0]]
[2020.08.08-17.42.27:943][  0]LogConfig: Setting CVar [[r.SkyAtmosphere.MultiScatteringLUT.SampleCount:15.0]]
[2020.08.08-17.42.27:943][  0]LogConfig: Applying CVar settings from Section [FoliageQuality@3] File [D:/Document/Unreal Projects/PW5/Saved/Config/Windows/Scalability.ini]
[2020.08.08-17.42.27:943][  0]LogConfig: Setting CVar [[foliage.DensityScale:1.0]]
[2020.08.08-17.42.27:943][  0]LogConfig: Setting CVar [[grass.DensityScale:1.0]]
[2020.08.08-17.42.27:943][  0]LogConfig: Applying CVar settings from Section [ShadingQuality@3] File [D:/Document/Unreal Projects/PW5/Saved/Config/Windows/Scalability.ini]
[2020.08.08-17.42.27:943][  0]LogConfig: Setting CVar [[r.HairStrands.SkyLighting.SampleCount:16]]
[2020.08.08-17.42.27:943][  0]LogConfig: Setting CVar [[r.HairStrands.SkyLighting.JitterIntegration:0]]
[2020.08.08-17.42.27:943][  0]LogConfig: Setting CVar [[r.HairStrands.SkyAO.SampleCount:16]]
[2020.08.08-17.42.27:943][  0]LogConfig: Setting CVar [[r.HairStrands.DeepShadow.SuperSampling:0]]
[2020.08.08-17.42.27:943][  0]LogConfig: Setting CVar [[r.HairStrands.VisibilityPPLL:0]]
[2020.08.08-17.42.27:943][  0]LogConfig: Setting CVar [[r.HairStrands.RasterizationScale:0.5]]
[2020.08.08-17.42.27:943][  0]LogConfig: Setting CVar [[r.HairStrands.VelocityRasterizationScale:1]]
[2020.08.08-17.42.27:943][  0]LogInit: Selected Device Profile: [Windows]
[2020.08.08-17.42.27:943][  0]LogInit: Applying CVar settings loaded from the selected device profile: [Windows]
[2020.08.08-17.42.27:943][  0]LogHAL: Display: Platform has ~ 24 GB [25712603136 / 34359738368 / 24], which maps to Larger [LargestMinGB=32, LargerMinGB=12, DefaultMinGB=8, SmallerMinGB=6, SmallestMinGB=0)
[2020.08.08-17.42.27:943][  0]LogInit: Going up to parent DeviceProfile []
[2020.08.08-17.42.27:943][  0]LogConfig: Applying CVar settings from Section [ViewDistanceQuality@3] File [D:/Document/Unreal Projects/PW5/Saved/Config/Windows/Scalability.ini]
[2020.08.08-17.42.27:943][  0]LogConfig: Setting CVar [[r.SkeletalMeshLODBias:0]]
[2020.08.08-17.42.27:943][  0]LogConfig: Setting CVar [[r.ViewDistanceScale:1.0]]
[2020.08.08-17.42.27:943][  0]LogConfig: Applying CVar settings from Section [AntiAliasingQuality@3] File [D:/Document/Unreal Projects/PW5/Saved/Config/Windows/Scalability.ini]
[2020.08.08-17.42.27:943][  0]LogConfig: Setting CVar [[r.PostProcessAAQuality:4]]
[2020.08.08-17.42.27:943][  0]LogConfig: Applying CVar settings from Section [ShadowQuality@3] File [D:/Document/Unreal Projects/PW5/Saved/Config/Windows/Scalability.ini]
[2020.08.08-17.42.27:943][  0]LogConfig: Setting CVar [[r.LightFunctionQuality:1]]
[2020.08.08-17.42.27:943][  0]LogConfig: Setting CVar [[r.ShadowQuality:5]]
[2020.08.08-17.42.27:943][  0]LogConfig: Setting CVar [[r.Shadow.CSM.MaxCascades:10]]
[2020.08.08-17.42.27:943][  0]LogConfig: Setting CVar [[r.Shadow.MaxResolution:2048]]
[2020.08.08-17.42.27:943][  0]LogConfig: Setting CVar [[r.Shadow.MaxCSMResolution:2048]]
[2020.08.08-17.42.27:943][  0]LogConfig: Setting CVar [[r.Shadow.RadiusThreshold:0.01]]
[2020.08.08-17.42.27:943][  0]LogConfig: Setting CVar [[r.Shadow.DistanceScale:1.0]]
[2020.08.08-17.42.27:943][  0]LogConfig: Setting CVar [[r.Shadow.CSM.TransitionScale:1.0]]
[2020.08.08-17.42.27:943][  0]LogConfig: Setting CVar [[r.Shadow.PreShadowResolutionFactor:1.0]]
[2020.08.08-17.42.27:943][  0]LogConfig: Setting CVar [[r.DistanceFieldShadowing:1]]
[2020.08.08-17.42.27:943][  0]LogConfig: Setting CVar [[r.DistanceFieldAO:1]]
[2020.08.08-17.42.27:943][  0]LogConfig: Setting CVar [[r.AOQuality:2]]
[2020.08.08-17.42.27:943][  0]LogConfig: Setting CVar [[r.VolumetricFog:1]]
[2020.08.08-17.42.27:943][  0]LogConfig: Setting CVar [[r.VolumetricFog.GridPixelSize:8]]
[2020.08.08-17.42.27:943][  0]LogConfig: Setting CVar [[r.VolumetricFog.GridSizeZ:128]]
[2020.08.08-17.42.27:943][  0]LogConfig: Setting CVar [[r.VolumetricFog.HistoryMissSupersampleCount:4]]
[2020.08.08-17.42.27:943][  0]LogConfig: Setting CVar [[r.LightMaxDrawDistanceScale:1]]
[2020.08.08-17.42.27:943][  0]LogConfig: Setting CVar [[r.CapsuleShadows:1]]
[2020.08.08-17.42.27:943][  0]LogConfig: Applying CVar settings from Section [PostProcessQuality@3] File [D:/Document/Unreal Projects/PW5/Saved/Config/Windows/Scalability.ini]
[2020.08.08-17.42.27:943][  0]LogConfig: Setting CVar [[r.MotionBlurQuality:4]]
[2020.08.08-17.42.27:943][  0]LogConfig: Setting CVar [[r.AmbientOcclusionMipLevelFactor:0.4]]
[2020.08.08-17.42.27:943][  0]LogConfig: Setting CVar [[r.AmbientOcclusionMaxQuality:100]]
[2020.08.08-17.42.27:943][  0]LogConfig: Setting CVar [[r.AmbientOcclusionLevels:-1]]
[2020.08.08-17.42.27:943][  0]LogConfig: Setting CVar [[r.AmbientOcclusionRadiusScale:1.0]]
[2020.08.08-17.42.27:943][  0]LogConfig: Setting CVar [[r.DepthOfFieldQuality:2]]
[2020.08.08-17.42.27:943][  0]LogConfig: Setting CVar [[r.RenderTargetPoolMin:400]]
[2020.08.08-17.42.27:943][  0]LogConfig: Setting CVar [[r.LensFlareQuality:2]]
[2020.08.08-17.42.27:943][  0]LogConfig: Setting CVar [[r.SceneColorFringeQuality:1]]
[2020.08.08-17.42.27:943][  0]LogConfig: Setting CVar [[r.EyeAdaptationQuality:2]]
[2020.08.08-17.42.27:943][  0]LogConfig: Setting CVar [[r.BloomQuality:5]]
[2020.08.08-17.42.27:943][  0]LogConfig: Setting CVar [[r.FastBlurThreshold:100]]
[2020.08.08-17.42.27:943][  0]LogConfig: Setting CVar [[r.Upscale.Quality:3]]
[2020.08.08-17.42.27:943][  0]LogConfig: Setting CVar [[r.Tonemapper.GrainQuantization:1]]
[2020.08.08-17.42.27:943][  0]LogConfig: Setting CVar [[r.LightShaftQuality:1]]
[2020.08.08-17.42.27:943][  0]LogConfig: Setting CVar [[r.Filter.SizeScale:1]]
[2020.08.08-17.42.27:943][  0]LogConfig: Setting CVar [[r.Tonemapper.Quality:5]]
[2020.08.08-17.42.27:943][  0]LogConfig: Setting CVar [[r.DOF.Gather.AccumulatorQuality:1        ; higher gathering accumulator quality]]
[2020.08.08-17.42.27:944][  0]LogConfig: Setting CVar [[r.DOF.Gather.PostfilterMethod:1          ; Median3x3 postfilering method]]
[2020.08.08-17.42.27:944][  0]LogConfig: Setting CVar [[r.DOF.Gather.EnableBokehSettings:0       ; no bokeh simulation when gathering]]
[2020.08.08-17.42.27:944][  0]LogConfig: Setting CVar [[r.DOF.Gather.RingCount:4                 ; medium number of samples when gathering]]
[2020.08.08-17.42.27:944][  0]LogConfig: Setting CVar [[r.DOF.Scatter.ForegroundCompositing:1    ; additive foreground scattering]]
[2020.08.08-17.42.27:944][  0]LogConfig: Setting CVar [[r.DOF.Scatter.BackgroundCompositing:2    ; additive background scattering]]
[2020.08.08-17.42.27:944][  0]LogConfig: Setting CVar [[r.DOF.Scatter.EnableBokehSettings:1      ; bokeh simulation when scattering]]
[2020.08.08-17.42.27:944][  0]LogConfig: Setting CVar [[r.DOF.Scatter.MaxSpriteRatio:0.1         ; only a maximum of 10% of scattered bokeh]]
[2020.08.08-17.42.27:944][  0]LogConfig: Setting CVar [[r.DOF.Recombine.Quality:1                ; cheap slight out of focus]]
[2020.08.08-17.42.27:944][  0]LogConfig: Setting CVar [[r.DOF.Recombine.EnableBokehSettings:0    ; no bokeh simulation on slight out of focus]]
[2020.08.08-17.42.27:944][  0]LogConfig: Setting CVar [[r.DOF.TemporalAAQuality:1                ; more stable temporal accumulation]]
[2020.08.08-17.42.27:944][  0]LogConfig: Setting CVar [[r.DOF.Kernel.MaxForegroundRadius:0.025]]
[2020.08.08-17.42.27:944][  0]LogConfig: Setting CVar [[r.DOF.Kernel.MaxBackgroundRadius:0.025]]
[2020.08.08-17.42.27:944][  0]LogConfig: Applying CVar settings from Section [TextureQuality@3] File [D:/Document/Unreal Projects/PW5/Saved/Config/Windows/Scalability.ini]
[2020.08.08-17.42.27:944][  0]LogConfig: Setting CVar [[r.Streaming.MipBias:0]]
[2020.08.08-17.42.27:944][  0]LogConfig: Setting CVar [[r.Streaming.AmortizeCPUToGPUCopy:0]]
[2020.08.08-17.42.27:944][  0]LogConfig: Setting CVar [[r.Streaming.MaxNumTexturesToStreamPerFrame:0]]
[2020.08.08-17.42.27:944][  0]LogConfig: Setting CVar [[r.Streaming.Boost:1]]
[2020.08.08-17.42.27:944][  0]LogConfig: Setting CVar [[r.MaxAnisotropy:8]]
[2020.08.08-17.42.27:944][  0]LogConfig: Setting CVar [[r.VT.MaxAnisotropy:8]]
[2020.08.08-17.42.27:944][  0]LogConfig: Setting CVar [[r.Streaming.LimitPoolSizeToVRAM:0]]
[2020.08.08-17.42.27:944][  0]LogConfig: Setting CVar [[r.Streaming.PoolSize:1000]]
[2020.08.08-17.42.27:944][  0]LogConfig: Setting CVar [[r.Streaming.MaxEffectiveScreenSize:0]]
[2020.08.08-17.42.27:944][  0]LogConfig: Applying CVar settings from Section [EffectsQuality@3] File [D:/Document/Unreal Projects/PW5/Saved/Config/Windows/Scalability.ini]
[2020.08.08-17.42.27:944][  0]LogConfig: Setting CVar [[r.TranslucencyLightingVolumeDim:64]]
[2020.08.08-17.42.27:944][  0]LogConfig: Setting CVar [[r.RefractionQuality:2]]
[2020.08.08-17.42.27:944][  0]LogConfig: Setting CVar [[r.SSR.Quality:3]]
[2020.08.08-17.42.27:944][  0]LogConfig: Setting CVar [[r.SSR.HalfResSceneColor:0]]
[2020.08.08-17.42.27:944][  0]LogConfig: Setting CVar [[r.SceneColorFormat:4]]
[2020.08.08-17.42.27:944][  0]LogConfig: Setting CVar [[r.DetailMode:2]]
[2020.08.08-17.42.27:944][  0]LogConfig: Setting CVar [[r.TranslucencyVolumeBlur:1]]
[2020.08.08-17.42.27:944][  0]LogConfig: Setting CVar [[r.MaterialQualityLevel:1 ; High quality]]
[2020.08.08-17.42.27:944][  0]LogConfig: Setting CVar [[r.SSS.Scale:1]]
[2020.08.08-17.42.27:944][  0]LogConfig: Setting CVar [[r.SSS.SampleSet:2]]
[2020.08.08-17.42.27:944][  0]LogConfig: Setting CVar [[r.SSS.Quality:1]]
[2020.08.08-17.42.27:944][  0]LogConfig: Setting CVar [[r.SSS.HalfRes:0]]
[2020.08.08-17.42.27:944][  0]LogConfig: Setting CVar [[r.SSGI.Quality:3]]
[2020.08.08-17.42.27:944][  0]LogConfig: Setting CVar [[r.EmitterSpawnRateScale:1.0]]
[2020.08.08-17.42.27:944][  0]LogConfig: Setting CVar [[r.ParticleLightQuality:2]]
[2020.08.08-17.42.27:944][  0]LogConfig: Setting CVar [[r.SkyAtmosphere.AerialPerspectiveLUT.FastApplyOnOpaque:1 ; Always have FastSkyLUT 1 in this case to avoid wrong sky]]
[2020.08.08-17.42.27:944][  0]LogConfig: Setting CVar [[r.SkyAtmosphere.AerialPerspectiveLUT.SampleCountPerSlice:1]]
[2020.08.08-17.42.27:944][  0]LogConfig: Setting CVar [[r.SkyAtmosphere.AerialPerspectiveLUT.DepthResolution:16.0]]
[2020.08.08-17.42.27:944][  0]LogConfig: Setting CVar [[r.SkyAtmosphere.FastSkyLUT:1]]
[2020.08.08-17.42.27:944][  0]LogConfig: Setting CVar [[r.SkyAtmosphere.FastSkyLUT.SampleCountMin:4.0]]
[2020.08.08-17.42.27:944][  0]LogConfig: Setting CVar [[r.SkyAtmosphere.FastSkyLUT.SampleCountMax:32.0]]
[2020.08.08-17.42.27:944][  0]LogConfig: Setting CVar [[r.SkyAtmosphere.SampleCountMin:4.0]]
[2020.08.08-17.42.27:944][  0]LogConfig: Setting CVar [[r.SkyAtmosphere.SampleCountMax:32.0]]
[2020.08.08-17.42.27:944][  0]LogConfig: Setting CVar [[r.SkyAtmosphere.TransmittanceLUT.UseSmallFormat:0]]
[2020.08.08-17.42.27:944][  0]LogConfig: Setting CVar [[r.SkyAtmosphere.TransmittanceLUT.SampleCount:10.0]]
[2020.08.08-17.42.27:944][  0]LogConfig: Setting CVar [[r.SkyAtmosphere.MultiScatteringLUT.SampleCount:15.0]]
[2020.08.08-17.42.27:944][  0]LogConfig: Applying CVar settings from Section [FoliageQuality@3] File [D:/Document/Unreal Projects/PW5/Saved/Config/Windows/Scalability.ini]
[2020.08.08-17.42.27:944][  0]LogConfig: Setting CVar [[foliage.DensityScale:1.0]]
[2020.08.08-17.42.27:944][  0]LogConfig: Setting CVar [[grass.DensityScale:1.0]]
[2020.08.08-17.42.27:944][  0]LogConfig: Applying CVar settings from Section [ShadingQuality@3] File [D:/Document/Unreal Projects/PW5/Saved/Config/Windows/Scalability.ini]
[2020.08.08-17.42.27:944][  0]LogConfig: Setting CVar [[r.HairStrands.SkyLighting.SampleCount:16]]
[2020.08.08-17.42.27:944][  0]LogConfig: Setting CVar [[r.HairStrands.SkyLighting.JitterIntegration:0]]
[2020.08.08-17.42.27:944][  0]LogConfig: Setting CVar [[r.HairStrands.SkyAO.SampleCount:16]]
[2020.08.08-17.42.27:944][  0]LogConfig: Setting CVar [[r.HairStrands.DeepShadow.SuperSampling:0]]
[2020.08.08-17.42.27:944][  0]LogConfig: Setting CVar [[r.HairStrands.VisibilityPPLL:0]]
[2020.08.08-17.42.27:944][  0]LogConfig: Setting CVar [[r.HairStrands.RasterizationScale:0.5]]
[2020.08.08-17.42.27:944][  0]LogConfig: Setting CVar [[r.HairStrands.VelocityRasterizationScale:1]]
[2020.08.08-17.42.27:944][  0]LogConfig: Applying CVar settings from Section [Startup] File [../../../Engine/Config/ConsoleVariables.ini]
[2020.08.08-17.42.27:950][  0]LogConfig: Setting CVar [[net.UseAdaptiveNetUpdateFrequency:0]]
[2020.08.08-17.42.27:950][  0]LogConfig: Setting CVar [[p.chaos.AllowCreatePhysxBodies:1]]
[2020.08.08-17.42.27:950][  0]LogConfig: Setting CVar [[fx.SkipVectorVMBackendOptimizations:1]]
[2020.08.08-17.42.27:950][  0]LogConfig: Applying CVar settings from Section [ConsoleVariables] File [D:/Document/Unreal Projects/PW5/Saved/Config/Windows/Engine.ini]
[2020.08.08-17.42.27:950][  0]LogInit: Computer: KAMATA
[2020.08.08-17.42.27:950][  0]LogInit: User: User01
[2020.08.08-17.42.27:950][  0]LogInit: CPU Page size=4096, Cores=4
[2020.08.08-17.42.27:950][  0]LogInit: High frequency timer resolution =10.000000 MHz
[2020.08.08-17.42.27:950][  0]LogMemory: Memory total: Physical=23.9GB (24GB approx)
[2020.08.08-17.42.27:950][  0]LogMemory: Platform Memory Stats for Windows
[2020.08.08-17.42.27:950][  0]LogMemory: Process Physical Memory: 115.16 MB used, 115.16 MB peak
[2020.08.08-17.42.27:950][  0]LogMemory: Process Virtual Memory: 110.30 MB used, 110.30 MB peak
[2020.08.08-17.42.27:950][  0]LogMemory: Physical Memory: 7166.21 MB used,  17355.24 MB free, 24521.45 MB total
[2020.08.08-17.42.27:950][  0]LogMemory: Virtual Memory: 5157.42 MB used,  134212568.00 MB free, 134217728.00 MB total
[2020.08.08-17.42.27:957][  0]LogWindows: WindowsPlatformFeatures enabled
[2020.08.08-17.42.28:236][  0]LogInit: Physics initialised using underlying interface: PhysX
[2020.08.08-17.42.28:237][  0]LogInit: Overriding language with editor language configuration option (en).
[2020.08.08-17.42.28:237][  0]LogInit: Overriding locale with editor culture configuration option ().
[2020.08.08-17.42.28:237][  0]LogInit: Using OS detected locale (ja-JP).
[2020.08.08-17.42.28:470][  0]LogInit: Setting process to per monitor DPI aware
[2020.08.08-17.42.28:606][  0]LogSlate: New Slate User Created.  User Index 0, Is Virtual User: 0
[2020.08.08-17.42.28:606][  0]LogSlate: Slate User Registered.  User Index 0, Is Virtual User: 0
[2020.08.08-17.42.31:518][  0]LogHMD: Failed to initialize OpenVR with code 110
[2020.08.08-17.42.31:518][  0]LogD3D11RHI: D3D11 min allowed feature level: 11_0
[2020.08.08-17.42.31:518][  0]LogD3D11RHI: D3D11 max allowed feature level: 11_0
[2020.08.08-17.42.31:518][  0]LogD3D11RHI: D3D11 adapters:
[2020.08.08-17.42.31:609][  0]LogD3D11RHI:    0. 'NVIDIA GeForce GTX 1060 6GB' (Feature Level 11_0)
[2020.08.08-17.42.31:610][  0]LogD3D11RHI:       6052/0/12260 MB DedicatedVideo/DedicatedSystem/SharedSystem, Outputs:3, VendorId:0x10de
[2020.08.08-17.42.31:612][  0]LogD3D11RHI:    1. 'Microsoft Basic Render Driver' (Feature Level 11_0)
[2020.08.08-17.42.31:612][  0]LogD3D11RHI:       0/0/12260 MB DedicatedVideo/DedicatedSystem/SharedSystem, Outputs:0, VendorId:0x1414
[2020.08.08-17.42.31:612][  0]LogD3D11RHI: Chosen D3D11 Adapter: 0
[2020.08.08-17.42.31:620][  0]LogD3D11RHI: Creating new Direct3DDevice
[2020.08.08-17.42.31:620][  0]LogD3D11RHI:     GPU DeviceId: 0x1c03 (for the marketing name, search the web for "GPU Device Id")
[2020.08.08-17.42.31:620][  0]LogWindows: EnumDisplayDevices:
[2020.08.08-17.42.31:620][  0]LogWindows:    0. 'NVIDIA GeForce GTX 1060 6GB' (P:1 D:1)
[2020.08.08-17.42.31:621][  0]LogWindows:    1. 'NVIDIA GeForce GTX 1060 6GB' (P:0 D:1)
[2020.08.08-17.42.31:621][  0]LogWindows:    2. 'NVIDIA GeForce GTX 1060 6GB' (P:0 D:1)
[2020.08.08-17.42.31:621][  0]LogWindows:    3. 'NVIDIA GeForce GTX 1060 6GB' (P:0 D:0)
[2020.08.08-17.42.31:621][  0]LogWindows: DebugString: FoundDriverCount:4 
[2020.08.08-17.42.31:621][  0]LogD3D11RHI:     Adapter Name: NVIDIA GeForce GTX 1060 6GB
[2020.08.08-17.42.31:621][  0]LogD3D11RHI:   Driver Version: 451.67 (internal:27.21.14.5167, unified:451.67)
[2020.08.08-17.42.31:621][  0]LogD3D11RHI:      Driver Date: 7-5-2020
[2020.08.08-17.42.31:621][  0]LogRHI: Texture pool is 4236 MB (70% of 6052 MB)
[2020.08.08-17.42.31:664][  0]LogD3D11RHI: RHI has support for 64 bit atomics
[2020.08.08-17.42.31:666][  0]LogD3D11RHI: [Aftermath] Enabled and primed
[2020.08.08-17.42.31:666][  0]LogD3D11RHI: Async texture creation enabled
[2020.08.08-17.42.31:666][  0]LogD3D11RHI: Array index from any shader is supported
[2020.08.08-17.42.31:685][  0]LogD3D11RHI: GPU Timing Frequency: 1000.000000 (Debug: 2 1)
[2020.08.08-17.42.32:245][  0]LogTargetPlatformManager: Display: Loaded TargetPlatform 'AllDesktop'
[2020.08.08-17.42.32:287][  0]LogTargetPlatformManager: Display: Loaded TargetPlatform 'Android'
[2020.08.08-17.42.32:287][  0]LogTargetPlatformManager: Display: Loaded TargetPlatform 'Android_ASTC'
[2020.08.08-17.42.32:287][  0]LogTargetPlatformManager: Display: Loaded TargetPlatform 'Android_DXT'
[2020.08.08-17.42.32:287][  0]LogTargetPlatformManager: Display: Loaded TargetPlatform 'Android_ETC2'
[2020.08.08-17.42.32:287][  0]LogTargetPlatformManager: Display: Loaded TargetPlatform 'AndroidClient'
[2020.08.08-17.42.32:287][  0]LogTargetPlatformManager: Display: Loaded TargetPlatform 'Android_ASTCClient'
[2020.08.08-17.42.32:287][  0]LogTargetPlatformManager: Display: Loaded TargetPlatform 'Android_DXTClient'
[2020.08.08-17.42.32:287][  0]LogTargetPlatformManager: Display: Loaded TargetPlatform 'Android_ETC2Client'
[2020.08.08-17.42.32:287][  0]LogTargetPlatformManager: Display: Loaded TargetPlatform 'Android_Multi'
[2020.08.08-17.42.32:287][  0]LogTargetPlatformManager: Display: Loaded TargetPlatform 'Android_MultiClient'
[2020.08.08-17.42.32:366][  0]LogTargetPlatformManager: Display: Loaded TargetPlatform 'IOSClient'
[2020.08.08-17.42.32:366][  0]LogTargetPlatformManager: Display: Loaded TargetPlatform 'IOS'
[2020.08.08-17.42.32:399][  0]LogTargetPlatformManager: Display: Loaded TargetPlatform 'Linux'
[2020.08.08-17.42.32:424][  0]LogTargetPlatformManager: Display: Loaded TargetPlatform 'LinuxNoEditor'
[2020.08.08-17.42.32:448][  0]LogTargetPlatformManager: Display: Loaded TargetPlatform 'LinuxClient'
[2020.08.08-17.42.32:475][  0]LogTargetPlatformManager: Display: Loaded TargetPlatform 'LinuxServer'
[2020.08.08-17.42.32:500][  0]LogTargetPlatformManager: Display: Loaded TargetPlatform 'LinuxAArch64NoEditor'
[2020.08.08-17.42.32:524][  0]LogTargetPlatformManager: Display: Loaded TargetPlatform 'LinuxAArch64Client'
[2020.08.08-17.42.32:549][  0]LogTargetPlatformManager: Display: Loaded TargetPlatform 'LinuxAArch64Server'
[2020.08.08-17.42.32:596][  0]LogTargetPlatformManager: Display: Loaded TargetPlatform 'Lumin'
[2020.08.08-17.42.32:596][  0]LogTargetPlatformManager: Display: Loaded TargetPlatform 'LuminClient'
[2020.08.08-17.42.32:630][  0]LogTargetPlatformManager: Display: Loaded TargetPlatform 'TVOSClient'
[2020.08.08-17.42.32:630][  0]LogTargetPlatformManager: Display: Loaded TargetPlatform 'TVOS'
[2020.08.08-17.42.32:656][  0]LogTargetPlatformManager: Display: Loaded TargetPlatform 'WindowsNoEditor'
[2020.08.08-17.42.32:684][  0]LogTargetPlatformManager: Display: Loaded TargetPlatform 'Windows'
[2020.08.08-17.42.32:709][  0]LogTargetPlatformManager: Display: Loaded TargetPlatform 'WindowsClient'
[2020.08.08-17.42.32:735][  0]LogTargetPlatformManager: Display: Loaded TargetPlatform 'WindowsServer'
[2020.08.08-17.42.32:735][  0]LogTargetPlatformManager: Display: Building Assets For Windows
[2020.08.08-17.42.32:809][  0]LogAudioDebug: Display: Lib vorbis DLL was dynamically loaded.
[2020.08.08-17.42.33:181][  0]LogShaderCompilers: Guid format shader working directory is 16 characters bigger than the processId version (D:/Document/Unreal Projects/PW5/Intermediate/Shaders/WorkingDirectory/3052/).
[2020.08.08-17.42.33:181][  0]LogShaderCompilers: Cleaned the shader compiler working directory 'C:/Users/User01/AppData/Local/Temp/UnrealShaderWorkingDir/0AC1C8024BA2168A7B6C7ABBB8DC60EE/'.
[2020.08.08-17.42.33:181][  0]LogXGEController: Cleaning working directory: C:/Users/User01/AppData/Local/Temp/UnrealXGEWorkingDir/
[2020.08.08-17.42.33:182][  0]LogXGEController: Cannot use XGE Controller as Incredibuild is not installed on this machine.
[2020.08.08-17.42.33:182][  0]LogShaderCompilers: Cannot use XGE Shader Compiler as Incredibuild is not installed on this machine.
[2020.08.08-17.42.33:182][  0]LogShaderCompilers: Display: Using Local Shader Compiler.
[2020.08.08-17.42.36:359][  0]LogDerivedDataCache: Display: Max Cache Size: 512 MB
[2020.08.08-17.42.36:416][  0]LogDerivedDataCache: Loaded boot cache 0.06s 75MB C:/Users/User01/AppData/Local/UnrealEngine/4.25/DerivedDataCache/Boot.ddc.
[2020.08.08-17.42.36:416][  0]LogDerivedDataCache: Display: Loaded Boot cache: C:/Users/User01/AppData/Local/UnrealEngine/4.25/DerivedDataCache/Boot.ddc
[2020.08.08-17.42.36:416][  0]LogDerivedDataCache: FDerivedDataBackendGraph:  Pak pak cache file D:/Document/Unreal Projects/PW5/DerivedDataCache/DDC.ddp not found, will not use a pak cache.
[2020.08.08-17.42.36:416][  0]LogDerivedDataCache: Unable to find inner node Pak for hierarchical cache Hierarchy.
[2020.08.08-17.42.36:416][  0]LogDerivedDataCache: FDerivedDataBackendGraph:  CompressedPak pak cache file D:/Document/Unreal Projects/PW5/DerivedDataCache/Compressed.ddp not found, will not use a pak cache.
[2020.08.08-17.42.36:417][  0]LogDerivedDataCache: Unable to find inner node CompressedPak for hierarchical cache Hierarchy.
[2020.08.08-17.42.36:440][  0]LogDerivedDataCache: Display: Pak cache opened for reading ../../../Engine/DerivedDataCache/Compressed.ddp.
[2020.08.08-17.42.36:440][  0]LogDerivedDataCache: FDerivedDataBackendGraph:  EnterprisePak pak cache file ../../../Enterprise/DerivedDataCache/Compressed.ddp not found, will not use a pak cache.
[2020.08.08-17.42.36:440][  0]LogDerivedDataCache: Unable to find inner node EnterprisePak for hierarchical cache Hierarchy.
[2020.08.08-17.42.36:441][  0]LogDerivedDataCache: Using Local data cache path C:/Users/User01/AppData/Local/UnrealEngine/Common/DerivedDataCache: Writable
[2020.08.08-17.42.36:441][  0]LogDerivedDataCache: Shared data cache path not found in *engine.ini, will not use an Shared cache.
[2020.08.08-17.42.36:441][  0]LogDerivedDataCache: Unable to find inner node Shared for hierarchical cache Hierarchy.
[2020.08.08-17.42.36:503][  0]LogSlate: Using FreeType 2.10.0
[2020.08.08-17.42.36:515][  0]LogSlate: SlateFontServices - WITH_FREETYPE: 1, WITH_HARFBUZZ: 1
[2020.08.08-17.42.36:586][  0]LogAssetRegistry: FAssetRegistry took 0.0024 seconds to start up
[2020.08.08-17.42.36:831][  0]LogInit: Selected Device Profile: [Windows]
[2020.08.08-17.42.37:283][  0]LogMeshReduction: Using QuadricMeshReduction for automatic static mesh reduction
[2020.08.08-17.42.37:283][  0]LogMeshReduction: Using SimplygonMeshReduction for automatic skeletal mesh reduction
[2020.08.08-17.42.37:283][  0]LogMeshReduction: Using ProxyLODMeshReduction for automatic mesh merging
[2020.08.08-17.42.37:283][  0]LogMeshReduction: No distributed automatic mesh merging module available
[2020.08.08-17.42.37:283][  0]LogMeshMerging: No distributed automatic mesh merging module available
[2020.08.08-17.42.37:356][  0]LogNetVersion: PW5 1.0.0, NetCL: 13144385, EngineNetVer: 14, GameNetVer: 0 (Checksum: 377290373)
[2020.08.08-17.42.38:836][  0]LogAISub: UAISubsystem::UAISubsystem AISubsystem (0000021B35A89800), frame # 0
[2020.08.08-17.42.38:836][  0]LogAISub: UAISubsystem::UAISubsystem AIPerceptionSystem (0000021B359A4540), frame # 0
[2020.08.08-17.42.38:837][  0]LogAISub: UAISubsystem::UAISubsystem EnvQueryManager (0000021B35AC2800), frame # 0
[2020.08.08-17.42.38:919][  0]LogPackageLocalizationCache: Processed 19 localized package path(s) for 1 prioritized culture(s) in 0.064542 seconds
[2020.08.08-17.42.38:924][  0]LogUObjectArray: 15917 objects as part of root set at end of initial load.
[2020.08.08-17.42.38:925][  0]LogUObjectAllocator: 3965568 out of 0 bytes used by permanent object pool.
[2020.08.08-17.42.38:925][  0]LogUObjectArray: CloseDisregardForGC: 0/0 objects in disregard for GC pool
[2020.08.08-17.42.40:854][  0]LogTcpMessaging: Initializing TcpMessaging bridge
[2020.08.08-17.42.40:885][  0]LogUdpMessaging: Initializing bridge on interface 0.0.0.0:0 to multicast group 230.0.0.1:6666.
[2020.08.08-17.42.41:348][  0]SourceControl: Source control is disabled
[2020.08.08-17.42.41:348][  0]SourceControl: Source control is disabled
[2020.08.08-17.42.41:374][  0]SourceControl: Source control is disabled
[2020.08.08-17.42.41:395][  0]SourceControl: Source control is disabled
[2020.08.08-17.42.41:439][  0]SourceControl: Source control is disabled
[2020.08.08-17.42.42:879][  0]LogAndroidPermission: UAndroidPermissionCallbackProxy::GetInstance
[2020.08.08-17.42.43:013][  0]LogAudioCaptureCore: Display: No Audio Capture implementations found. Audio input will be silent.
[2020.08.08-17.42.43:013][  0]LogAudioCaptureCore: Display: No Audio Capture implementations found. Audio input will be silent.
[2020.08.08-17.42.43:249][  0]LogOcInput: OculusInput pre-init called
[2020.08.08-17.42.43:297][  0]LogWindows: Failed to load 'OVRPlugin.dll' (GetLastError=126)
[2020.08.08-17.42.43:297][  0]LogWindows: File 'OVRPlugin.dll' does not exist
[2020.08.08-17.42.43:509][  0]LogEngine: Initializing Engine...
[2020.08.08-17.42.43:510][  0]LogHMD: Failed to initialize OpenVR with code 110
[2020.08.08-17.42.43:510][  0]LogMagicLeap: Warning: VR disabled because ZI is not enabled.  To enable, in the editor, Edit -> Project Settings -> Plugins -> Magic Leap Plugin -> Enable Zero Iteration
[2020.08.08-17.42.43:511][  0]LogStats: UGameplayTagsManager::InitializeManager -  0.000 s
[2020.08.08-17.42.43:904][  0]LogInit: Initializing FReadOnlyCVARCache
[2020.08.08-17.42.43:937][  0]LogAIModule: Creating AISystem for world Untitled
[2020.08.08-17.42.43:937][  0]LogAISub: UAISubsystem::UAISubsystem EnvQueryManager (0000021B397DDC00), frame # 0
[2020.08.08-17.42.43:937][  0]LogAISub: UAISubsystem::UAISubsystem AIPerceptionSystem (0000021B39829580), frame # 0
[2020.08.08-17.42.43:958][  0]LogAudioMixer: Display: Audio Mixer Platform Settings:
[2020.08.08-17.42.43:958][  0]LogAudioMixer: Display: 	Sample Rate:						  48000
[2020.08.08-17.42.43:958][  0]LogAudioMixer: Display: 	Callback Buffer Frame Size Requested: 1024
[2020.08.08-17.42.43:958][  0]LogAudioMixer: Display: 	Callback Buffer Frame Size To Use:	  1024
[2020.08.08-17.42.43:958][  0]LogAudioMixer: Display: 	Number of buffers to queue:			  2
[2020.08.08-17.42.43:958][  0]LogAudioMixer: Display: 	Max Channels (voices):				  32
[2020.08.08-17.42.43:958][  0]LogAudioMixer: Display: 	Number of Async Source Workers:		  0
[2020.08.08-17.42.43:958][  0]LogAudio: Display: AudioDevice MaxSources: 32
[2020.08.08-17.42.43:958][  0]LogAudio: Display: Using built-in audio occlusion.
[2020.08.08-17.42.43:958][  0]LogAudioMixer: Display: Initializing audio mixer.
[2020.08.08-17.42.44:001][  0]LogAudioMixer: Display: 0: FrontLeft
[2020.08.08-17.42.44:001][  0]LogAudioMixer: Display: 1: FrontRight
[2020.08.08-17.42.44:037][  0]LogAudioMixer: Display: Using Audio Device ライン (Steinberg UR22)
[2020.08.08-17.42.44:038][  0]LogAudioMixer: Display: Initializing Sound Submixes...
[2020.08.08-17.42.44:064][  0]LogAudioMixer: Display: Creating Master Submix 'MasterSubmixDefault'
[2020.08.08-17.42.44:064][  0]LogAudioMixer: Display: Creating Master Submix 'MasterReverbSubmixDefault'
[2020.08.08-17.42.44:065][  0]LogAudioMixer: Display: Creating Master Submix 'MasterEQSubmixDefault'
[2020.08.08-17.42.44:066][  0]LogInit: FAudioDevice initialized.
[2020.08.08-17.42.44:067][  0]LogNetVersion: Set ProjectVersion to 1.0.0.0. Version Checksum will be recalculated on next use.
[2020.08.08-17.42.44:202][  0]LogDerivedDataCache: Saved boot cache 0.13s 75MB C:/Users/User01/AppData/Local/UnrealEngine/4.25/DerivedDataCache/Boot.ddc.
[2020.08.08-17.42.44:211][  0]LogInit: Texture streaming: Enabled
[2020.08.08-17.42.44:303][  0]LogEngineSessionManager: EngineSessionManager initialized
[2020.08.08-17.42.44:303][  0]LogEditorSessionSummary: Verbose: Initializing EditorSessionSummaryWriter for editor session tracking
[2020.08.08-17.42.44:306][  0]LogEditorSessionSummary: EditorSessionSummaryWriter initialized
[2020.08.08-17.42.44:422][  0]LogInit: Transaction tracking system initialized
[2020.08.08-17.42.44:565][  0]BlueprintLog: New page: Editor Load
[2020.08.08-17.42.45:006][  0]LocalizationService: Localization service is disabled
[2020.08.08-17.42.45:808][  0]LogCook: Display: Max memory allowance for cook 16384mb min free memory 0mb
[2020.08.08-17.42.45:808][  0]LogCook: Display: Mobile HDR setting 1
[2020.08.08-17.42.46:190][  0]LogFileCache: Scanning file cache for directory 'D:/Document/Unreal Projects/PW5/Content/' took 0.01s
[2020.08.08-17.42.46:964][  0]SourceControl: Source control is disabled
[2020.08.08-17.42.46:964][  0]LogUnrealEdMisc: Loading editor; pre map load, took 23.552
[2020.08.08-17.42.46:964][  0]Cmd: MAP LOAD FILE="D:/Document/Unreal Projects/PW5/Content/Levels/Level_Tester.umap" TEMPLATE=0 SHOWPROGRESS=1 FEATURELEVEL=3
[2020.08.08-17.42.46:965][  0]LightingResults: New page: Lighting Build
[2020.08.08-17.42.46:965][  0]LogWorld: UWorld::CleanupWorld for Untitled, bSessionEnded=true, bCleanupResources=true
[2020.08.08-17.42.46:966][  0]LogSlate: InvalidateAllWidgets triggered.  All widgets were invalidated
[2020.08.08-17.42.46:966][  0]MapCheck: New page: Map Check
[2020.08.08-17.42.46:966][  0]LightingResults: New page: Lighting Build
[2020.08.08-17.42.46:974][  0]LogAISub: UAISubsystem::~UAISubsystem EnvQueryManager (0000021B397DDC00), frame # 0
[2020.08.08-17.42.46:974][  0]LogAISub: UAISubsystem::~UAISubsystem AIPerceptionSystem (0000021B39829580), frame # 0
[2020.08.08-17.42.46:975][  0]LogUObjectHash: Compacting FUObjectHashTables data took   0.66ms
[2020.08.08-17.42.47:325][  0]LogAIModule: Creating AISystem for world Level_Tester
[2020.08.08-17.42.47:325][  0]LogAISub: UAISubsystem::UAISubsystem EnvQueryManager (0000021B29CEA600), frame # 0
[2020.08.08-17.42.47:325][  0]LogAISub: UAISubsystem::UAISubsystem AIPerceptionSystem (0000021B329E9080), frame # 0
[2020.08.08-17.42.47:351][  0]LogEditorServer: Finished looking for orphan Actors (0.000 secs)
[2020.08.08-17.42.47:363][  0]LogUObjectHash: Compacting FUObjectHashTables data took   1.28ms
[2020.08.08-17.42.47:363][  0]Cmd: MAP CHECKDEP NOCLEARLOG
[2020.08.08-17.42.47:364][  0]MapCheck: Map check complete: 0 Error(s), 0 Warning(s), took 0.317ms to complete.
[2020.08.08-17.42.47:364][  0]LogFileHelpers: Loading map 'Level_Tester' took 0.399
[2020.08.08-17.42.47:366][  0]LogUnrealEdMisc: Total Editor Startup Time, took 23.953
[2020.08.08-17.42.47:569][  0]LogSlate: Updating window title bar state: overlay mode, drag disabled, window buttons hidden, title bar hidden
[2020.08.08-17.42.47:574][  0]LogSlate: Updating window title bar state: overlay mode, drag disabled, window buttons hidden, title bar hidden
[2020.08.08-17.42.47:581][  0]LogSlate: Updating window title bar state: overlay mode, drag disabled, window buttons hidden, title bar hidden
[2020.08.08-17.42.47:590][  0]LogSlate: Updating window title bar state: overlay mode, drag disabled, window buttons hidden, title bar hidden
[2020.08.08-17.42.47:620][  0]LogCollectionManager: Loaded 0 collections in 0.000964 seconds
[2020.08.08-17.42.47:638][  0]LogFileCache: Scanning file cache for directory 'D:/Document/Unreal Projects/PW5/Saved/Collections/' took 0.00s
[2020.08.08-17.42.47:638][  0]LogFileCache: Scanning file cache for directory 'D:/Document/Unreal Projects/PW5/Content/Developers/User01/Collections/' took 0.00s
[2020.08.08-17.42.47:638][  0]LogFileCache: Scanning file cache for directory 'D:/Document/Unreal Projects/PW5/Content/Collections/' took 0.00s
[2020.08.08-17.42.47:638][  0]LogContentBrowser: Native class hierarchy populated in 0.0118 seconds. Added 3429 classes and 824 folders.
[2020.08.08-17.42.47:641][  0]LogContentBrowser: Native class hierarchy updated for 'WidgetCarousel' in 0.0004 seconds. Added 0 classes and 0 folders.
[2020.08.08-17.42.48:016][  0]LogContentBrowser: Native class hierarchy updated for 'AddContentDialog' in 0.0004 seconds. Added 0 classes and 0 folders.
[2020.08.08-17.42.48:070][  0]LogSlate: Took 0.004456 seconds to synchronously load lazily loaded font '../../../Engine/Content/Slate/Fonts/Roboto-Regular.ttf' (155K)
[2020.08.08-17.42.48:077][  0]LogSlate: Took 0.004335 seconds to synchronously load lazily loaded font '../../../Engine/Content/Slate/Fonts/Roboto-Bold.ttf' (160K)
[2020.08.08-17.42.48:084][  0]LogSlate: Took 0.005017 seconds to synchronously load lazily loaded font '../../../Engine/Content/Editor/Slate/Fonts/FontAwesome.ttf' (139K)
[2020.08.08-17.42.48:205][  0]LogRenderer: Reallocating scene render targets to support 1320x492 Format 10 NumSamples 1 (Frame:1).
[2020.08.08-17.42.48:336][  0]LogContentBrowser: Native class hierarchy updated for 'HierarchicalLODOutliner' in 0.0004 seconds. Added 0 classes and 0 folders.
[2020.08.08-17.42.48:336][  0]LogLoad: (Engine Initialization) Total time: 24.92 seconds
[2020.08.08-17.42.48:336][  0]LogLoad: (Engine Initialization) Total Blueprint compile time: 0.00 seconds
[2020.08.08-17.42.48:380][  0]LogAssetRegistry: Asset discovery search completed in 11.7958 seconds
[2020.08.08-17.42.48:385][  0]LogCollectionManager: Fixed up redirectors for 0 collections in 0.000003 seconds (updated 0 objects)
[2020.08.08-17.42.48:386][  0]LogContentStreaming: Texture pool size now 1000 MB
[2020.08.08-17.42.48:418][  0]LogSlate: Took 0.005394 seconds to synchronously load lazily loaded font '../../../Engine/Content/Slate/Fonts/Roboto-Light.ttf' (167K)
[2020.08.08-17.42.49:690][  4]LogSlate: Took 0.000197 seconds to synchronously load lazily loaded font '../../../Engine/Content/Slate/Fonts/Roboto-Light.ttf' (167K)
[2020.08.08-17.48.20:542][377]LogAssetEditorSubsystem: Opening Asset editor for World /Game/Levels/Level_Tester.Level_Tester
[2020.08.08-17.48.20:550][377]LogUObjectHash: Compacting FUObjectHashTables data took   0.58ms
[2020.08.08-17.48.20:552][377]Cmd: MAP LOAD FILE="D:/Document/Unreal Projects/PW5/Content/Levels/Level_Tester.umap" TEMPLATE=0 SHOWPROGRESS=1 FEATURELEVEL=3
[2020.08.08-17.48.20:552][377]LightingResults: New page: Lighting Build
[2020.08.08-17.48.20:552][377]LoadErrors: New page: Loading map: Level_Tester.umap
[2020.08.08-17.48.20:603][377]LogWorld: UWorld::CleanupWorld for Level_Tester, bSessionEnded=true, bCleanupResources=true
[2020.08.08-17.48.20:603][377]LogSlate: InvalidateAllWidgets triggered.  All widgets were invalidated
[2020.08.08-17.48.20:604][377]MapCheck: New page: Map Check
[2020.08.08-17.48.20:604][377]LightingResults: New page: Lighting Build
[2020.08.08-17.48.20:612][377]LogAISub: UAISubsystem::~UAISubsystem EnvQueryManager (0000021B29CEA600), frame # 3377
[2020.08.08-17.48.20:612][377]LogAISub: UAISubsystem::~UAISubsystem AIPerceptionSystem (0000021B329E9080), frame # 3377
[2020.08.08-17.48.20:613][377]LogUObjectHash: Compacting FUObjectHashTables data took   0.64ms
[2020.08.08-17.48.20:626][377]LogAIModule: Creating AISystem for world Level_Tester
[2020.08.08-17.48.20:626][377]LogAISub: UAISubsystem::UAISubsystem EnvQueryManager (0000021B29CEA800), frame # 3377
[2020.08.08-17.48.20:626][377]LogAISub: UAISubsystem::UAISubsystem AIPerceptionSystem (0000021B29C6C180), frame # 3377
[2020.08.08-17.48.20:647][377]LogEditorServer: Finished looking for orphan Actors (0.000 secs)
[2020.08.08-17.48.20:659][377]LogUObjectHash: Compacting FUObjectHashTables data took   1.00ms
[2020.08.08-17.48.20:690][377]Cmd: MAP CHECKDEP NOCLEARLOG
[2020.08.08-17.48.20:690][377]MapCheck: Map check complete: 0 Error(s), 0 Warning(s), took 0.191ms to complete.
[2020.08.08-17.48.20:690][377]LogFileHelpers: Loading map 'Level_Tester' took 0.139
[2020.08.08-17.48.45:101][ 86]LogBlueprint: Warning: [Compiler Ue4ASP_Character] Input Axis Event references unknown Axis 'MoveForward' for  InputAxis MoveForward
[2020.08.08-17.48.45:101][ 86]LogBlueprint: Warning: [Compiler Ue4ASP_Character] Input Axis Event references unknown Axis 'LookUp' for  InputAxis LookUp
[2020.08.08-17.48.45:102][ 86]LogBlueprint: Warning: [Compiler Ue4ASP_Character] Input Axis Event references unknown Axis 'Turn' for  InputAxis Turn
[2020.08.08-17.48.45:344][ 86]LogAssetEditorSubsystem: Opening Asset editor for Blueprint /Game/BluePrints/PlayerCharacter.PlayerCharacter
[2020.08.08-17.48.45:814][ 86]LogContentBrowser: Native class hierarchy updated for 'BlueprintGraph' in 0.0006 seconds. Added 125 classes and 0 folders.
[2020.08.08-17.48.46:872][ 86]LogSlate: Took 0.005376 seconds to synchronously load lazily loaded font '../../../Engine/Content/Slate/Fonts/Roboto-BoldCondensed.ttf' (158K)
[2020.08.08-17.48.46:989][ 87]LogSlate: Took 0.005268 seconds to synchronously load lazily loaded font '../../../Engine/Content/Slate/Fonts/Roboto-Italic.ttf' (157K)
[2020.08.08-17.48.52:624][723]LogBlueprint: Warning: [Compiler Ladder] Could not find a variable named "AbleToUseLadder" in 'PlayerCharacter_C'.
Make sure 'PlayerCharacter_C' has been compiled for  Set AbleToUseLadder
[2020.08.08-17.48.52:624][723]LogBlueprint: Warning: [Compiler Ladder] Could not find a variable named "AbleToUseLadder" in 'PlayerCharacter_C'.
Make sure 'PlayerCharacter_C' has been compiled for  Set AbleToUseLadder
[2020.08.08-17.48.52:625][723]LogBlueprint: Warning: [Compiler Ladder] Could not find a variable named "Temp" in 'PlayerCharacter_C'.
Make sure 'PlayerCharacter_C' has been compiled for  Set Temp
[2020.08.08-17.48.52:625][723]LogBlueprint: Warning: [Compiler Ladder] Could not find a variable named "Temp" in 'PlayerCharacter_C'.
Make sure 'PlayerCharacter_C' has been compiled for  Get Temp
[2020.08.08-17.48.52:625][723]LogBlueprint: Warning: [Compiler Ladder] Could not find a variable named "AbleToUseLadder" in 'PlayerCharacter_C'.
Make sure 'PlayerCharacter_C' has been compiled for  Set AbleToUseLadder
[2020.08.08-17.48.52:625][723]LogBlueprint: Warning: [Compiler Ladder] Could not find a variable named "AbleToUseLadder" in 'PlayerCharacter_C'.
Make sure 'PlayerCharacter_C' has been compiled for  Set AbleToUseLadder
[2020.08.08-17.48.52:627][723]LogBlueprint: Error: [Compiler Ladder] The property associated with  Temp  could not be found in '/Game/BluePrints/Ladder.Ladder_C'
[2020.08.08-17.48.52:627][723]LogBlueprint: Error: [Compiler Ladder] The property associated with  Temp  could not be found in '/Game/BluePrints/Ladder.Ladder_C'
[2020.08.08-17.48.52:627][723]LogBlueprint: Error: [Compiler Ladder] The property associated with  Able to Use Ladder  could not be found in '/Game/BluePrints/Ladder.Ladder_C'
[2020.08.08-17.48.52:627][723]LogBlueprint: Error: [Compiler Ladder] The property associated with  Able to Use Ladder  could not be found in '/Game/BluePrints/Ladder.Ladder_C'
[2020.08.08-17.48.52:627][723]LogBlueprint: Error: [Compiler Ladder] The property associated with  Able to Use Ladder  could not be found in '/Game/BluePrints/Ladder.Ladder_C'
[2020.08.08-17.48.52:627][723]LogBlueprint: Error: [Compiler Ladder] The property associated with  Able to Use Ladder  could not be found in '/Game/BluePrints/Ladder.Ladder_C'
[2020.08.08-17.48.52:654][723]LogAssetEditorSubsystem: Opening Asset editor for Blueprint /Game/BluePrints/Ladder.Ladder
[2020.08.08-17.48.53:121][723]LogSlate: Took 0.007214 seconds to synchronously load lazily loaded font '../../../Engine/Content/Slate/Fonts/DroidSansMono.ttf' (77K)
[2020.08.08-17.49.30:515][ 31]Cmd: OBJ SAVEPACKAGE PACKAGE="/Game/BluePrints/PlayerCharacter" FILE="D:/Document/Unreal Projects/PW5/Content/BluePrints/PlayerCharacter.uasset" SILENT=true
[2020.08.08-17.49.30:594][ 31]LogSavePackage: Moving 'D:/Document/Unreal Projects/PW5/Saved/PlayerCharacter6C51FC1948DA2C4A9C663D8666198E42.tmp' to 'D:/Document/Unreal Projects/PW5/Content/BluePrints/PlayerCharacter.uasset'
[2020.08.08-17.49.30:614][ 31]AssetCheck: New page: Asset Save: PlayerCharacter
[2020.08.08-17.49.30:614][ 31]LogContentValidation: Display: Validating Blueprint /Game/BluePrints/PlayerCharacter.PlayerCharacter
[2020.08.08-17.49.31:085][ 82]BlueprintLog: New page: Compile PlayerCharacter
[2020.08.08-17.49.31:159][ 82]LogUObjectHash: Compacting FUObjectHashTables data took   2.92ms
[2020.08.08-17.49.41:187][241]BlueprintLog: New page: Compile Ladder
[2020.08.08-17.49.41:193][241]LogBlueprint: Warning: [Compiler Ladder] Could not find a variable named "AbleToUseLadder" in 'PlayerCharacter_C'.
Make sure 'PlayerCharacter_C' has been compiled for  Set AbleToUseLadder
[2020.08.08-17.49.41:193][241]LogBlueprint: Warning: [Compiler Ladder] Could not find a variable named "AbleToUseLadder" in 'PlayerCharacter_C'.
Make sure 'PlayerCharacter_C' has been compiled for  Set AbleToUseLadder
[2020.08.08-17.49.41:193][241]LogBlueprint: Warning: [Compiler Ladder] Could not find a variable named "Temp" in 'PlayerCharacter_C'.
Make sure 'PlayerCharacter_C' has been compiled for  Set Temp
[2020.08.08-17.49.41:194][241]LogBlueprint: Warning: [Compiler Ladder] Could not find a variable named "Temp" in 'PlayerCharacter_C'.
Make sure 'PlayerCharacter_C' has been compiled for  Get Temp
[2020.08.08-17.49.41:194][241]LogBlueprint: Warning: [Compiler Ladder] Could not find a variable named "AbleToUseLadder" in 'PlayerCharacter_C'.
Make sure 'PlayerCharacter_C' has been compiled for  Set AbleToUseLadder
[2020.08.08-17.49.41:194][241]LogBlueprint: Warning: [Compiler Ladder] Could not find a variable named "AbleToUseLadder" in 'PlayerCharacter_C'.
Make sure 'PlayerCharacter_C' has been compiled for  Set AbleToUseLadder
[2020.08.08-17.49.41:196][241]LogBlueprint: Error: [Compiler Ladder] The property associated with  Temp  could not be found in '/Game/BluePrints/Ladder.Ladder_C'
[2020.08.08-17.49.41:196][241]LogBlueprint: Error: [Compiler Ladder] The property associated with  Temp  could not be found in '/Game/BluePrints/Ladder.Ladder_C'
[2020.08.08-17.49.41:196][241]LogBlueprint: Error: [Compiler Ladder] The property associated with  Able to Use Ladder  could not be found in '/Game/BluePrints/Ladder.Ladder_C'
[2020.08.08-17.49.41:196][241]LogBlueprint: Error: [Compiler Ladder] The property associated with  Able to Use Ladder  could not be found in '/Game/BluePrints/Ladder.Ladder_C'
[2020.08.08-17.49.41:196][241]LogBlueprint: Error: [Compiler Ladder] The property associated with  Able to Use Ladder  could not be found in '/Game/BluePrints/Ladder.Ladder_C'
[2020.08.08-17.49.41:196][241]LogBlueprint: Error: [Compiler Ladder] The property associated with  Able to Use Ladder  could not be found in '/Game/BluePrints/Ladder.Ladder_C'
[2020.08.08-17.49.41:235][241]LogUObjectHash: Compacting FUObjectHashTables data took   2.25ms
[2020.08.08-17.50.06:067][ 97]BlueprintLog: New page: Compile PlayerCharacter
[2020.08.08-17.50.06:126][ 97]LogUObjectHash: Compacting FUObjectHashTables data took   2.16ms
[2020.08.08-17.50.07:711][257]BlueprintLog: New page: Compile Ladder
[2020.08.08-17.50.07:716][257]LogBlueprint: Warning: [Compiler Ladder] Could not find a variable named "AbleToUseLadder" in 'PlayerCharacter_C'.
Make sure 'PlayerCharacter_C' has been compiled for  Set AbleToUseLadder
[2020.08.08-17.50.07:716][257]LogBlueprint: Warning: [Compiler Ladder] Could not find a variable named "AbleToUseLadder" in 'PlayerCharacter_C'.
Make sure 'PlayerCharacter_C' has been compiled for  Set AbleToUseLadder
[2020.08.08-17.50.07:717][257]LogBlueprint: Warning: [Compiler Ladder] Could not find a variable named "AbleToUseLadder" in 'PlayerCharacter_C'.
Make sure 'PlayerCharacter_C' has been compiled for  Set AbleToUseLadder
[2020.08.08-17.50.07:717][257]LogBlueprint: Warning: [Compiler Ladder] Could not find a variable named "AbleToUseLadder" in 'PlayerCharacter_C'.
Make sure 'PlayerCharacter_C' has been compiled for  Set AbleToUseLadder
[2020.08.08-17.50.07:718][257]LogBlueprint: Error: [Compiler Ladder] The property associated with  Able to Use Ladder  could not be found in '/Game/BluePrints/Ladder.Ladder_C'
[2020.08.08-17.50.07:718][257]LogBlueprint: Error: [Compiler Ladder] The property associated with  Able to Use Ladder  could not be found in '/Game/BluePrints/Ladder.Ladder_C'
[2020.08.08-17.50.07:718][257]LogBlueprint: Error: [Compiler Ladder] The property associated with  Able to Use Ladder  could not be found in '/Game/BluePrints/Ladder.Ladder_C'
[2020.08.08-17.50.07:718][257]LogBlueprint: Error: [Compiler Ladder] The property associated with  Able to Use Ladder  could not be found in '/Game/BluePrints/Ladder.Ladder_C'
[2020.08.08-17.50.07:753][257]LogUObjectHash: Compacting FUObjectHashTables data took   2.06ms
[2020.08.08-17.51.21:854][675]Cmd: OBJ SAVEPACKAGE PACKAGE="/Game/BluePrints/Ladder" FILE="D:/Document/Unreal Projects/PW5/Content/BluePrints/Ladder.uasset" SILENT=true
[2020.08.08-17.51.21:906][675]LogSavePackage: Moving 'D:/Document/Unreal Projects/PW5/Saved/Ladder529C0C8D43F2BBD58BB8A99967000C29.tmp' to 'D:/Document/Unreal Projects/PW5/Content/BluePrints/Ladder.uasset'
[2020.08.08-17.51.21:920][675]AssetCheck: New page: Asset Save: Ladder
[2020.08.08-17.51.21:921][675]LogContentValidation: Display: Validating Blueprint /Game/BluePrints/Ladder.Ladder
[2020.08.08-17.51.23:235][822]BlueprintLog: New page: Compile Ladder
[2020.08.08-17.51.23:295][822]LogUObjectHash: Compacting FUObjectHashTables data took   2.47ms
[2020.08.08-17.51.23:935][878]Cmd: OBJ SAVEPACKAGE PACKAGE="/Game/BluePrints/Ladder" FILE="D:/Document/Unreal Projects/PW5/Content/BluePrints/Ladder.uasset" SILENT=true
[2020.08.08-17.51.24:002][878]LogSavePackage: Moving 'D:/Document/Unreal Projects/PW5/Saved/Ladder2CD581EC49948D8436376792A489B023.tmp' to 'D:/Document/Unreal Projects/PW5/Content/BluePrints/Ladder.uasset'
[2020.08.08-17.51.24:019][878]AssetCheck: New page: Asset Save: Ladder
[2020.08.08-17.51.24:019][878]LogContentValidation: Display: Validating Blueprint /Game/BluePrints/Ladder.Ladder
[2020.08.08-17.51.34:489][ 62]Cmd: OBJ SAVEPACKAGE PACKAGE="/Game/BluePrints/PlayerCharacter" FILE="D:/Document/Unreal Projects/PW5/Content/BluePrints/PlayerCharacter.uasset" SILENT=true
[2020.08.08-17.51.34:531][ 62]LogSavePackage: Moving 'D:/Document/Unreal Projects/PW5/Saved/PlayerCharacterAD69BE7F49EEC9EA8DFFD6B70DB03E45.tmp' to 'D:/Document/Unreal Projects/PW5/Content/BluePrints/PlayerCharacter.uasset'
[2020.08.08-17.51.34:548][ 62]AssetCheck: New page: Asset Save: PlayerCharacter
[2020.08.08-17.51.34:548][ 62]LogContentValidation: Display: Validating Blueprint /Game/BluePrints/PlayerCharacter.PlayerCharacter
[2020.08.08-17.51.49:350][733]BlueprintLog: New page: Compile PlayerCharacter
[2020.08.08-17.51.49:411][733]LogUObjectHash: Compacting FUObjectHashTables data took   2.21ms
[2020.08.08-17.52.32:733][688]BlueprintLog: New page: Compile PlayerCharacter
[2020.08.08-17.52.32:791][688]LogUObjectHash: Compacting FUObjectHashTables data took   2.08ms
[2020.08.08-17.52.38:583][321]Cmd: OBJ SAVEPACKAGE PACKAGE="/Game/BluePrints/PlayerCharacter" FILE="D:/Document/Unreal Projects/PW5/Content/BluePrints/PlayerCharacter.uasset" SILENT=true
[2020.08.08-17.52.38:652][321]LogSavePackage: Moving 'D:/Document/Unreal Projects/PW5/Saved/PlayerCharacter5A1606014CE688522DC11194B170750B.tmp' to 'D:/Document/Unreal Projects/PW5/Content/BluePrints/PlayerCharacter.uasset'
[2020.08.08-17.52.38:671][321]AssetCheck: New page: Asset Save: PlayerCharacter
[2020.08.08-17.52.38:671][321]LogContentValidation: Display: Validating Blueprint /Game/BluePrints/PlayerCharacter.PlayerCharacter
[2020.08.08-17.53.09:837][878]Cmd: OBJ SAVEPACKAGE PACKAGE="/Game/BluePrints/PlayerCharacter" FILE="D:/Document/Unreal Projects/PW5/Content/BluePrints/PlayerCharacter.uasset" SILENT=true
[2020.08.08-17.53.09:876][878]LogSavePackage: Moving 'D:/Document/Unreal Projects/PW5/Saved/PlayerCharacter68CFA9514C99BA061E1574B47A77B519.tmp' to 'D:/Document/Unreal Projects/PW5/Content/BluePrints/PlayerCharacter.uasset'
[2020.08.08-17.53.09:890][878]AssetCheck: New page: Asset Save: PlayerCharacter
[2020.08.08-17.53.09:890][878]LogContentValidation: Display: Validating Blueprint /Game/BluePrints/PlayerCharacter.PlayerCharacter
[2020.08.08-17.53.11:954][119]Cmd: OBJ SAVEPACKAGE PACKAGE="/Game/BluePrints/PlayerCharacter" FILE="D:/Document/Unreal Projects/PW5/Content/BluePrints/PlayerCharacter.uasset" SILENT=true
[2020.08.08-17.53.11:989][119]LogSavePackage: Moving 'D:/Document/Unreal Projects/PW5/Saved/PlayerCharacterA3EEB9854A7772DAFE7527B7336C1EE1.tmp' to 'D:/Document/Unreal Projects/PW5/Content/BluePrints/PlayerCharacter.uasset'
[2020.08.08-17.53.12:000][119]AssetCheck: New page: Asset Save: PlayerCharacter
[2020.08.08-17.53.12:000][119]LogContentValidation: Display: Validating Blueprint /Game/BluePrints/PlayerCharacter.PlayerCharacter
[2020.08.08-17.53.13:165][249]BlueprintLog: New page: Compile PlayerCharacter
[2020.08.08-17.53.13:225][249]LogUObjectHash: Compacting FUObjectHashTables data took   2.10ms
[2020.08.08-17.53.47:524][169]LogTemp: Repeating last play command: Selected Viewport
[2020.08.08-17.53.47:542][169]LogPlayLevel: PlayLevel: No blueprints needed recompiling
[2020.08.08-17.53.47:542][169]PIE: New page: PIE session: Level_Tester (2020/08/09 11:53:47)
[2020.08.08-17.53.47:543][169]LogOnline: OSS: Creating online subsystem instance for: NULL
[2020.08.08-17.53.47:545][169]LogOnline: OSS: TryLoadSubsystemAndSetDefault: Loaded subsystem for module [NULL]
[2020.08.08-17.53.47:545][169]LogPlayLevel: Creating play world package: /Game/Levels/UEDPIE_0_Level_Tester
[2020.08.08-17.53.47:559][169]LogPlayLevel: PIE: StaticDuplicateObject took: (0.014645s)
[2020.08.08-17.53.47:560][169]LogAIModule: Creating AISystem for world Level_Tester
[2020.08.08-17.53.47:561][169]LogAISub: UAISubsystem::UAISubsystem EnvQueryManager (0000021B8F8C6200), frame # 40169
[2020.08.08-17.53.47:561][169]LogAISub: UAISubsystem::UAISubsystem AIPerceptionSystem (0000021B8EACC680), frame # 40169
[2020.08.08-17.53.47:561][169]LogPlayLevel: PIE: World Init took: (0.001705s)
[2020.08.08-17.53.47:561][169]LogPlayLevel: PIE: Created PIE world by copying editor world from /Game/Levels/Level_Tester.Level_Tester to /Game/Levels/UEDPIE_0_Level_Tester.Level_Tester (0.016557s)
[2020.08.08-17.53.47:592][169]LogUObjectHash: Compacting FUObjectHashTables data took   2.28ms
[2020.08.08-17.53.47:594][169]LogAudioMixer: Display: Audio Mixer Platform Settings:
[2020.08.08-17.53.47:594][169]LogAudioMixer: Display: 	Sample Rate:						  48000
[2020.08.08-17.53.47:594][169]LogAudioMixer: Display: 	Callback Buffer Frame Size Requested: 1024
[2020.08.08-17.53.47:594][169]LogAudioMixer: Display: 	Callback Buffer Frame Size To Use:	  1024
[2020.08.08-17.53.47:594][169]LogAudioMixer: Display: 	Number of buffers to queue:			  2
[2020.08.08-17.53.47:594][169]LogAudioMixer: Display: 	Max Channels (voices):				  32
[2020.08.08-17.53.47:594][169]LogAudioMixer: Display: 	Number of Async Source Workers:		  0
[2020.08.08-17.53.47:594][169]LogAudio: Display: AudioDevice MaxSources: 32
[2020.08.08-17.53.47:595][169]LogAudio: Display: Using built-in audio occlusion.
[2020.08.08-17.53.47:595][169]LogAudioMixer: Display: Initializing audio mixer.
[2020.08.08-17.53.47:606][169]LogAudioMixer: Display: 0: FrontLeft
[2020.08.08-17.53.47:606][169]LogAudioMixer: Display: 1: FrontRight
[2020.08.08-17.53.47:625][169]LogAudioMixer: Display: Using Audio Device ライン (Steinberg UR22)
[2020.08.08-17.53.47:625][169]LogAudioMixer: Display: Initializing Sound Submixes...
[2020.08.08-17.53.47:625][169]LogAudioMixer: Display: Creating Master Submix 'MasterSubmixDefault'
[2020.08.08-17.53.47:626][169]LogAudioMixer: Display: Creating Master Submix 'MasterReverbSubmixDefault'
[2020.08.08-17.53.47:626][169]LogAudioMixer: Display: Creating Master Submix 'MasterEQSubmixDefault'
[2020.08.08-17.53.47:644][169]LogInit: FAudioDevice initialized.
[2020.08.08-17.53.47:666][169]LogLoad: Game class is 'PW5GameMode_C'
[2020.08.08-17.53.47:668][169]LogWorld: Bringing World /Game/Levels/UEDPIE_0_Level_Tester.Level_Tester up for play (max tick rate 0) at 2020.08.09-02.53.47
[2020.08.08-17.53.47:668][169]LogWorld: Bringing up level for play took: 0.001209
[2020.08.08-17.53.47:668][169]LogOnline: OSS: Creating online subsystem instance for: :Context_7
[2020.08.08-17.53.47:684][169]LogContentBrowser: Native class hierarchy updated for 'MovieSceneCapture' in 0.0004 seconds. Added 20 classes and 0 folders.
[2020.08.08-17.53.47:686][169]PIE: Server logged in
[2020.08.08-17.53.47:688][169]PIE: Play in editor total start time 0.148 seconds.
[2020.08.08-17.53.49:613][353]LogSlate: Updating window title bar state: overlay mode, drag disabled, window buttons hidden, title bar hidden
[2020.08.08-17.53.49:613][353]LogWorld: BeginTearingDown for /Game/Levels/UEDPIE_0_Level_Tester
[2020.08.08-17.53.49:613][353]LogWorld: UWorld::CleanupWorld for Level_Tester, bSessionEnded=true, bCleanupResources=true
[2020.08.08-17.53.49:613][353]LogSlate: InvalidateAllWidgets triggered.  All widgets were invalidated
[2020.08.08-17.53.49:624][353]LogPlayLevel: Display: Shutting down PIE online subsystems
[2020.08.08-17.53.49:628][353]LogSlate: InvalidateAllWidgets triggered.  All widgets were invalidated
[2020.08.08-17.53.49:669][353]LogSlate: Updating window title bar state: overlay mode, drag disabled, window buttons hidden, title bar hidden
[2020.08.08-17.53.49:675][353]LogAISub: UAISubsystem::~UAISubsystem AIPerceptionSystem (0000021B8EACC680), frame # 40353
[2020.08.08-17.53.49:675][353]LogAISub: UAISubsystem::~UAISubsystem EnvQueryManager (0000021B8F8C6200), frame # 40353
[2020.08.08-17.53.49:693][353]LogUObjectHash: Compacting FUObjectHashTables data took   2.90ms
[2020.08.08-17.53.49:726][354]LogPlayLevel: Display: Destroying online subsystem :Context_7
[2020.08.08-17.53.50:695][464]LogEditorViewport: Clicking on Actor (LMB): StaticMeshActor (Ledge5)
[2020.08.08-17.53.52:078][612]Cmd: DELETE
[2020.08.08-17.53.52:078][612]Cmd: ACTOR DELETE
[2020.08.08-17.53.52:082][612]LogEditorActor: Deleted Actor: StaticMeshActor
[2020.08.08-17.53.52:083][612]LogEditorActor: Deleted Actor: StaticMeshActor
[2020.08.08-17.53.52:109][612]LogUObjectHash: Compacting FUObjectHashTables data took   2.46ms
[2020.08.08-17.53.52:112][612]LogEditorActor: Deleted 2 Actors (0.034 secs)
[2020.08.08-17.53.53:897][819]LogEditorViewport: Clicking on Actor (LMB): StaticMeshActor (Ledge7)
[2020.08.08-17.53.54:544][891]Cmd: DELETE
[2020.08.08-17.53.54:544][891]Cmd: ACTOR DELETE
[2020.08.08-17.53.54:548][891]LogEditorActor: Deleted Actor: StaticMeshActor
[2020.08.08-17.53.54:569][891]LogUObjectHash: Compacting FUObjectHashTables data took   0.49ms
[2020.08.08-17.53.54:572][891]LogEditorActor: Deleted 1 Actors (0.028 secs)
[2020.08.08-17.53.59:935][470]LogTemp: Repeating last play command: Selected Viewport
[2020.08.08-17.53.59:966][470]LogPlayLevel: PlayLevel: No blueprints needed recompiling
[2020.08.08-17.53.59:966][470]PIE: New page: PIE session: Level_Tester (2020/08/09 11:53:59)
[2020.08.08-17.54.00:002][470]LogPlayLevel: Creating play world package: /Game/Levels/UEDPIE_0_Level_Tester
[2020.08.08-17.54.00:019][470]LogPlayLevel: PIE: StaticDuplicateObject took: (0.016764s)
[2020.08.08-17.54.00:021][470]LogAIModule: Creating AISystem for world Level_Tester
[2020.08.08-17.54.00:021][470]LogAISub: UAISubsystem::UAISubsystem EnvQueryManager (0000021B9CADF600), frame # 41470
[2020.08.08-17.54.00:021][470]LogAISub: UAISubsystem::UAISubsystem AIPerceptionSystem (0000021B98C1E700), frame # 41470
[2020.08.08-17.54.00:021][470]LogPlayLevel: PIE: World Init took: (0.001904s)
[2020.08.08-17.54.00:021][470]LogPlayLevel: PIE: Created PIE world by copying editor world from /Game/Levels/Level_Tester.Level_Tester to /Game/Levels/UEDPIE_0_Level_Tester.Level_Tester (0.018865s)
[2020.08.08-17.54.00:055][470]LogUObjectHash: Compacting FUObjectHashTables data took   2.29ms
[2020.08.08-17.54.00:059][470]LogAudioMixer: Display: Audio Mixer Platform Settings:
[2020.08.08-17.54.00:059][470]LogAudioMixer: Display: 	Sample Rate:						  48000
[2020.08.08-17.54.00:059][470]LogAudioMixer: Display: 	Callback Buffer Frame Size Requested: 1024
[2020.08.08-17.54.00:059][470]LogAudioMixer: Display: 	Callback Buffer Frame Size To Use:	  1024
[2020.08.08-17.54.00:059][470]LogAudioMixer: Display: 	Number of buffers to queue:			  2
[2020.08.08-17.54.00:059][470]LogAudioMixer: Display: 	Max Channels (voices):				  32
[2020.08.08-17.54.00:059][470]LogAudioMixer: Display: 	Number of Async Source Workers:		  0
[2020.08.08-17.54.00:059][470]LogAudio: Display: AudioDevice MaxSources: 32
[2020.08.08-17.54.00:059][470]LogAudio: Display: Using built-in audio occlusion.
[2020.08.08-17.54.00:059][470]LogAudioMixer: Display: Initializing audio mixer.
[2020.08.08-17.54.00:067][470]LogAudioMixer: Display: 0: FrontLeft
[2020.08.08-17.54.00:067][470]LogAudioMixer: Display: 1: FrontRight
[2020.08.08-17.54.00:085][470]LogAudioMixer: Display: Using Audio Device ライン (Steinberg UR22)
[2020.08.08-17.54.00:086][470]LogAudioMixer: Display: Initializing Sound Submixes...
[2020.08.08-17.54.00:086][470]LogAudioMixer: Display: Creating Master Submix 'MasterSubmixDefault'
[2020.08.08-17.54.00:086][470]LogAudioMixer: Display: Creating Master Submix 'MasterReverbSubmixDefault'
[2020.08.08-17.54.00:086][470]LogAudioMixer: Display: Creating Master Submix 'MasterEQSubmixDefault'
[2020.08.08-17.54.00:100][470]LogInit: FAudioDevice initialized.
[2020.08.08-17.54.00:108][470]LogLoad: Game class is 'PW5GameMode_C'
[2020.08.08-17.54.00:110][470]LogWorld: Bringing World /Game/Levels/UEDPIE_0_Level_Tester.Level_Tester up for play (max tick rate 0) at 2020.08.09-02.54.00
[2020.08.08-17.54.00:110][470]LogWorld: Bringing up level for play took: 0.001612
[2020.08.08-17.54.00:111][470]LogOnline: OSS: Creating online subsystem instance for: :Context_10
[2020.08.08-17.54.00:114][470]PIE: Server logged in
[2020.08.08-17.54.00:116][470]PIE: Play in editor total start time 0.161 seconds.
[2020.08.08-17.54.01:843][668]LogSlate: Updating window title bar state: overlay mode, drag disabled, window buttons hidden, title bar hidden
[2020.08.08-17.54.01:843][668]LogWorld: BeginTearingDown for /Game/Levels/UEDPIE_0_Level_Tester
[2020.08.08-17.54.01:844][668]LogWorld: UWorld::CleanupWorld for Level_Tester, bSessionEnded=true, bCleanupResources=true
[2020.08.08-17.54.01:844][668]LogSlate: InvalidateAllWidgets triggered.  All widgets were invalidated
[2020.08.08-17.54.01:850][668]LogPlayLevel: Display: Shutting down PIE online subsystems
[2020.08.08-17.54.01:853][668]LogSlate: InvalidateAllWidgets triggered.  All widgets were invalidated
[2020.08.08-17.54.01:892][668]LogSlate: Updating window title bar state: overlay mode, drag disabled, window buttons hidden, title bar hidden
[2020.08.08-17.54.01:893][668]LogAISub: UAISubsystem::~UAISubsystem EnvQueryManager (0000021B9CADF600), frame # 41668
[2020.08.08-17.54.01:893][668]LogAISub: UAISubsystem::~UAISubsystem AIPerceptionSystem (0000021B98C1E700), frame # 41668
[2020.08.08-17.54.01:895][668]LogUObjectHash: Compacting FUObjectHashTables data took   2.02ms
[2020.08.08-17.54.01:931][669]LogPlayLevel: Display: Destroying online subsystem :Context_10
[2020.08.08-17.54.06:793][227]LogEditorViewport: Clicking on Actor (LMB): CollectableItem_ArcheType_C (CollectableItem_ArcheType)
[2020.08.08-17.54.10:668][678]LogEditorViewport: Clicking on Actor (LMB): Ladder_C (Ladder)
[2020.08.08-17.54.14:704][135]LogTemp: Repeating last play command: Selected Viewport
[2020.08.08-17.54.14:723][135]LogPlayLevel: PlayLevel: No blueprints needed recompiling
[2020.08.08-17.54.14:723][135]PIE: New page: PIE session: Level_Tester (2020/08/09 11:54:14)
[2020.08.08-17.54.14:762][135]LogPlayLevel: Creating play world package: /Game/Levels/UEDPIE_0_Level_Tester
[2020.08.08-17.54.14:773][135]LogPlayLevel: PIE: StaticDuplicateObject took: (0.010794s)
[2020.08.08-17.54.14:775][135]LogAIModule: Creating AISystem for world Level_Tester
[2020.08.08-17.54.14:775][135]LogAISub: UAISubsystem::UAISubsystem EnvQueryManager (0000021B97CE1800), frame # 43135
[2020.08.08-17.54.14:775][135]LogAISub: UAISubsystem::UAISubsystem AIPerceptionSystem (0000021BA0F73D80), frame # 43135
[2020.08.08-17.54.14:776][135]LogPlayLevel: PIE: World Init took: (0.002245s)
[2020.08.08-17.54.14:776][135]LogPlayLevel: PIE: Created PIE world by copying editor world from /Game/Levels/Level_Tester.Level_Tester to /Game/Levels/UEDPIE_0_Level_Tester.Level_Tester (0.013252s)
[2020.08.08-17.54.14:803][135]LogUObjectHash: Compacting FUObjectHashTables data took   2.02ms
[2020.08.08-17.54.14:806][135]LogAudioMixer: Display: Audio Mixer Platform Settings:
[2020.08.08-17.54.14:806][135]LogAudioMixer: Display: 	Sample Rate:						  48000
[2020.08.08-17.54.14:806][135]LogAudioMixer: Display: 	Callback Buffer Frame Size Requested: 1024
[2020.08.08-17.54.14:806][135]LogAudioMixer: Display: 	Callback Buffer Frame Size To Use:	  1024
[2020.08.08-17.54.14:806][135]LogAudioMixer: Display: 	Number of buffers to queue:			  2
[2020.08.08-17.54.14:806][135]LogAudioMixer: Display: 	Max Channels (voices):				  32
[2020.08.08-17.54.14:806][135]LogAudioMixer: Display: 	Number of Async Source Workers:		  0
[2020.08.08-17.54.14:806][135]LogAudio: Display: AudioDevice MaxSources: 32
[2020.08.08-17.54.14:806][135]LogAudio: Display: Using built-in audio occlusion.
[2020.08.08-17.54.14:806][135]LogAudioMixer: Display: Initializing audio mixer.
[2020.08.08-17.54.14:814][135]LogAudioMixer: Display: 0: FrontLeft
[2020.08.08-17.54.14:814][135]LogAudioMixer: Display: 1: FrontRight
[2020.08.08-17.54.14:830][135]LogAudioMixer: Display: Using Audio Device ライン (Steinberg UR22)
[2020.08.08-17.54.14:830][135]LogAudioMixer: Display: Initializing Sound Submixes...
[2020.08.08-17.54.14:830][135]LogAudioMixer: Display: Creating Master Submix 'MasterSubmixDefault'
[2020.08.08-17.54.14:830][135]LogAudioMixer: Display: Creating Master Submix 'MasterReverbSubmixDefault'
[2020.08.08-17.54.14:831][135]LogAudioMixer: Display: Creating Master Submix 'MasterEQSubmixDefault'
[2020.08.08-17.54.14:843][135]LogInit: FAudioDevice initialized.
[2020.08.08-17.54.14:853][135]LogLoad: Game class is 'PW5GameMode_C'
[2020.08.08-17.54.14:855][135]LogWorld: Bringing World /Game/Levels/UEDPIE_0_Level_Tester.Level_Tester up for play (max tick rate 0) at 2020.08.09-02.54.14
[2020.08.08-17.54.14:855][135]LogWorld: Bringing up level for play took: 0.001219
[2020.08.08-17.54.14:856][135]LogOnline: OSS: Creating online subsystem instance for: :Context_11
[2020.08.08-17.54.14:858][135]PIE: Server logged in
[2020.08.08-17.54.14:859][135]PIE: Play in editor total start time 0.137 seconds.
[2020.08.08-17.54.16:078][277]LogBlueprintUserMessages: [Ladder_2] Can Use a Ladder
[2020.08.08-17.54.16:603][339]LogCharacter: PlayerCharacter_C_0 is trying to crouch, but crouching is disabled on this character! (check CharacterMovement NavAgentSettings)
[2020.08.08-17.54.17:853][486]LogSlate: Updating window title bar state: overlay mode, drag disabled, window buttons hidden, title bar hidden
[2020.08.08-17.54.17:853][486]LogWorld: BeginTearingDown for /Game/Levels/UEDPIE_0_Level_Tester
[2020.08.08-17.54.17:853][486]LogWorld: UWorld::CleanupWorld for Level_Tester, bSessionEnded=true, bCleanupResources=true
[2020.08.08-17.54.17:854][486]LogSlate: InvalidateAllWidgets triggered.  All widgets were invalidated
[2020.08.08-17.54.17:862][486]LogPlayLevel: Display: Shutting down PIE online subsystems
[2020.08.08-17.54.17:868][486]LogSlate: InvalidateAllWidgets triggered.  All widgets were invalidated
[2020.08.08-17.54.17:912][486]LogSlate: Updating window title bar state: overlay mode, drag disabled, window buttons hidden, title bar hidden
[2020.08.08-17.54.17:913][486]LogAISub: UAISubsystem::~UAISubsystem AIPerceptionSystem (0000021BA0F73D80), frame # 43486
[2020.08.08-17.54.17:913][486]LogAISub: UAISubsystem::~UAISubsystem EnvQueryManager (0000021B97CE1800), frame # 43486
[2020.08.08-17.54.17:915][486]LogUObjectHash: Compacting FUObjectHashTables data took   2.23ms
[2020.08.08-17.54.17:952][487]LogPlayLevel: Display: Destroying online subsystem :Context_11
[2020.08.08-17.54.18:880][596]LogEditorViewport: Clicking on Actor (LMB): Ladder_C (Ladder)
[2020.08.08-17.54.36:524][641]Cmd: OBJ SAVEPACKAGE PACKAGE="/Game/Levels/Level_Tester" FILE="D:/Document/Unreal Projects/PW5/Content/Levels/Level_Tester.umap" SILENT=true AUTOSAVING=false KEEPDIRTY=false
[2020.08.08-17.54.36:552][641]LogUObjectHash: Compacting FUObjectHashTables data took   2.07ms
[2020.08.08-17.54.36:635][641]LogSavePackage: Moving 'D:/Document/Unreal Projects/PW5/Saved/Level_Tester8F42C5E0462846B3466A31BDDD396E43.tmp' to 'D:/Document/Unreal Projects/PW5/Content/Levels/Level_Tester.umap'
[2020.08.08-17.54.36:679][641]Cmd: OBJ SAVEPACKAGE PACKAGE="/Game/Levels/Level_Tester_BuiltData" FILE="D:/Document/Unreal Projects/PW5/Content/Levels/Level_Tester_BuiltData.uasset" SILENT=true
[2020.08.08-17.54.36:945][641]LogSavePackage: Moving 'D:/Document/Unreal Projects/PW5/Saved/Level_Tester_BuiltData3904F6024CEAF00D692373A0A9C667B8.tmp' to 'D:/Document/Unreal Projects/PW5/Content/Levels/Level_Tester_BuiltData.uasset'
[2020.08.08-17.54.36:965][641]AssetCheck: New page: Asset Save: multiple assets
[2020.08.08-17.54.36:965][641]LogContentValidation: Display: Validating World /Game/Levels/Level_Tester.Level_Tester
[2020.08.08-17.54.36:965][641]LogContentValidation: Display: Validating MapBuildDataRegistry /Game/Levels/Level_Tester_BuiltData.Level_Tester_BuiltData
[2020.08.08-17.54.39:199][897]LogTemp: Repeating last play command: Selected Viewport
[2020.08.08-17.54.39:218][897]LogPlayLevel: PlayLevel: No blueprints needed recompiling
[2020.08.08-17.54.39:218][897]PIE: New page: PIE session: Level_Tester (2020/08/09 11:54:39)
[2020.08.08-17.54.39:218][897]LogPlayLevel: Creating play world package: /Game/Levels/UEDPIE_0_Level_Tester
[2020.08.08-17.54.39:228][897]LogPlayLevel: PIE: StaticDuplicateObject took: (0.010107s)
[2020.08.08-17.54.39:229][897]LogAIModule: Creating AISystem for world Level_Tester
[2020.08.08-17.54.39:230][897]LogAISub: UAISubsystem::UAISubsystem EnvQueryManager (0000021B976B8800), frame # 45897
[2020.08.08-17.54.39:230][897]LogAISub: UAISubsystem::UAISubsystem AIPerceptionSystem (0000021B972F51C0), frame # 45897
[2020.08.08-17.54.39:230][897]LogPlayLevel: PIE: World Init took: (0.001608s)
[2020.08.08-17.54.39:230][897]LogPlayLevel: PIE: Created PIE world by copying editor world from /Game/Levels/Level_Tester.Level_Tester to /Game/Levels/UEDPIE_0_Level_Tester.Level_Tester (0.011938s)
[2020.08.08-17.54.39:262][897]LogUObjectHash: Compacting FUObjectHashTables data took   2.17ms
[2020.08.08-17.54.39:263][897]LogAudioMixer: Display: Audio Mixer Platform Settings:
[2020.08.08-17.54.39:263][897]LogAudioMixer: Display: 	Sample Rate:						  48000
[2020.08.08-17.54.39:263][897]LogAudioMixer: Display: 	Callback Buffer Frame Size Requested: 1024
[2020.08.08-17.54.39:264][897]LogAudioMixer: Display: 	Callback Buffer Frame Size To Use:	  1024
[2020.08.08-17.54.39:264][897]LogAudioMixer: Display: 	Number of buffers to queue:			  2
[2020.08.08-17.54.39:264][897]LogAudioMixer: Display: 	Max Channels (voices):				  32
[2020.08.08-17.54.39:264][897]LogAudioMixer: Display: 	Number of Async Source Workers:		  0
[2020.08.08-17.54.39:264][897]LogAudio: Display: AudioDevice MaxSources: 32
[2020.08.08-17.54.39:264][897]LogAudio: Display: Using built-in audio occlusion.
[2020.08.08-17.54.39:264][897]LogAudioMixer: Display: Initializing audio mixer.
[2020.08.08-17.54.39:272][897]LogAudioMixer: Display: 0: FrontLeft
[2020.08.08-17.54.39:272][897]LogAudioMixer: Display: 1: FrontRight
[2020.08.08-17.54.39:288][897]LogAudioMixer: Display: Using Audio Device ライン (Steinberg UR22)
[2020.08.08-17.54.39:288][897]LogAudioMixer: Display: Initializing Sound Submixes...
[2020.08.08-17.54.39:288][897]LogAudioMixer: Display: Creating Master Submix 'MasterSubmixDefault'
[2020.08.08-17.54.39:288][897]LogAudioMixer: Display: Creating Master Submix 'MasterReverbSubmixDefault'
[2020.08.08-17.54.39:289][897]LogAudioMixer: Display: Creating Master Submix 'MasterEQSubmixDefault'
[2020.08.08-17.54.39:300][897]LogInit: FAudioDevice initialized.
[2020.08.08-17.54.39:307][897]LogLoad: Game class is 'PW5GameMode_C'
[2020.08.08-17.54.39:309][897]LogWorld: Bringing World /Game/Levels/UEDPIE_0_Level_Tester.Level_Tester up for play (max tick rate 0) at 2020.08.09-02.54.39
[2020.08.08-17.54.39:309][897]LogWorld: Bringing up level for play took: 0.001498
[2020.08.08-17.54.39:310][897]LogOnline: OSS: Creating online subsystem instance for: :Context_12
[2020.08.08-17.54.39:313][897]PIE: Server logged in
[2020.08.08-17.54.39:314][897]PIE: Play in editor total start time 0.097 seconds.
[2020.08.08-17.54.40:501][ 33]LogBlueprintUserMessages: [Ladder_2] Can Use a Ladder
[2020.08.08-17.54.41:754][183]LogBlueprintUserMessages: [Ladder_2] X=1200.000 Y=740.000 Z=130.000
[2020.08.08-17.54.42:246][242]LogBlueprintUserMessages: [Ladder_2] Can NOT Use a Ladder
[2020.08.08-17.54.42:246][242]LogBlueprintUserMessages: [Ladder_2] Can Use a Ladder
[2020.08.08-17.54.42:246][242]LogBlueprintUserMessages: [Ladder_2] X=1200.000 Y=740.000 Z=130.000
[2020.08.08-17.54.43:408][381]LogBlueprintUserMessages: [Ladder_2] X=1200.000 Y=740.000 Z=1060.000
[2020.08.08-17.54.43:904][440]LogBlueprintUserMessages: [Ladder_2] Can NOT Use a Ladder
[2020.08.08-17.54.43:904][440]LogBlueprintUserMessages: [Ladder_2] Can Use a Ladder
[2020.08.08-17.54.43:904][440]LogBlueprintUserMessages: [Ladder_2] X=1200.000 Y=740.000 Z=1060.000
[2020.08.08-17.54.44:653][526]LogSlate: Updating window title bar state: overlay mode, drag disabled, window buttons hidden, title bar hidden
[2020.08.08-17.54.44:653][526]LogWorld: BeginTearingDown for /Game/Levels/UEDPIE_0_Level_Tester
[2020.08.08-17.54.44:653][526]LogWorld: UWorld::CleanupWorld for Level_Tester, bSessionEnded=true, bCleanupResources=true
[2020.08.08-17.54.44:653][526]LogSlate: InvalidateAllWidgets triggered.  All widgets were invalidated
[2020.08.08-17.54.44:663][526]LogPlayLevel: Display: Shutting down PIE online subsystems
[2020.08.08-17.54.44:667][526]LogSlate: InvalidateAllWidgets triggered.  All widgets were invalidated
[2020.08.08-17.54.44:692][526]LogSlate: Updating window title bar state: overlay mode, drag disabled, window buttons hidden, title bar hidden
[2020.08.08-17.54.44:710][526]LogAISub: UAISubsystem::~UAISubsystem AIPerceptionSystem (0000021B972F51C0), frame # 46526
[2020.08.08-17.54.44:710][526]LogAISub: UAISubsystem::~UAISubsystem EnvQueryManager (0000021B976B8800), frame # 46526
[2020.08.08-17.54.44:713][526]LogUObjectHash: Compacting FUObjectHashTables data took   2.55ms
[2020.08.08-17.54.44:751][527]LogPlayLevel: Display: Destroying online subsystem :Context_12
[2020.08.08-17.54.45:502][614]Cmd: OBJ SAVEPACKAGE PACKAGE="/Game/Levels/Level_Tester" FILE="D:/Document/Unreal Projects/PW5/Content/Levels/Level_Tester.umap" SILENT=true AUTOSAVING=false KEEPDIRTY=false
[2020.08.08-17.54.45:528][614]LogUObjectHash: Compacting FUObjectHashTables data took   1.84ms
[2020.08.08-17.54.45:594][614]LogSavePackage: Moving 'D:/Document/Unreal Projects/PW5/Saved/Level_Tester1431301147C14EB217126D8A2613E51E.tmp' to 'D:/Document/Unreal Projects/PW5/Content/Levels/Level_Tester.umap'
[2020.08.08-17.54.45:631][614]Cmd: OBJ SAVEPACKAGE PACKAGE="/Game/Levels/Level_Tester_BuiltData" FILE="D:/Document/Unreal Projects/PW5/Content/Levels/Level_Tester_BuiltData.uasset" SILENT=true
[2020.08.08-17.54.45:810][614]LogSavePackage: Moving 'D:/Document/Unreal Projects/PW5/Saved/Level_Tester_BuiltDataA1DA2B444062E26B953CE283997A14E5.tmp' to 'D:/Document/Unreal Projects/PW5/Content/Levels/Level_Tester_BuiltData.uasset'
[2020.08.08-17.54.45:825][614]AssetCheck: New page: Asset Save: multiple assets
[2020.08.08-17.54.45:825][614]LogContentValidation: Display: Validating World /Game/Levels/Level_Tester.Level_Tester
[2020.08.08-17.54.45:825][614]LogContentValidation: Display: Validating MapBuildDataRegistry /Game/Levels/Level_Tester_BuiltData.Level_Tester_BuiltData
[2020.08.08-17.55.50:696][316]LogEditorViewport: Clicking on Actor (LMB): Ladder_C (Ladder)
[2020.08.08-17.56.02:284][676]LogEditorViewport: Clicking on Actor (LMB): StaticMeshActor (Floor)
[2020.08.08-17.56.03:293][778]LogEditorViewport: Clicking on Actor (LMB): Ladder_C (Ladder)
[2020.08.08-18.09.59:035][951]LogAssetEditorSubsystem: Opening Asset editor for WidgetBlueprint /Game/BluePrints/UI_inventory.UI_Inventory
