Log file open, 08/22/20 14:58:49
LogInit: Display: Running engine for game: PW5
LogPlatformFile: Not using cached read wrapper
LogTaskGraph: Started task graph with 5 named threads and 23 total threads with 3 sets of task threads.
LogStats: Stats thread started at 0.810567
LogD3D11RHI: Loaded GFSDK_Aftermath_Lib.x64.dll
LogICUInternationalization: ICU TimeZone Detection - Raw Offset: +9:00, Platform Override: ''
LogPluginManager: Mounting plugin Paper2D
LogPluginManager: Mounting plugin AISupport
LogPluginManager: Mounting plugin LightPropagationVolume
LogPluginManager: Mounting plugin CameraShakePreviewer
LogPluginManager: Mounting plugin ActorLayerUtilities
LogPluginManager: Mounting plugin AnimationSharing
LogPluginManager: Mounting plugin CLionSourceCodeAccess
LogPluginManager: Mounting plugin CodeLiteSourceCodeAccess
LogPluginManager: Mounting plugin GitSourceControl
LogPluginManager: Mounting plugin KDevelopSourceCodeAccess
LogPluginManager: Mounting plugin NullSourceCodeAccess
LogPluginManager: Mounting plugin PerforceSourceControl
LogPluginManager: Mounting plugin PlasticSourceControl
LogPluginManager: Mounting plugin RiderSourceCodeAccess
LogPluginManager: Mounting plugin SubversionSourceControl
LogPluginManager: Mounting plugin UObjectPlugin
LogPluginManager: Mounting plugin VisualStudioCodeSourceCodeAccess
LogPluginManager: Mounting plugin VisualStudioSourceCodeAccess
LogPluginManager: Mounting plugin XCodeSourceCodeAccess
LogPluginManager: Mounting plugin AssetManagerEditor
LogPluginManager: Mounting plugin CryptoKeys
LogPluginManager: Mounting plugin CurveEditorTools
LogPluginManager: Mounting plugin DataValidation
LogPluginManager: Mounting plugin EditorScriptingUtilities
LogPluginManager: Mounting plugin FacialAnimation
LogPluginManager: Mounting plugin GameplayTagsEditor
LogPluginManager: Mounting plugin GeometryMode
LogPluginManager: Mounting plugin MacGraphicsSwitching
LogPluginManager: Mounting plugin MaterialAnalyzer
LogPluginManager: Mounting plugin MobileLauncherProfileWizard
LogPluginManager: Mounting plugin PluginBrowser
LogPluginManager: Mounting plugin SpeedTreeImporter
LogPluginManager: Mounting plugin DatasmithContent
LogPluginManager: Mounting plugin VariantManagerContent
LogPluginManager: Mounting plugin AlembicImporter
LogPluginManager: Mounting plugin AutomationUtils
LogPluginManager: Mounting plugin BackChannel
LogPluginManager: Mounting plugin ChaosCloth
LogPluginManager: Mounting plugin ChaosClothEditor
LogPluginManager: Mounting plugin ChaosEditor
LogPluginManager: Mounting plugin ChaosNiagara
LogPluginManager: Mounting plugin ChaosSolverPlugin
LogPluginManager: Mounting plugin CharacterAI
LogPluginManager: Mounting plugin GeometryCache
LogPluginManager: Mounting plugin GeometryCollectionPlugin
LogPluginManager: Mounting plugin GeometryProcessing
LogPluginManager: Mounting plugin PlanarCut
LogPluginManager: Mounting plugin PlatformCrypto
LogPluginManager: Mounting plugin ProxyLODPlugin
LogPluginManager: Mounting plugin SkeletalReduction
LogPluginManager: Mounting plugin Niagara
LogPluginManager: Mounting plugin MagicLeap
LogPluginManager: Mounting plugin MagicLeapLightEstimation
LogPluginManager: Mounting plugin MagicLeapMedia
LogPluginManager: Mounting plugin MagicLeapPassableWorld
LogPluginManager: Mounting plugin MLSDK
LogPluginManager: Mounting plugin AndroidMedia
LogPluginManager: Mounting plugin AvfMedia
LogPluginManager: Mounting plugin ImgMedia
LogPluginManager: Mounting plugin MediaCompositing
LogPluginManager: Mounting plugin MediaPlayerEditor
LogPluginManager: Mounting plugin WebMMedia
LogPluginManager: Mounting plugin WmfMedia
LogPluginManager: Mounting plugin MeshPainting
LogPluginManager: Mounting plugin TcpMessaging
LogPluginManager: Mounting plugin UdpMessaging
LogPluginManager: Mounting plugin ActorSequence
LogPluginManager: Mounting plugin LevelSequenceEditor
LogPluginManager: Mounting plugin MatineeToLevelSequence
LogPluginManager: Mounting plugin MovieRenderPipeline
LogPluginManager: Mounting plugin TemplateSequence
LogPluginManager: Mounting plugin NetcodeUnitTest
LogPluginManager: Mounting plugin NUTUnrealEngine4
LogPluginManager: Mounting plugin OnlineSubsystemGooglePlay
LogPluginManager: Mounting plugin OnlineSubsystemIOS
LogPluginManager: Mounting plugin OnlineSubsystem
LogPluginManager: Mounting plugin OnlineSubsystemNull
LogPluginManager: Mounting plugin OnlineSubsystemUtils
LogPluginManager: Mounting plugin LauncherChunkInstaller
LogPluginManager: Mounting plugin AndroidDeviceProfileSelector
LogPluginManager: Mounting plugin AndroidMoviePlayer
LogPluginManager: Mounting plugin AndroidPermission
LogPluginManager: Mounting plugin AppleImageUtils
LogPluginManager: Mounting plugin AppleMoviePlayer
LogPluginManager: Mounting plugin ArchVisCharacter
LogPluginManager: Mounting plugin AssetTags
LogPluginManager: Mounting plugin AudioCapture
LogPluginManager: Mounting plugin CableComponent
LogPluginManager: Mounting plugin CustomMeshComponent
LogPluginManager: Mounting plugin EditableMesh
LogPluginManager: Mounting plugin ExampleDeviceProfileSelector
LogPluginManager: Mounting plugin GoogleCloudMessaging
LogPluginManager: Mounting plugin GooglePAD
LogPluginManager: Mounting plugin IOSDeviceProfileSelector
LogPluginManager: Mounting plugin LinuxDeviceProfileSelector
LogPluginManager: Mounting plugin LocationServicesBPLibrary
LogPluginManager: Mounting plugin MobilePatchingUtils
LogPluginManager: Mounting plugin OculusVR
LogPluginManager: Mounting plugin PhysXVehicles
LogPluginManager: Mounting plugin PostSplashScreen
LogPluginManager: Mounting plugin ProceduralMeshComponent
LogPluginManager: Mounting plugin RuntimePhysXCooking
LogPluginManager: Mounting plugin SignificanceManager
LogPluginManager: Mounting plugin SoundFields
LogPluginManager: Mounting plugin SteamVR
LogPluginManager: Mounting plugin Synthesis
LogPluginManager: Mounting plugin WebMMoviePlayer
LogPluginManager: Mounting plugin WindowsMoviePlayer
LogPluginManager: Mounting plugin ScreenshotTools
LogInit: Using libcurl 7.55.1-DEV
LogInit:  - built for x86_64-pc-win32
LogInit:  - supports SSL with OpenSSL/1.1.1
LogInit:  - supports HTTP deflate (compression) using libz 1.2.8
LogInit:  - other features:
LogInit:      CURL_VERSION_SSL
LogInit:      CURL_VERSION_LIBZ
LogInit:      CURL_VERSION_IPV6
LogInit:      CURL_VERSION_ASYNCHDNS
LogInit:      CURL_VERSION_LARGEFILE
LogInit:      CURL_VERSION_IDN
LogInit:  CurlRequestOptions (configurable via config and command line):
LogInit:  - bVerifyPeer = true  - Libcurl will verify peer certificate
LogInit:  - bUseHttpProxy = false  - Libcurl will NOT use HTTP proxy
LogInit:  - bDontReuseConnections = false  - Libcurl will reuse connections
LogInit:  - MaxHostConnections = 16  - Libcurl will limit the number of connections to a host
LogInit:  - LocalHostAddr = Default
LogInit:  - BufferSize = 65536
LogOnline: OSS: Creating online subsystem instance for: NULL
LogInit: WinSock: version 1.1 (2.2), MaxSocks=32767, MaxUdp=65467
LogOnline: OSS: TryLoadSubsystemAndSetDefault: Loaded subsystem for module [NULL]
LogInit: Build: ++UE4+Release-4.25-CL-13942748
LogInit: Engine Version: 4.25.3-13942748+++UE4+Release-4.25
LogInit: Compatible Engine Version: 4.25.0-13144385+++UE4+Release-4.25
LogInit: Net CL: 13144385
LogInit: OS: Windows 10 (Release 1909) (), CPU: Intel(R) Core(TM) i7-7700 CPU @ 3.60GHz, GPU: NVIDIA GeForce GTX 1060 6GB
LogInit: Compiled (64-bit): Jul 25 2020 02:07:48
LogInit: Compiled with Visual C++: 19.24.28315.00
LogInit: Build Configuration: Development
LogInit: Branch Name: ++UE4+Release-4.25
LogInit: Command Line: 
LogInit: Base Directory: F:/Program Files/Epic Games/UE_4.25/Engine/Binaries/Win64/
LogInit: Allocator: TBB
LogInit: Installed Engine Build: 1
LogDevObjectVersion: Number of dev versions registered: 26
LogDevObjectVersion:   Dev-Blueprints (B0D832E4-1F89-4F0D-ACCF-7EB736FD4AA2): 10
LogDevObjectVersion:   Dev-Build (E1C64328-A22C-4D53-A36C-8E866417BD8C): 0
LogDevObjectVersion:   Dev-Core (375EC13C-06E4-48FB-B500-84F0262A717E): 4
LogDevObjectVersion:   Dev-Editor (E4B068ED-F494-42E9-A231-DA0B2E46BB41): 38
LogDevObjectVersion:   Dev-Framework (CFFC743F-43B0-4480-9391-14DF171D2073): 37
LogDevObjectVersion:   Dev-Mobile (B02B49B5-BB20-44E9-A304-32B752E40360): 2
LogDevObjectVersion:   Dev-Networking (A4E4105C-59A1-49B5-A7C5-40C4547EDFEE): 0
LogDevObjectVersion:   Dev-Online (39C831C9-5AE6-47DC-9A44-9C173E1C8E7C): 0
LogDevObjectVersion:   Dev-Physics (78F01B33-EBEA-4F98-B9B4-84EACCB95AA2): 4
LogDevObjectVersion:   Dev-Platform (6631380F-2D4D-43E0-8009-CF276956A95A): 0
LogDevObjectVersion:   Dev-Rendering (12F88B9F-8875-4AFC-A67C-D90C383ABD29): 43
LogDevObjectVersion:   Dev-Sequencer (7B5AE74C-D270-4C10-A958-57980B212A5A): 12
LogDevObjectVersion:   Dev-VR (D7296918-1DD6-4BDD-9DE2-64A83CC13884): 3
LogDevObjectVersion:   Dev-LoadTimes (C2A15278-BFE7-4AFE-6C17-90FF531DF755): 1
LogDevObjectVersion:   Private-Geometry (6EACA3D4-40EC-4CC1-B786-8BED09428FC5): 3
LogDevObjectVersion:   Dev-AnimPhys (29E575DD-E0A3-4627-9D10-D276232CDCEA): 17
LogDevObjectVersion:   Dev-Anim (AF43A65D-7FD3-4947-9873-3E8ED9C1BB05): 7
LogDevObjectVersion:   Dev-ReflectionCapture (6B266CEC-1EC7-4B8F-A30B-E4D90942FC07): 1
LogDevObjectVersion:   Dev-Automation (0DF73D61-A23F-47EA-B727-89E90C41499A): 1
LogDevObjectVersion:   FortniteMain (601D1886-AC64-4F84-AA16-D3DE0DEAC7D6): 31
LogDevObjectVersion:   Dev-Enterprise (9DFFBCD6-494F-0158-E221-12823C92A888): 10
LogDevObjectVersion:   Dev-Niagara (F2AED0AC-9AFE-416F-8664-AA7FFA26D6FC): 1
LogDevObjectVersion:   Dev-Destruction (174F1F0B-B4C6-45A5-B13F-2EE8D0FB917D): 10
LogDevObjectVersion:   Dev-Physics-Ext (35F94A83-E258-406C-A318-09F59610247C): 37
LogDevObjectVersion:   Dev-PhysicsMaterial-Chaos (B68FC16E-8B1B-42E2-B453-215C058844FE): 1
LogDevObjectVersion:   Dev-CineCamera (B2E18506-4273-CFC2-A54E-F4BB758BBA07): 1
LogInit: Presizing for max 25165824 objects, including 0 objects not considered by GC, pre-allocating 0 bytes for permanent pool.
LogConfig: Applying CVar settings from Section [/Script/Engine.StreamingSettings] File [D:/Document/Unreal Projects/PW5/Saved/Config/Windows/Engine.ini]
LogConfig: Setting CVar [[s.MinBulkDataSizeForAsyncLoading:131072]]
LogConfig: Setting CVar [[s.AsyncLoadingThreadEnabled:0]]
LogConfig: Setting CVar [[s.EventDrivenLoaderEnabled:1]]
LogConfig: Setting CVar [[s.WarnIfTimeLimitExceeded:0]]
LogConfig: Setting CVar [[s.TimeLimitExceededMultiplier:1.5]]
LogConfig: Setting CVar [[s.TimeLimitExceededMinTime:0.005]]
LogConfig: Setting CVar [[s.UseBackgroundLevelStreaming:1]]
LogConfig: Setting CVar [[s.PriorityAsyncLoadingExtraTime:15.0]]
LogConfig: Setting CVar [[s.LevelStreamingActorsUpdateTimeLimit:5.0]]
LogConfig: Setting CVar [[s.PriorityLevelStreamingActorsUpdateExtraTime:5.0]]
LogConfig: Setting CVar [[s.LevelStreamingComponentsRegistrationGranularity:10]]
LogConfig: Setting CVar [[s.UnregisterComponentsTimeLimit:1.0]]
LogConfig: Setting CVar [[s.LevelStreamingComponentsUnregistrationGranularity:5]]
LogConfig: Setting CVar [[s.FlushStreamingOnExit:1]]
LogInit: Object subsystem initialized
LogConfig: Setting CVar [[con.DebugEarlyDefault:1]]
LogConfig: Setting CVar [[r.setres:1280x720]]
[2020.08.22-05.58.50:963][  0]LogConfig: Setting CVar [[r.VSync:0]]
[2020.08.22-05.58.50:963][  0]LogConfig: Setting CVar [[r.RHICmdBypass:0]]
[2020.08.22-05.58.50:964][  0]LogConfig: Applying CVar settings from Section [/Script/Engine.RendererSettings] File [D:/Document/Unreal Projects/PW5/Saved/Config/Windows/Engine.ini]
[2020.08.22-05.58.50:964][  0]LogConfig: Setting CVar [[r.GPUCrashDebugging:0]]
[2020.08.22-05.58.50:964][  0]LogConfig: Applying CVar settings from Section [/Script/Engine.RendererOverrideSettings] File [D:/Document/Unreal Projects/PW5/Saved/Config/Windows/Engine.ini]
[2020.08.22-05.58.50:964][  0]LogConfig: Applying CVar settings from Section [/Script/Engine.StreamingSettings] File [D:/Document/Unreal Projects/PW5/Saved/Config/Windows/Engine.ini]
[2020.08.22-05.58.50:964][  0]LogConfig: Setting CVar [[s.MinBulkDataSizeForAsyncLoading:131072]]
[2020.08.22-05.58.50:964][  0]LogConfig: Setting CVar [[s.AsyncLoadingThreadEnabled:0]]
[2020.08.22-05.58.50:964][  0]LogConfig: Setting CVar [[s.EventDrivenLoaderEnabled:1]]
[2020.08.22-05.58.50:964][  0]LogConfig: Setting CVar [[s.WarnIfTimeLimitExceeded:0]]
[2020.08.22-05.58.50:964][  0]LogConfig: Setting CVar [[s.TimeLimitExceededMultiplier:1.5]]
[2020.08.22-05.58.50:964][  0]LogConfig: Setting CVar [[s.TimeLimitExceededMinTime:0.005]]
[2020.08.22-05.58.50:964][  0]LogConfig: Setting CVar [[s.UseBackgroundLevelStreaming:1]]
[2020.08.22-05.58.50:964][  0]LogConfig: Setting CVar [[s.PriorityAsyncLoadingExtraTime:15.0]]
[2020.08.22-05.58.50:964][  0]LogConfig: Setting CVar [[s.LevelStreamingActorsUpdateTimeLimit:5.0]]
[2020.08.22-05.58.50:964][  0]LogConfig: Setting CVar [[s.PriorityLevelStreamingActorsUpdateExtraTime:5.0]]
[2020.08.22-05.58.50:964][  0]LogConfig: Setting CVar [[s.LevelStreamingComponentsRegistrationGranularity:10]]
[2020.08.22-05.58.50:964][  0]LogConfig: Setting CVar [[s.UnregisterComponentsTimeLimit:1.0]]
[2020.08.22-05.58.50:964][  0]LogConfig: Setting CVar [[s.LevelStreamingComponentsUnregistrationGranularity:5]]
[2020.08.22-05.58.50:964][  0]LogConfig: Setting CVar [[s.FlushStreamingOnExit:1]]
[2020.08.22-05.58.50:964][  0]LogConfig: Applying CVar settings from Section [/Script/Engine.GarbageCollectionSettings] File [D:/Document/Unreal Projects/PW5/Saved/Config/Windows/Engine.ini]
[2020.08.22-05.58.50:964][  0]LogConfig: Setting CVar [[gc.MaxObjectsNotConsideredByGC:1]]
[2020.08.22-05.58.50:964][  0]LogConfig: Setting CVar [[gc.SizeOfPermanentObjectPool:0]]
[2020.08.22-05.58.50:964][  0]LogConfig: Setting CVar [[gc.FlushStreamingOnGC:0]]
[2020.08.22-05.58.50:964][  0]LogConfig: Setting CVar [[gc.NumRetriesBeforeForcingGC:10]]
[2020.08.22-05.58.50:964][  0]LogConfig: Setting CVar [[gc.AllowParallelGC:1]]
[2020.08.22-05.58.50:964][  0]LogConfig: Setting CVar [[gc.TimeBetweenPurgingPendingKillObjects:61.1]]
[2020.08.22-05.58.50:965][  0]LogConfig: Setting CVar [[gc.MaxObjectsInEditor:25165824]]
[2020.08.22-05.58.50:965][  0]LogConfig: Setting CVar [[gc.IncrementalBeginDestroyEnabled:1]]
[2020.08.22-05.58.50:965][  0]LogConfig: Setting CVar [[gc.CreateGCClusters:1]]
[2020.08.22-05.58.50:965][  0]LogConfig: Setting CVar [[gc.MinGCClusterSize:5]]
[2020.08.22-05.58.50:965][  0]LogConfig: Setting CVar [[gc.ActorClusteringEnabled:0]]
[2020.08.22-05.58.50:965][  0]LogConfig: Setting CVar [[gc.BlueprintClusteringEnabled:0]]
[2020.08.22-05.58.50:965][  0]LogConfig: Setting CVar [[gc.UseDisregardForGCOnDedicatedServers:0]]
[2020.08.22-05.58.50:965][  0]LogConfig: Applying CVar settings from Section [/Script/Engine.NetworkSettings] File [D:/Document/Unreal Projects/PW5/Saved/Config/Windows/Engine.ini]
[2020.08.22-05.58.50:965][  0]LogConfig: Applying CVar settings from Section [/Script/UnrealEd.CookerSettings] File [D:/Document/Unreal Projects/PW5/Saved/Config/Windows/Engine.ini]
[2020.08.22-05.58.50:976][  0]LogConfig: Applying CVar settings from Section [ViewDistanceQuality@3] File [D:/Document/Unreal Projects/PW5/Saved/Config/Windows/Scalability.ini]
[2020.08.22-05.58.50:976][  0]LogConfig: Setting CVar [[r.SkeletalMeshLODBias:0]]
[2020.08.22-05.58.50:976][  0]LogConfig: Setting CVar [[r.ViewDistanceScale:1.0]]
[2020.08.22-05.58.50:976][  0]LogConfig: Applying CVar settings from Section [AntiAliasingQuality@3] File [D:/Document/Unreal Projects/PW5/Saved/Config/Windows/Scalability.ini]
[2020.08.22-05.58.50:976][  0]LogConfig: Setting CVar [[r.PostProcessAAQuality:4]]
[2020.08.22-05.58.50:976][  0]LogConfig: Applying CVar settings from Section [ShadowQuality@3] File [D:/Document/Unreal Projects/PW5/Saved/Config/Windows/Scalability.ini]
[2020.08.22-05.58.50:976][  0]LogConfig: Setting CVar [[r.LightFunctionQuality:1]]
[2020.08.22-05.58.50:976][  0]LogConfig: Setting CVar [[r.ShadowQuality:5]]
[2020.08.22-05.58.50:976][  0]LogConfig: Setting CVar [[r.Shadow.CSM.MaxCascades:10]]
[2020.08.22-05.58.50:976][  0]LogConfig: Setting CVar [[r.Shadow.MaxResolution:2048]]
[2020.08.22-05.58.50:976][  0]LogConfig: Setting CVar [[r.Shadow.MaxCSMResolution:2048]]
[2020.08.22-05.58.50:976][  0]LogConfig: Setting CVar [[r.Shadow.RadiusThreshold:0.01]]
[2020.08.22-05.58.50:976][  0]LogConfig: Setting CVar [[r.Shadow.DistanceScale:1.0]]
[2020.08.22-05.58.50:976][  0]LogConfig: Setting CVar [[r.Shadow.CSM.TransitionScale:1.0]]
[2020.08.22-05.58.50:976][  0]LogConfig: Setting CVar [[r.Shadow.PreShadowResolutionFactor:1.0]]
[2020.08.22-05.58.50:976][  0]LogConfig: Setting CVar [[r.DistanceFieldShadowing:1]]
[2020.08.22-05.58.50:976][  0]LogConfig: Setting CVar [[r.DistanceFieldAO:1]]
[2020.08.22-05.58.50:976][  0]LogConfig: Setting CVar [[r.AOQuality:2]]
[2020.08.22-05.58.50:976][  0]LogConfig: Setting CVar [[r.VolumetricFog:1]]
[2020.08.22-05.58.50:976][  0]LogConfig: Setting CVar [[r.VolumetricFog.GridPixelSize:8]]
[2020.08.22-05.58.50:976][  0]LogConfig: Setting CVar [[r.VolumetricFog.GridSizeZ:128]]
[2020.08.22-05.58.50:976][  0]LogConfig: Setting CVar [[r.VolumetricFog.HistoryMissSupersampleCount:4]]
[2020.08.22-05.58.50:976][  0]LogConfig: Setting CVar [[r.LightMaxDrawDistanceScale:1]]
[2020.08.22-05.58.50:976][  0]LogConfig: Setting CVar [[r.CapsuleShadows:1]]
[2020.08.22-05.58.50:976][  0]LogConfig: Applying CVar settings from Section [PostProcessQuality@3] File [D:/Document/Unreal Projects/PW5/Saved/Config/Windows/Scalability.ini]
[2020.08.22-05.58.50:976][  0]LogConfig: Setting CVar [[r.MotionBlurQuality:4]]
[2020.08.22-05.58.50:976][  0]LogConfig: Setting CVar [[r.AmbientOcclusionMipLevelFactor:0.4]]
[2020.08.22-05.58.50:976][  0]LogConfig: Setting CVar [[r.AmbientOcclusionMaxQuality:100]]
[2020.08.22-05.58.50:976][  0]LogConfig: Setting CVar [[r.AmbientOcclusionLevels:-1]]
[2020.08.22-05.58.50:976][  0]LogConfig: Setting CVar [[r.AmbientOcclusionRadiusScale:1.0]]
[2020.08.22-05.58.50:976][  0]LogConfig: Setting CVar [[r.DepthOfFieldQuality:2]]
[2020.08.22-05.58.50:976][  0]LogConfig: Setting CVar [[r.RenderTargetPoolMin:400]]
[2020.08.22-05.58.50:976][  0]LogConfig: Setting CVar [[r.LensFlareQuality:2]]
[2020.08.22-05.58.50:976][  0]LogConfig: Setting CVar [[r.SceneColorFringeQuality:1]]
[2020.08.22-05.58.50:976][  0]LogConfig: Setting CVar [[r.EyeAdaptationQuality:2]]
[2020.08.22-05.58.50:976][  0]LogConfig: Setting CVar [[r.BloomQuality:5]]
[2020.08.22-05.58.50:976][  0]LogConfig: Setting CVar [[r.FastBlurThreshold:100]]
[2020.08.22-05.58.50:976][  0]LogConfig: Setting CVar [[r.Upscale.Quality:3]]
[2020.08.22-05.58.50:976][  0]LogConfig: Setting CVar [[r.Tonemapper.GrainQuantization:1]]
[2020.08.22-05.58.50:977][  0]LogConfig: Setting CVar [[r.LightShaftQuality:1]]
[2020.08.22-05.58.50:977][  0]LogConfig: Setting CVar [[r.Filter.SizeScale:1]]
[2020.08.22-05.58.50:977][  0]LogConfig: Setting CVar [[r.Tonemapper.Quality:5]]
[2020.08.22-05.58.50:977][  0]LogConfig: Setting CVar [[r.DOF.Gather.AccumulatorQuality:1        ; higher gathering accumulator quality]]
[2020.08.22-05.58.50:977][  0]LogConfig: Setting CVar [[r.DOF.Gather.PostfilterMethod:1          ; Median3x3 postfilering method]]
[2020.08.22-05.58.50:977][  0]LogConfig: Setting CVar [[r.DOF.Gather.EnableBokehSettings:0       ; no bokeh simulation when gathering]]
[2020.08.22-05.58.50:977][  0]LogConfig: Setting CVar [[r.DOF.Gather.RingCount:4                 ; medium number of samples when gathering]]
[2020.08.22-05.58.50:977][  0]LogConfig: Setting CVar [[r.DOF.Scatter.ForegroundCompositing:1    ; additive foreground scattering]]
[2020.08.22-05.58.50:977][  0]LogConfig: Setting CVar [[r.DOF.Scatter.BackgroundCompositing:2    ; additive background scattering]]
[2020.08.22-05.58.50:977][  0]LogConfig: Setting CVar [[r.DOF.Scatter.EnableBokehSettings:1      ; bokeh simulation when scattering]]
[2020.08.22-05.58.50:977][  0]LogConfig: Setting CVar [[r.DOF.Scatter.MaxSpriteRatio:0.1         ; only a maximum of 10% of scattered bokeh]]
[2020.08.22-05.58.50:977][  0]LogConfig: Setting CVar [[r.DOF.Recombine.Quality:1                ; cheap slight out of focus]]
[2020.08.22-05.58.50:977][  0]LogConfig: Setting CVar [[r.DOF.Recombine.EnableBokehSettings:0    ; no bokeh simulation on slight out of focus]]
[2020.08.22-05.58.50:977][  0]LogConfig: Setting CVar [[r.DOF.TemporalAAQuality:1                ; more stable temporal accumulation]]
[2020.08.22-05.58.50:977][  0]LogConfig: Setting CVar [[r.DOF.Kernel.MaxForegroundRadius:0.025]]
[2020.08.22-05.58.50:977][  0]LogConfig: Setting CVar [[r.DOF.Kernel.MaxBackgroundRadius:0.025]]
[2020.08.22-05.58.50:977][  0]LogConfig: Applying CVar settings from Section [TextureQuality@3] File [D:/Document/Unreal Projects/PW5/Saved/Config/Windows/Scalability.ini]
[2020.08.22-05.58.50:977][  0]LogConfig: Setting CVar [[r.Streaming.MipBias:0]]
[2020.08.22-05.58.50:977][  0]LogConfig: Setting CVar [[r.Streaming.AmortizeCPUToGPUCopy:0]]
[2020.08.22-05.58.50:977][  0]LogConfig: Setting CVar [[r.Streaming.MaxNumTexturesToStreamPerFrame:0]]
[2020.08.22-05.58.50:977][  0]LogConfig: Setting CVar [[r.Streaming.Boost:1]]
[2020.08.22-05.58.50:977][  0]LogConfig: Setting CVar [[r.MaxAnisotropy:8]]
[2020.08.22-05.58.50:977][  0]LogConfig: Setting CVar [[r.VT.MaxAnisotropy:8]]
[2020.08.22-05.58.50:977][  0]LogConfig: Setting CVar [[r.Streaming.LimitPoolSizeToVRAM:0]]
[2020.08.22-05.58.50:977][  0]LogConfig: Setting CVar [[r.Streaming.PoolSize:1000]]
[2020.08.22-05.58.50:977][  0]LogConfig: Setting CVar [[r.Streaming.MaxEffectiveScreenSize:0]]
[2020.08.22-05.58.50:977][  0]LogConfig: Applying CVar settings from Section [EffectsQuality@3] File [D:/Document/Unreal Projects/PW5/Saved/Config/Windows/Scalability.ini]
[2020.08.22-05.58.50:977][  0]LogConfig: Setting CVar [[r.TranslucencyLightingVolumeDim:64]]
[2020.08.22-05.58.50:977][  0]LogConfig: Setting CVar [[r.RefractionQuality:2]]
[2020.08.22-05.58.50:977][  0]LogConfig: Setting CVar [[r.SSR.Quality:3]]
[2020.08.22-05.58.50:977][  0]LogConfig: Setting CVar [[r.SSR.HalfResSceneColor:0]]
[2020.08.22-05.58.50:977][  0]LogConfig: Setting CVar [[r.SceneColorFormat:4]]
[2020.08.22-05.58.50:977][  0]LogConfig: Setting CVar [[r.DetailMode:2]]
[2020.08.22-05.58.50:977][  0]LogConfig: Setting CVar [[r.TranslucencyVolumeBlur:1]]
[2020.08.22-05.58.50:977][  0]LogConfig: Setting CVar [[r.MaterialQualityLevel:1 ; High quality]]
[2020.08.22-05.58.50:977][  0]LogConfig: Setting CVar [[r.SSS.Scale:1]]
[2020.08.22-05.58.50:977][  0]LogConfig: Setting CVar [[r.SSS.SampleSet:2]]
[2020.08.22-05.58.50:977][  0]LogConfig: Setting CVar [[r.SSS.Quality:1]]
[2020.08.22-05.58.50:977][  0]LogConfig: Setting CVar [[r.SSS.HalfRes:0]]
[2020.08.22-05.58.50:977][  0]LogConfig: Setting CVar [[r.SSGI.Quality:3]]
[2020.08.22-05.58.50:977][  0]LogConfig: Setting CVar [[r.EmitterSpawnRateScale:1.0]]
[2020.08.22-05.58.50:977][  0]LogConfig: Setting CVar [[r.ParticleLightQuality:2]]
[2020.08.22-05.58.50:977][  0]LogConfig: Setting CVar [[r.SkyAtmosphere.AerialPerspectiveLUT.FastApplyOnOpaque:1 ; Always have FastSkyLUT 1 in this case to avoid wrong sky]]
[2020.08.22-05.58.50:977][  0]LogConfig: Setting CVar [[r.SkyAtmosphere.AerialPerspectiveLUT.SampleCountPerSlice:1]]
[2020.08.22-05.58.50:977][  0]LogConfig: Setting CVar [[r.SkyAtmosphere.AerialPerspectiveLUT.DepthResolution:16.0]]
[2020.08.22-05.58.50:977][  0]LogConfig: Setting CVar [[r.SkyAtmosphere.FastSkyLUT:1]]
[2020.08.22-05.58.50:977][  0]LogConfig: Setting CVar [[r.SkyAtmosphere.FastSkyLUT.SampleCountMin:4.0]]
[2020.08.22-05.58.50:977][  0]LogConfig: Setting CVar [[r.SkyAtmosphere.FastSkyLUT.SampleCountMax:32.0]]
[2020.08.22-05.58.50:977][  0]LogConfig: Setting CVar [[r.SkyAtmosphere.SampleCountMin:4.0]]
[2020.08.22-05.58.50:977][  0]LogConfig: Setting CVar [[r.SkyAtmosphere.SampleCountMax:32.0]]
[2020.08.22-05.58.50:977][  0]LogConfig: Setting CVar [[r.SkyAtmosphere.TransmittanceLUT.UseSmallFormat:0]]
[2020.08.22-05.58.50:977][  0]LogConfig: Setting CVar [[r.SkyAtmosphere.TransmittanceLUT.SampleCount:10.0]]
[2020.08.22-05.58.50:977][  0]LogConfig: Setting CVar [[r.SkyAtmosphere.MultiScatteringLUT.SampleCount:15.0]]
[2020.08.22-05.58.50:977][  0]LogConfig: Applying CVar settings from Section [FoliageQuality@3] File [D:/Document/Unreal Projects/PW5/Saved/Config/Windows/Scalability.ini]
[2020.08.22-05.58.50:977][  0]LogConfig: Setting CVar [[foliage.DensityScale:1.0]]
[2020.08.22-05.58.50:977][  0]LogConfig: Setting CVar [[grass.DensityScale:1.0]]
[2020.08.22-05.58.50:977][  0]LogConfig: Applying CVar settings from Section [ShadingQuality@3] File [D:/Document/Unreal Projects/PW5/Saved/Config/Windows/Scalability.ini]
[2020.08.22-05.58.50:977][  0]LogConfig: Setting CVar [[r.HairStrands.SkyLighting.SampleCount:16]]
[2020.08.22-05.58.50:977][  0]LogConfig: Setting CVar [[r.HairStrands.SkyLighting.JitterIntegration:0]]
[2020.08.22-05.58.50:977][  0]LogConfig: Setting CVar [[r.HairStrands.SkyAO.SampleCount:16]]
[2020.08.22-05.58.50:977][  0]LogConfig: Setting CVar [[r.HairStrands.DeepShadow.SuperSampling:0]]
[2020.08.22-05.58.50:977][  0]LogConfig: Setting CVar [[r.HairStrands.VisibilityPPLL:0]]
[2020.08.22-05.58.50:977][  0]LogConfig: Setting CVar [[r.HairStrands.RasterizationScale:0.5]]
[2020.08.22-05.58.50:977][  0]LogConfig: Setting CVar [[r.HairStrands.VelocityRasterizationScale:1]]
[2020.08.22-05.58.50:978][  0]LogInit: Selected Device Profile: [Windows]
[2020.08.22-05.58.50:978][  0]LogInit: Applying CVar settings loaded from the selected device profile: [Windows]
[2020.08.22-05.58.50:979][  0]LogHAL: Display: Platform has ~ 24 GB [25712603136 / 34359738368 / 24], which maps to Larger [LargestMinGB=32, LargerMinGB=12, DefaultMinGB=8, SmallerMinGB=6, SmallestMinGB=0)
[2020.08.22-05.58.50:980][  0]LogInit: Going up to parent DeviceProfile []
[2020.08.22-05.58.50:980][  0]LogConfig: Applying CVar settings from Section [ViewDistanceQuality@3] File [D:/Document/Unreal Projects/PW5/Saved/Config/Windows/Scalability.ini]
[2020.08.22-05.58.50:980][  0]LogConfig: Setting CVar [[r.SkeletalMeshLODBias:0]]
[2020.08.22-05.58.50:980][  0]LogConfig: Setting CVar [[r.ViewDistanceScale:1.0]]
[2020.08.22-05.58.50:980][  0]LogConfig: Applying CVar settings from Section [AntiAliasingQuality@3] File [D:/Document/Unreal Projects/PW5/Saved/Config/Windows/Scalability.ini]
[2020.08.22-05.58.50:980][  0]LogConfig: Setting CVar [[r.PostProcessAAQuality:4]]
[2020.08.22-05.58.50:980][  0]LogConfig: Applying CVar settings from Section [ShadowQuality@3] File [D:/Document/Unreal Projects/PW5/Saved/Config/Windows/Scalability.ini]
[2020.08.22-05.58.50:980][  0]LogConfig: Setting CVar [[r.LightFunctionQuality:1]]
[2020.08.22-05.58.50:980][  0]LogConfig: Setting CVar [[r.ShadowQuality:5]]
[2020.08.22-05.58.50:980][  0]LogConfig: Setting CVar [[r.Shadow.CSM.MaxCascades:10]]
[2020.08.22-05.58.50:980][  0]LogConfig: Setting CVar [[r.Shadow.MaxResolution:2048]]
[2020.08.22-05.58.50:980][  0]LogConfig: Setting CVar [[r.Shadow.MaxCSMResolution:2048]]
[2020.08.22-05.58.50:980][  0]LogConfig: Setting CVar [[r.Shadow.RadiusThreshold:0.01]]
[2020.08.22-05.58.50:980][  0]LogConfig: Setting CVar [[r.Shadow.DistanceScale:1.0]]
[2020.08.22-05.58.50:980][  0]LogConfig: Setting CVar [[r.Shadow.CSM.TransitionScale:1.0]]
[2020.08.22-05.58.50:980][  0]LogConfig: Setting CVar [[r.Shadow.PreShadowResolutionFactor:1.0]]
[2020.08.22-05.58.50:980][  0]LogConfig: Setting CVar [[r.DistanceFieldShadowing:1]]
[2020.08.22-05.58.50:980][  0]LogConfig: Setting CVar [[r.DistanceFieldAO:1]]
[2020.08.22-05.58.50:980][  0]LogConfig: Setting CVar [[r.AOQuality:2]]
[2020.08.22-05.58.50:980][  0]LogConfig: Setting CVar [[r.VolumetricFog:1]]
[2020.08.22-05.58.50:980][  0]LogConfig: Setting CVar [[r.VolumetricFog.GridPixelSize:8]]
[2020.08.22-05.58.50:980][  0]LogConfig: Setting CVar [[r.VolumetricFog.GridSizeZ:128]]
[2020.08.22-05.58.50:980][  0]LogConfig: Setting CVar [[r.VolumetricFog.HistoryMissSupersampleCount:4]]
[2020.08.22-05.58.50:980][  0]LogConfig: Setting CVar [[r.LightMaxDrawDistanceScale:1]]
[2020.08.22-05.58.50:980][  0]LogConfig: Setting CVar [[r.CapsuleShadows:1]]
[2020.08.22-05.58.50:980][  0]LogConfig: Applying CVar settings from Section [PostProcessQuality@3] File [D:/Document/Unreal Projects/PW5/Saved/Config/Windows/Scalability.ini]
[2020.08.22-05.58.50:980][  0]LogConfig: Setting CVar [[r.MotionBlurQuality:4]]
[2020.08.22-05.58.50:980][  0]LogConfig: Setting CVar [[r.AmbientOcclusionMipLevelFactor:0.4]]
[2020.08.22-05.58.50:980][  0]LogConfig: Setting CVar [[r.AmbientOcclusionMaxQuality:100]]
[2020.08.22-05.58.50:980][  0]LogConfig: Setting CVar [[r.AmbientOcclusionLevels:-1]]
[2020.08.22-05.58.50:981][  0]LogConfig: Setting CVar [[r.AmbientOcclusionRadiusScale:1.0]]
[2020.08.22-05.58.50:981][  0]LogConfig: Setting CVar [[r.DepthOfFieldQuality:2]]
[2020.08.22-05.58.50:981][  0]LogConfig: Setting CVar [[r.RenderTargetPoolMin:400]]
[2020.08.22-05.58.50:981][  0]LogConfig: Setting CVar [[r.LensFlareQuality:2]]
[2020.08.22-05.58.50:981][  0]LogConfig: Setting CVar [[r.SceneColorFringeQuality:1]]
[2020.08.22-05.58.50:981][  0]LogConfig: Setting CVar [[r.EyeAdaptationQuality:2]]
[2020.08.22-05.58.50:981][  0]LogConfig: Setting CVar [[r.BloomQuality:5]]
[2020.08.22-05.58.50:981][  0]LogConfig: Setting CVar [[r.FastBlurThreshold:100]]
[2020.08.22-05.58.50:981][  0]LogConfig: Setting CVar [[r.Upscale.Quality:3]]
[2020.08.22-05.58.50:981][  0]LogConfig: Setting CVar [[r.Tonemapper.GrainQuantization:1]]
[2020.08.22-05.58.50:981][  0]LogConfig: Setting CVar [[r.LightShaftQuality:1]]
[2020.08.22-05.58.50:981][  0]LogConfig: Setting CVar [[r.Filter.SizeScale:1]]
[2020.08.22-05.58.50:981][  0]LogConfig: Setting CVar [[r.Tonemapper.Quality:5]]
[2020.08.22-05.58.50:981][  0]LogConfig: Setting CVar [[r.DOF.Gather.AccumulatorQuality:1        ; higher gathering accumulator quality]]
[2020.08.22-05.58.50:981][  0]LogConfig: Setting CVar [[r.DOF.Gather.PostfilterMethod:1          ; Median3x3 postfilering method]]
[2020.08.22-05.58.50:981][  0]LogConfig: Setting CVar [[r.DOF.Gather.EnableBokehSettings:0       ; no bokeh simulation when gathering]]
[2020.08.22-05.58.50:981][  0]LogConfig: Setting CVar [[r.DOF.Gather.RingCount:4                 ; medium number of samples when gathering]]
[2020.08.22-05.58.50:981][  0]LogConfig: Setting CVar [[r.DOF.Scatter.ForegroundCompositing:1    ; additive foreground scattering]]
[2020.08.22-05.58.50:981][  0]LogConfig: Setting CVar [[r.DOF.Scatter.BackgroundCompositing:2    ; additive background scattering]]
[2020.08.22-05.58.50:981][  0]LogConfig: Setting CVar [[r.DOF.Scatter.EnableBokehSettings:1      ; bokeh simulation when scattering]]
[2020.08.22-05.58.50:981][  0]LogConfig: Setting CVar [[r.DOF.Scatter.MaxSpriteRatio:0.1         ; only a maximum of 10% of scattered bokeh]]
[2020.08.22-05.58.50:981][  0]LogConfig: Setting CVar [[r.DOF.Recombine.Quality:1                ; cheap slight out of focus]]
[2020.08.22-05.58.50:981][  0]LogConfig: Setting CVar [[r.DOF.Recombine.EnableBokehSettings:0    ; no bokeh simulation on slight out of focus]]
[2020.08.22-05.58.50:981][  0]LogConfig: Setting CVar [[r.DOF.TemporalAAQuality:1                ; more stable temporal accumulation]]
[2020.08.22-05.58.50:981][  0]LogConfig: Setting CVar [[r.DOF.Kernel.MaxForegroundRadius:0.025]]
[2020.08.22-05.58.50:981][  0]LogConfig: Setting CVar [[r.DOF.Kernel.MaxBackgroundRadius:0.025]]
[2020.08.22-05.58.50:981][  0]LogConfig: Applying CVar settings from Section [TextureQuality@3] File [D:/Document/Unreal Projects/PW5/Saved/Config/Windows/Scalability.ini]
[2020.08.22-05.58.50:981][  0]LogConfig: Setting CVar [[r.Streaming.MipBias:0]]
[2020.08.22-05.58.50:981][  0]LogConfig: Setting CVar [[r.Streaming.AmortizeCPUToGPUCopy:0]]
[2020.08.22-05.58.50:981][  0]LogConfig: Setting CVar [[r.Streaming.MaxNumTexturesToStreamPerFrame:0]]
[2020.08.22-05.58.50:981][  0]LogConfig: Setting CVar [[r.Streaming.Boost:1]]
[2020.08.22-05.58.50:981][  0]LogConfig: Setting CVar [[r.MaxAnisotropy:8]]
[2020.08.22-05.58.50:981][  0]LogConfig: Setting CVar [[r.VT.MaxAnisotropy:8]]
[2020.08.22-05.58.50:981][  0]LogConfig: Setting CVar [[r.Streaming.LimitPoolSizeToVRAM:0]]
[2020.08.22-05.58.50:981][  0]LogConfig: Setting CVar [[r.Streaming.PoolSize:1000]]
[2020.08.22-05.58.50:981][  0]LogConfig: Setting CVar [[r.Streaming.MaxEffectiveScreenSize:0]]
[2020.08.22-05.58.50:981][  0]LogConfig: Applying CVar settings from Section [EffectsQuality@3] File [D:/Document/Unreal Projects/PW5/Saved/Config/Windows/Scalability.ini]
[2020.08.22-05.58.50:981][  0]LogConfig: Setting CVar [[r.TranslucencyLightingVolumeDim:64]]
[2020.08.22-05.58.50:981][  0]LogConfig: Setting CVar [[r.RefractionQuality:2]]
[2020.08.22-05.58.50:981][  0]LogConfig: Setting CVar [[r.SSR.Quality:3]]
[2020.08.22-05.58.50:981][  0]LogConfig: Setting CVar [[r.SSR.HalfResSceneColor:0]]
[2020.08.22-05.58.50:981][  0]LogConfig: Setting CVar [[r.SceneColorFormat:4]]
[2020.08.22-05.58.50:981][  0]LogConfig: Setting CVar [[r.DetailMode:2]]
[2020.08.22-05.58.50:981][  0]LogConfig: Setting CVar [[r.TranslucencyVolumeBlur:1]]
[2020.08.22-05.58.50:981][  0]LogConfig: Setting CVar [[r.MaterialQualityLevel:1 ; High quality]]
[2020.08.22-05.58.50:981][  0]LogConfig: Setting CVar [[r.SSS.Scale:1]]
[2020.08.22-05.58.50:981][  0]LogConfig: Setting CVar [[r.SSS.SampleSet:2]]
[2020.08.22-05.58.50:981][  0]LogConfig: Setting CVar [[r.SSS.Quality:1]]
[2020.08.22-05.58.50:981][  0]LogConfig: Setting CVar [[r.SSS.HalfRes:0]]
[2020.08.22-05.58.50:981][  0]LogConfig: Setting CVar [[r.SSGI.Quality:3]]
[2020.08.22-05.58.50:981][  0]LogConfig: Setting CVar [[r.EmitterSpawnRateScale:1.0]]
[2020.08.22-05.58.50:981][  0]LogConfig: Setting CVar [[r.ParticleLightQuality:2]]
[2020.08.22-05.58.50:981][  0]LogConfig: Setting CVar [[r.SkyAtmosphere.AerialPerspectiveLUT.FastApplyOnOpaque:1 ; Always have FastSkyLUT 1 in this case to avoid wrong sky]]
[2020.08.22-05.58.50:981][  0]LogConfig: Setting CVar [[r.SkyAtmosphere.AerialPerspectiveLUT.SampleCountPerSlice:1]]
[2020.08.22-05.58.50:981][  0]LogConfig: Setting CVar [[r.SkyAtmosphere.AerialPerspectiveLUT.DepthResolution:16.0]]
[2020.08.22-05.58.50:981][  0]LogConfig: Setting CVar [[r.SkyAtmosphere.FastSkyLUT:1]]
[2020.08.22-05.58.50:981][  0]LogConfig: Setting CVar [[r.SkyAtmosphere.FastSkyLUT.SampleCountMin:4.0]]
[2020.08.22-05.58.50:981][  0]LogConfig: Setting CVar [[r.SkyAtmosphere.FastSkyLUT.SampleCountMax:32.0]]
[2020.08.22-05.58.50:981][  0]LogConfig: Setting CVar [[r.SkyAtmosphere.SampleCountMin:4.0]]
[2020.08.22-05.58.50:981][  0]LogConfig: Setting CVar [[r.SkyAtmosphere.SampleCountMax:32.0]]
[2020.08.22-05.58.50:981][  0]LogConfig: Setting CVar [[r.SkyAtmosphere.TransmittanceLUT.UseSmallFormat:0]]
[2020.08.22-05.58.50:981][  0]LogConfig: Setting CVar [[r.SkyAtmosphere.TransmittanceLUT.SampleCount:10.0]]
[2020.08.22-05.58.50:981][  0]LogConfig: Setting CVar [[r.SkyAtmosphere.MultiScatteringLUT.SampleCount:15.0]]
[2020.08.22-05.58.50:981][  0]LogConfig: Applying CVar settings from Section [FoliageQuality@3] File [D:/Document/Unreal Projects/PW5/Saved/Config/Windows/Scalability.ini]
[2020.08.22-05.58.50:981][  0]LogConfig: Setting CVar [[foliage.DensityScale:1.0]]
[2020.08.22-05.58.50:982][  0]LogConfig: Setting CVar [[grass.DensityScale:1.0]]
[2020.08.22-05.58.50:982][  0]LogConfig: Applying CVar settings from Section [ShadingQuality@3] File [D:/Document/Unreal Projects/PW5/Saved/Config/Windows/Scalability.ini]
[2020.08.22-05.58.50:982][  0]LogConfig: Setting CVar [[r.HairStrands.SkyLighting.SampleCount:16]]
[2020.08.22-05.58.50:982][  0]LogConfig: Setting CVar [[r.HairStrands.SkyLighting.JitterIntegration:0]]
[2020.08.22-05.58.50:982][  0]LogConfig: Setting CVar [[r.HairStrands.SkyAO.SampleCount:16]]
[2020.08.22-05.58.50:982][  0]LogConfig: Setting CVar [[r.HairStrands.DeepShadow.SuperSampling:0]]
[2020.08.22-05.58.50:982][  0]LogConfig: Setting CVar [[r.HairStrands.VisibilityPPLL:0]]
[2020.08.22-05.58.50:982][  0]LogConfig: Setting CVar [[r.HairStrands.RasterizationScale:0.5]]
[2020.08.22-05.58.50:982][  0]LogConfig: Setting CVar [[r.HairStrands.VelocityRasterizationScale:1]]
[2020.08.22-05.58.50:982][  0]LogConfig: Applying CVar settings from Section [Startup] File [../../../Engine/Config/ConsoleVariables.ini]
[2020.08.22-05.58.50:988][  0]LogConfig: Setting CVar [[net.UseAdaptiveNetUpdateFrequency:0]]
[2020.08.22-05.58.50:988][  0]LogConfig: Setting CVar [[p.chaos.AllowCreatePhysxBodies:1]]
[2020.08.22-05.58.50:988][  0]LogConfig: Setting CVar [[fx.SkipVectorVMBackendOptimizations:1]]
[2020.08.22-05.58.50:988][  0]LogConfig: Applying CVar settings from Section [ConsoleVariables] File [D:/Document/Unreal Projects/PW5/Saved/Config/Windows/Engine.ini]
[2020.08.22-05.58.50:989][  0]LogInit: Computer: KAMATA
[2020.08.22-05.58.50:989][  0]LogInit: User: User01
[2020.08.22-05.58.50:989][  0]LogInit: CPU Page size=4096, Cores=4
[2020.08.22-05.58.50:989][  0]LogInit: High frequency timer resolution =10.000000 MHz
[2020.08.22-05.58.50:989][  0]LogMemory: Memory total: Physical=23.9GB (24GB approx)
[2020.08.22-05.58.50:989][  0]LogMemory: Platform Memory Stats for Windows
[2020.08.22-05.58.50:989][  0]LogMemory: Process Physical Memory: 115.67 MB used, 115.68 MB peak
[2020.08.22-05.58.50:989][  0]LogMemory: Process Virtual Memory: 110.36 MB used, 110.36 MB peak
[2020.08.22-05.58.50:989][  0]LogMemory: Physical Memory: 6287.21 MB used,  18234.24 MB free, 24521.45 MB total
[2020.08.22-05.58.50:989][  0]LogMemory: Virtual Memory: 5157.42 MB used,  134212568.00 MB free, 134217728.00 MB total
[2020.08.22-05.58.50:997][  0]LogWindows: WindowsPlatformFeatures enabled
[2020.08.22-05.58.51:365][  0]LogInit: Physics initialised using underlying interface: PhysX
[2020.08.22-05.58.51:367][  0]LogInit: Overriding language with editor language configuration option (en).
[2020.08.22-05.58.51:367][  0]LogInit: Overriding locale with editor culture configuration option ().
[2020.08.22-05.58.51:367][  0]LogInit: Using OS detected locale (ja-JP).
[2020.08.22-05.58.51:707][  0]LogInit: Setting process to per monitor DPI aware
[2020.08.22-05.58.51:850][  0]LogSlate: New Slate User Created.  User Index 0, Is Virtual User: 0
[2020.08.22-05.58.51:850][  0]LogSlate: Slate User Registered.  User Index 0, Is Virtual User: 0
[2020.08.22-05.58.54:854][  0]LogHMD: Failed to initialize OpenVR with code 110
[2020.08.22-05.58.54:854][  0]LogD3D11RHI: D3D11 min allowed feature level: 11_0
[2020.08.22-05.58.54:854][  0]LogD3D11RHI: D3D11 max allowed feature level: 11_0
[2020.08.22-05.58.54:854][  0]LogD3D11RHI: D3D11 adapters:
[2020.08.22-05.58.54:947][  0]LogD3D11RHI:    0. 'NVIDIA GeForce GTX 1060 6GB' (Feature Level 11_0)
[2020.08.22-05.58.54:947][  0]LogD3D11RHI:       6052/0/12260 MB DedicatedVideo/DedicatedSystem/SharedSystem, Outputs:2, VendorId:0x10de
[2020.08.22-05.58.54:949][  0]LogD3D11RHI:    1. 'Microsoft Basic Render Driver' (Feature Level 11_0)
[2020.08.22-05.58.54:949][  0]LogD3D11RHI:       0/0/12260 MB DedicatedVideo/DedicatedSystem/SharedSystem, Outputs:0, VendorId:0x1414
[2020.08.22-05.58.54:949][  0]LogD3D11RHI: Chosen D3D11 Adapter: 0
[2020.08.22-05.58.54:957][  0]LogD3D11RHI: Creating new Direct3DDevice
[2020.08.22-05.58.54:957][  0]LogD3D11RHI:     GPU DeviceId: 0x1c03 (for the marketing name, search the web for "GPU Device Id")
[2020.08.22-05.58.54:957][  0]LogWindows: EnumDisplayDevices:
[2020.08.22-05.58.54:957][  0]LogWindows:    0. 'NVIDIA GeForce GTX 1060 6GB' (P:1 D:1)
[2020.08.22-05.58.54:958][  0]LogWindows:    1. 'NVIDIA GeForce GTX 1060 6GB' (P:0 D:0)
[2020.08.22-05.58.54:958][  0]LogWindows:    2. 'NVIDIA GeForce GTX 1060 6GB' (P:0 D:1)
[2020.08.22-05.58.54:958][  0]LogWindows:    3. 'NVIDIA GeForce GTX 1060 6GB' (P:0 D:0)
[2020.08.22-05.58.54:958][  0]LogWindows: DebugString: FoundDriverCount:4 
[2020.08.22-05.58.54:958][  0]LogD3D11RHI:     Adapter Name: NVIDIA GeForce GTX 1060 6GB
[2020.08.22-05.58.54:958][  0]LogD3D11RHI:   Driver Version: 452.06 (internal:27.21.14.5206, unified:452.06)
[2020.08.22-05.58.54:958][  0]LogD3D11RHI:      Driver Date: 8-12-2020
[2020.08.22-05.58.54:958][  0]LogRHI: Texture pool is 4236 MB (70% of 6052 MB)
[2020.08.22-05.58.55:002][  0]LogD3D11RHI: RHI has support for 64 bit atomics
[2020.08.22-05.58.55:005][  0]LogD3D11RHI: [Aftermath] Enabled and primed
[2020.08.22-05.58.55:006][  0]LogD3D11RHI: Async texture creation enabled
[2020.08.22-05.58.55:006][  0]LogD3D11RHI: Array index from any shader is supported
[2020.08.22-05.58.55:036][  0]LogD3D11RHI: GPU Timing Frequency: 1000.000000 (Debug: 2 1)
[2020.08.22-05.58.55:646][  0]LogTargetPlatformManager: Display: Loaded TargetPlatform 'AllDesktop'
[2020.08.22-05.58.55:684][  0]LogTargetPlatformManager: Display: Loaded TargetPlatform 'Android'
[2020.08.22-05.58.55:684][  0]LogTargetPlatformManager: Display: Loaded TargetPlatform 'Android_ASTC'
[2020.08.22-05.58.55:684][  0]LogTargetPlatformManager: Display: Loaded TargetPlatform 'Android_DXT'
[2020.08.22-05.58.55:684][  0]LogTargetPlatformManager: Display: Loaded TargetPlatform 'Android_ETC2'
[2020.08.22-05.58.55:684][  0]LogTargetPlatformManager: Display: Loaded TargetPlatform 'AndroidClient'
[2020.08.22-05.58.55:684][  0]LogTargetPlatformManager: Display: Loaded TargetPlatform 'Android_ASTCClient'
[2020.08.22-05.58.55:684][  0]LogTargetPlatformManager: Display: Loaded TargetPlatform 'Android_DXTClient'
[2020.08.22-05.58.55:684][  0]LogTargetPlatformManager: Display: Loaded TargetPlatform 'Android_ETC2Client'
[2020.08.22-05.58.55:684][  0]LogTargetPlatformManager: Display: Loaded TargetPlatform 'Android_Multi'
[2020.08.22-05.58.55:684][  0]LogTargetPlatformManager: Display: Loaded TargetPlatform 'Android_MultiClient'
[2020.08.22-05.58.55:762][  0]LogTargetPlatformManager: Display: Loaded TargetPlatform 'IOSClient'
[2020.08.22-05.58.55:762][  0]LogTargetPlatformManager: Display: Loaded TargetPlatform 'IOS'
[2020.08.22-05.58.55:798][  0]LogTargetPlatformManager: Display: Loaded TargetPlatform 'Linux'
[2020.08.22-05.58.55:824][  0]LogTargetPlatformManager: Display: Loaded TargetPlatform 'LinuxNoEditor'
[2020.08.22-05.58.55:848][  0]LogTargetPlatformManager: Display: Loaded TargetPlatform 'LinuxClient'
[2020.08.22-05.58.55:874][  0]LogTargetPlatformManager: Display: Loaded TargetPlatform 'LinuxServer'
[2020.08.22-05.58.55:899][  0]LogTargetPlatformManager: Display: Loaded TargetPlatform 'LinuxAArch64NoEditor'
[2020.08.22-05.58.55:926][  0]LogTargetPlatformManager: Display: Loaded TargetPlatform 'LinuxAArch64Client'
[2020.08.22-05.58.55:951][  0]LogTargetPlatformManager: Display: Loaded TargetPlatform 'LinuxAArch64Server'
[2020.08.22-05.58.55:995][  0]LogTargetPlatformManager: Display: Loaded TargetPlatform 'Lumin'
[2020.08.22-05.58.55:995][  0]LogTargetPlatformManager: Display: Loaded TargetPlatform 'LuminClient'
[2020.08.22-05.58.56:024][  0]LogTargetPlatformManager: Display: Loaded TargetPlatform 'TVOSClient'
[2020.08.22-05.58.56:024][  0]LogTargetPlatformManager: Display: Loaded TargetPlatform 'TVOS'
[2020.08.22-05.58.56:051][  0]LogTargetPlatformManager: Display: Loaded TargetPlatform 'WindowsNoEditor'
[2020.08.22-05.58.56:076][  0]LogTargetPlatformManager: Display: Loaded TargetPlatform 'Windows'
[2020.08.22-05.58.56:102][  0]LogTargetPlatformManager: Display: Loaded TargetPlatform 'WindowsClient'
[2020.08.22-05.58.56:129][  0]LogTargetPlatformManager: Display: Loaded TargetPlatform 'WindowsServer'
[2020.08.22-05.58.56:129][  0]LogTargetPlatformManager: Display: Building Assets For Windows
[2020.08.22-05.58.56:206][  0]LogAudioDebug: Display: Lib vorbis DLL was dynamically loaded.
[2020.08.22-05.58.56:582][  0]LogShaderCompilers: Guid format shader working directory is 16 characters bigger than the processId version (D:/Document/Unreal Projects/PW5/Intermediate/Shaders/WorkingDirectory/1248/).
[2020.08.22-05.58.56:582][  0]LogShaderCompilers: Cleaned the shader compiler working directory 'C:/Users/User01/AppData/Local/Temp/UnrealShaderWorkingDir/3749C1D2447192CFC45AF7AEC7CBFE8C/'.
[2020.08.22-05.58.56:582][  0]LogXGEController: Cleaning working directory: C:/Users/User01/AppData/Local/Temp/UnrealXGEWorkingDir/
[2020.08.22-05.58.56:583][  0]LogXGEController: Cannot use XGE Controller as Incredibuild is not installed on this machine.
[2020.08.22-05.58.56:583][  0]LogShaderCompilers: Cannot use XGE Shader Compiler as Incredibuild is not installed on this machine.
[2020.08.22-05.58.56:583][  0]LogShaderCompilers: Display: Using Local Shader Compiler.
[2020.08.22-05.59.00:005][  0]LogDerivedDataCache: Display: Max Cache Size: 512 MB
[2020.08.22-05.59.00:206][  0]LogDerivedDataCache: Loaded boot cache 0.20s 75MB C:/Users/User01/AppData/Local/UnrealEngine/4.25/DerivedDataCache/Boot.ddc.
[2020.08.22-05.59.00:206][  0]LogDerivedDataCache: Display: Loaded Boot cache: C:/Users/User01/AppData/Local/UnrealEngine/4.25/DerivedDataCache/Boot.ddc
[2020.08.22-05.59.00:206][  0]LogDerivedDataCache: FDerivedDataBackendGraph:  Pak pak cache file D:/Document/Unreal Projects/PW5/DerivedDataCache/DDC.ddp not found, will not use a pak cache.
[2020.08.22-05.59.00:206][  0]LogDerivedDataCache: Unable to find inner node Pak for hierarchical cache Hierarchy.
[2020.08.22-05.59.00:206][  0]LogDerivedDataCache: FDerivedDataBackendGraph:  CompressedPak pak cache file D:/Document/Unreal Projects/PW5/DerivedDataCache/Compressed.ddp not found, will not use a pak cache.
[2020.08.22-05.59.00:206][  0]LogDerivedDataCache: Unable to find inner node CompressedPak for hierarchical cache Hierarchy.
[2020.08.22-05.59.00:227][  0]LogDerivedDataCache: Display: Pak cache opened for reading ../../../Engine/DerivedDataCache/Compressed.ddp.
[2020.08.22-05.59.00:227][  0]LogDerivedDataCache: FDerivedDataBackendGraph:  EnterprisePak pak cache file ../../../Enterprise/DerivedDataCache/Compressed.ddp not found, will not use a pak cache.
[2020.08.22-05.59.00:227][  0]LogDerivedDataCache: Unable to find inner node EnterprisePak for hierarchical cache Hierarchy.
[2020.08.22-05.59.00:230][  0]LogDerivedDataCache: Using Local data cache path C:/Users/User01/AppData/Local/UnrealEngine/Common/DerivedDataCache: Writable
[2020.08.22-05.59.00:230][  0]LogDerivedDataCache: Shared data cache path not found in *engine.ini, will not use an Shared cache.
[2020.08.22-05.59.00:230][  0]LogDerivedDataCache: Unable to find inner node Shared for hierarchical cache Hierarchy.
[2020.08.22-05.59.00:286][  0]LogSlate: Using FreeType 2.10.0
[2020.08.22-05.59.00:300][  0]LogSlate: SlateFontServices - WITH_FREETYPE: 1, WITH_HARFBUZZ: 1
[2020.08.22-05.59.00:385][  0]LogAssetRegistry: FAssetRegistry took 0.0046 seconds to start up
[2020.08.22-05.59.00:718][  0]LogInit: Selected Device Profile: [Windows]
[2020.08.22-05.59.01:224][  0]LogMeshReduction: Using QuadricMeshReduction for automatic static mesh reduction
[2020.08.22-05.59.01:224][  0]LogMeshReduction: Using SimplygonMeshReduction for automatic skeletal mesh reduction
[2020.08.22-05.59.01:224][  0]LogMeshReduction: Using ProxyLODMeshReduction for automatic mesh merging
[2020.08.22-05.59.01:224][  0]LogMeshReduction: No distributed automatic mesh merging module available
[2020.08.22-05.59.01:225][  0]LogMeshMerging: No distributed automatic mesh merging module available
[2020.08.22-05.59.01:318][  0]LogNetVersion: PW5 1.0.0, NetCL: 13144385, EngineNetVer: 14, GameNetVer: 0 (Checksum: 377290373)
[2020.08.22-05.59.03:049][  0]LogAISub: UAISubsystem::UAISubsystem AISubsystem (000002503D51D7C0), frame # 0
[2020.08.22-05.59.03:049][  0]LogAISub: UAISubsystem::UAISubsystem AIPerceptionSystem (000002503D43C540), frame # 0
[2020.08.22-05.59.03:054][  0]LogAISub: UAISubsystem::UAISubsystem EnvQueryManager (000002503D56E800), frame # 0
[2020.08.22-05.59.03:156][  0]LogPackageLocalizationCache: Processed 19 localized package path(s) for 1 prioritized culture(s) in 0.065340 seconds
[2020.08.22-05.59.03:164][  0]LogUObjectArray: 15917 objects as part of root set at end of initial load.
[2020.08.22-05.59.03:164][  0]LogUObjectAllocator: 3965568 out of 0 bytes used by permanent object pool.
[2020.08.22-05.59.03:164][  0]LogUObjectArray: CloseDisregardForGC: 0/0 objects in disregard for GC pool
[2020.08.22-05.59.05:248][  0]LogTcpMessaging: Initializing TcpMessaging bridge
[2020.08.22-05.59.05:272][  0]LogUdpMessaging: Initializing bridge on interface 0.0.0.0:0 to multicast group 230.0.0.1:6666.
[2020.08.22-05.59.05:720][  0]SourceControl: Source control is disabled
[2020.08.22-05.59.05:721][  0]SourceControl: Source control is disabled
[2020.08.22-05.59.05:749][  0]SourceControl: Source control is disabled
[2020.08.22-05.59.05:773][  0]SourceControl: Source control is disabled
[2020.08.22-05.59.05:820][  0]SourceControl: Source control is disabled
[2020.08.22-05.59.07:297][  0]LogAndroidPermission: UAndroidPermissionCallbackProxy::GetInstance
[2020.08.22-05.59.07:428][  0]LogAudioCaptureCore: Display: No Audio Capture implementations found. Audio input will be silent.
[2020.08.22-05.59.07:428][  0]LogAudioCaptureCore: Display: No Audio Capture implementations found. Audio input will be silent.
[2020.08.22-05.59.07:670][  0]LogOcInput: OculusInput pre-init called
[2020.08.22-05.59.07:719][  0]LogWindows: Failed to load 'OVRPlugin.dll' (GetLastError=126)
[2020.08.22-05.59.07:719][  0]LogWindows: File 'OVRPlugin.dll' does not exist
[2020.08.22-05.59.07:985][  0]LogEngine: Initializing Engine...
[2020.08.22-05.59.07:987][  0]LogHMD: Failed to initialize OpenVR with code 110
[2020.08.22-05.59.07:987][  0]LogMagicLeap: Warning: VR disabled because ZI is not enabled.  To enable, in the editor, Edit -> Project Settings -> Plugins -> Magic Leap Plugin -> Enable Zero Iteration
[2020.08.22-05.59.07:990][  0]LogStats: UGameplayTagsManager::InitializeManager -  0.001 s
[2020.08.22-05.59.08:341][  0]LogInit: Initializing FReadOnlyCVARCache
[2020.08.22-05.59.08:394][  0]LogAIModule: Creating AISystem for world Untitled
[2020.08.22-05.59.08:395][  0]LogAISub: UAISubsystem::UAISubsystem EnvQueryManager (0000025041749C00), frame # 0
[2020.08.22-05.59.08:395][  0]LogAISub: UAISubsystem::UAISubsystem AIPerceptionSystem (0000025041789580), frame # 0
[2020.08.22-05.59.08:426][  0]LogAudioMixer: Display: Audio Mixer Platform Settings:
[2020.08.22-05.59.08:426][  0]LogAudioMixer: Display: 	Sample Rate:						  48000
[2020.08.22-05.59.08:426][  0]LogAudioMixer: Display: 	Callback Buffer Frame Size Requested: 1024
[2020.08.22-05.59.08:426][  0]LogAudioMixer: Display: 	Callback Buffer Frame Size To Use:	  1024
[2020.08.22-05.59.08:426][  0]LogAudioMixer: Display: 	Number of buffers to queue:			  2
[2020.08.22-05.59.08:426][  0]LogAudioMixer: Display: 	Max Channels (voices):				  32
[2020.08.22-05.59.08:426][  0]LogAudioMixer: Display: 	Number of Async Source Workers:		  0
[2020.08.22-05.59.08:426][  0]LogAudio: Display: AudioDevice MaxSources: 32
[2020.08.22-05.59.08:428][  0]LogAudio: Display: Using built-in audio occlusion.
[2020.08.22-05.59.08:428][  0]LogAudioMixer: Display: Initializing audio mixer.
[2020.08.22-05.59.08:480][  0]LogAudioMixer: Display: 0: FrontLeft
[2020.08.22-05.59.08:480][  0]LogAudioMixer: Display: 1: FrontRight
[2020.08.22-05.59.08:520][  0]LogAudioMixer: Display: Using Audio Device ライン (Steinberg UR22)
[2020.08.22-05.59.08:521][  0]LogAudioMixer: Display: Initializing Sound Submixes...
[2020.08.22-05.59.08:550][  0]LogAudioMixer: Display: Creating Master Submix 'MasterSubmixDefault'
[2020.08.22-05.59.08:550][  0]LogAudioMixer: Display: Creating Master Submix 'MasterReverbSubmixDefault'
[2020.08.22-05.59.08:551][  0]LogAudioMixer: Display: Creating Master Submix 'MasterEQSubmixDefault'
[2020.08.22-05.59.08:552][  0]LogInit: FAudioDevice initialized.
[2020.08.22-05.59.08:553][  0]LogNetVersion: Set ProjectVersion to 1.0.0.0. Version Checksum will be recalculated on next use.
[2020.08.22-05.59.08:836][  0]LogDerivedDataCache: Saved boot cache 0.28s 75MB C:/Users/User01/AppData/Local/UnrealEngine/4.25/DerivedDataCache/Boot.ddc.
[2020.08.22-05.59.08:845][  0]LogInit: Texture streaming: Enabled
[2020.08.22-05.59.08:935][  0]LogEngineSessionManager: EngineSessionManager initialized
[2020.08.22-05.59.08:935][  0]LogEditorSessionSummary: Verbose: Initializing EditorSessionSummaryWriter for editor session tracking
[2020.08.22-05.59.08:937][  0]LogEditorSessionSummary: EditorSessionSummaryWriter initialized
[2020.08.22-05.59.09:055][  0]LogInit: Transaction tracking system initialized
[2020.08.22-05.59.09:207][  0]BlueprintLog: New page: Editor Load
[2020.08.22-05.59.09:707][  0]LocalizationService: Localization service is disabled
[2020.08.22-05.59.10:583][  0]LogCook: Display: Max memory allowance for cook 16384mb min free memory 0mb
[2020.08.22-05.59.10:583][  0]LogCook: Display: Mobile HDR setting 1
[2020.08.22-05.59.10:732][  0]LogFileCache: Scanning file cache for directory 'D:/Document/Unreal Projects/PW5/Content/' took 0.01s
[2020.08.22-05.59.11:735][  0]SourceControl: Source control is disabled
[2020.08.22-05.59.11:735][  0]LogUnrealEdMisc: Loading editor; pre map load, took 26.095
[2020.08.22-05.59.11:737][  0]Cmd: MAP LOAD FILE="D:/Document/Unreal Projects/PW5/Content/Levels/Level001.umap" TEMPLATE=0 SHOWPROGRESS=1 FEATURELEVEL=3
[2020.08.22-05.59.11:738][  0]LightingResults: New page: Lighting Build
[2020.08.22-05.59.11:743][  0]LogWorld: UWorld::CleanupWorld for Untitled, bSessionEnded=true, bCleanupResources=true
[2020.08.22-05.59.11:743][  0]LogSlate: InvalidateAllWidgets triggered.  All widgets were invalidated
[2020.08.22-05.59.11:744][  0]MapCheck: New page: Map Check
[2020.08.22-05.59.11:744][  0]LightingResults: New page: Lighting Build
[2020.08.22-05.59.11:759][  0]LogAISub: UAISubsystem::~UAISubsystem EnvQueryManager (0000025041749C00), frame # 0
[2020.08.22-05.59.11:759][  0]LogAISub: UAISubsystem::~UAISubsystem AIPerceptionSystem (0000025041789580), frame # 0
[2020.08.22-05.59.11:760][  0]LogUObjectHash: Compacting FUObjectHashTables data took   0.60ms
[2020.08.22-05.59.13:272][  0]LogBlueprint: Warning: [Compiler Ue4ASP_Character] Input Axis Event references unknown Axis 'MoveForward' for  InputAxis MoveForward
[2020.08.22-05.59.13:272][  0]LogBlueprint: Warning: [Compiler Ue4ASP_Character] Input Axis Event references unknown Axis 'LookUp' for  InputAxis LookUp
[2020.08.22-05.59.13:272][  0]LogBlueprint: Warning: [Compiler Ue4ASP_Character] Input Axis Event references unknown Axis 'Turn' for  InputAxis Turn
[2020.08.22-05.59.15:469][  0]LogAIModule: Creating AISystem for world Level001
[2020.08.22-05.59.15:469][  0]LogAISub: UAISubsystem::UAISubsystem EnvQueryManager (00000250378EFE00), frame # 0
[2020.08.22-05.59.15:469][  0]LogAISub: UAISubsystem::UAISubsystem AIPerceptionSystem (000002503799A700), frame # 0
[2020.08.22-05.59.15:502][  0]LogEditorServer: Finished looking for orphan Actors (0.000 secs)
[2020.08.22-05.59.15:518][  0]LogUObjectHash: Compacting FUObjectHashTables data took   0.84ms
[2020.08.22-05.59.15:519][  0]Cmd: MAP CHECKDEP NOCLEARLOG
[2020.08.22-05.59.15:520][  0]MapCheck: Map check complete: 0 Error(s), 0 Warning(s), took 0.541ms to complete.
[2020.08.22-05.59.15:520][  0]LogFileHelpers: Loading map 'Level001' took 3.784
[2020.08.22-05.59.15:545][  0]LogUnrealEdMisc: Total Editor Startup Time, took 29.905
[2020.08.22-05.59.15:829][  0]LogSlate: Updating window title bar state: overlay mode, drag disabled, window buttons hidden, title bar hidden
[2020.08.22-05.59.15:837][  0]LogSlate: Updating window title bar state: overlay mode, drag disabled, window buttons hidden, title bar hidden
[2020.08.22-05.59.15:846][  0]LogSlate: Updating window title bar state: overlay mode, drag disabled, window buttons hidden, title bar hidden
[2020.08.22-05.59.15:854][  0]LogSlate: Updating window title bar state: overlay mode, drag disabled, window buttons hidden, title bar hidden
[2020.08.22-05.59.15:889][  0]LogCollectionManager: Loaded 0 collections in 0.000876 seconds
[2020.08.22-05.59.15:923][  0]LogFileCache: Scanning file cache for directory 'D:/Document/Unreal Projects/PW5/Saved/Collections/' took 0.00s
[2020.08.22-05.59.15:924][  0]LogFileCache: Scanning file cache for directory 'D:/Document/Unreal Projects/PW5/Content/Developers/User01/Collections/' took 0.00s
[2020.08.22-05.59.15:924][  0]LogFileCache: Scanning file cache for directory 'D:/Document/Unreal Projects/PW5/Content/Collections/' took 0.00s
[2020.08.22-05.59.15:924][  0]LogContentBrowser: Native class hierarchy populated in 0.0089 seconds. Added 3429 classes and 824 folders.
[2020.08.22-05.59.15:931][  0]LogContentBrowser: Native class hierarchy updated for 'WidgetCarousel' in 0.0003 seconds. Added 0 classes and 0 folders.
[2020.08.22-05.59.16:310][  0]LogContentBrowser: Native class hierarchy updated for 'AddContentDialog' in 0.0003 seconds. Added 0 classes and 0 folders.
[2020.08.22-05.59.16:980][  0]LogSlate: Took 0.008364 seconds to synchronously load lazily loaded font '../../../Engine/Content/Slate/Fonts/Roboto-Regular.ttf' (155K)
[2020.08.22-05.59.16:991][  0]LogSlate: Took 0.007482 seconds to synchronously load lazily loaded font '../../../Engine/Content/Slate/Fonts/Roboto-Bold.ttf' (160K)
[2020.08.22-05.59.17:000][  0]LogSlate: Took 0.006606 seconds to synchronously load lazily loaded font '../../../Engine/Content/Editor/Slate/Fonts/FontAwesome.ttf' (139K)
[2020.08.22-05.59.17:120][  0]LogRenderer: Reallocating scene render targets to support 1144x520 Format 10 NumSamples 1 (Frame:1).
[2020.08.22-05.59.17:263][  0]LogContentBrowser: Native class hierarchy updated for 'HierarchicalLODOutliner' in 0.0003 seconds. Added 0 classes and 0 folders.
[2020.08.22-05.59.17:263][  0]LogLoad: (Engine Initialization) Total time: 31.62 seconds
[2020.08.22-05.59.17:263][  0]LogLoad: (Engine Initialization) Total Blueprint compile time: 0.00 seconds
[2020.08.22-05.59.17:391][  0]LogAssetRegistry: Asset discovery search completed in 17.0066 seconds
[2020.08.22-05.59.17:394][  0]LogCollectionManager: Fixed up redirectors for 0 collections in 0.000004 seconds (updated 0 objects)
[2020.08.22-05.59.17:398][  0]LogContentStreaming: Texture pool size now 1000 MB
[2020.08.22-05.59.17:443][  0]LogSlate: Took 0.006553 seconds to synchronously load lazily loaded font '../../../Engine/Content/Slate/Fonts/Roboto-Light.ttf' (167K)
[2020.08.22-05.59.18:294][ 44]LogSlate: Took 0.000201 seconds to synchronously load lazily loaded font '../../../Engine/Content/Slate/Fonts/Roboto-Light.ttf' (167K)
[2020.08.22-05.59.29:703][302]LogTemp: Repeating last play command: Selected Viewport
[2020.08.22-05.59.29:728][302]LogPlayLevel: PlayLevel: No blueprints needed recompiling
[2020.08.22-05.59.29:728][302]PIE: New page: PIE session: Level001 (2020/08/22 23:59:29)
[2020.08.22-05.59.29:730][302]LogOnline: OSS: Creating online subsystem instance for: NULL
[2020.08.22-05.59.29:731][302]LogOnline: OSS: TryLoadSubsystemAndSetDefault: Loaded subsystem for module [NULL]
[2020.08.22-05.59.29:731][302]LogPlayLevel: Creating play world package: /Game/Levels/UEDPIE_0_Level001
[2020.08.22-05.59.29:736][302]LogPlayLevel: PIE: StaticDuplicateObject took: (0.005188s)
[2020.08.22-05.59.29:737][302]LogAIModule: Creating AISystem for world Level001
[2020.08.22-05.59.29:737][302]LogAISub: UAISubsystem::UAISubsystem EnvQueryManager (000002504B148C00), frame # 1302
[2020.08.22-05.59.29:737][302]LogAISub: UAISubsystem::UAISubsystem AIPerceptionSystem (000002507F74CF40), frame # 1302
[2020.08.22-05.59.29:738][302]LogPlayLevel: PIE: World Init took: (0.001531s)
[2020.08.22-05.59.29:738][302]LogPlayLevel: PIE: Created PIE world by copying editor world from /Game/Levels/Level001.Level001 to /Game/Levels/UEDPIE_0_Level001.Level001 (0.006878s)
[2020.08.22-05.59.29:746][302]LogUObjectHash: Compacting FUObjectHashTables data took   0.86ms
[2020.08.22-05.59.29:748][302]LogAudioMixer: Display: Audio Mixer Platform Settings:
[2020.08.22-05.59.29:748][302]LogAudioMixer: Display: 	Sample Rate:						  48000
[2020.08.22-05.59.29:748][302]LogAudioMixer: Display: 	Callback Buffer Frame Size Requested: 1024
[2020.08.22-05.59.29:748][302]LogAudioMixer: Display: 	Callback Buffer Frame Size To Use:	  1024
[2020.08.22-05.59.29:748][302]LogAudioMixer: Display: 	Number of buffers to queue:			  2
[2020.08.22-05.59.29:748][302]LogAudioMixer: Display: 	Max Channels (voices):				  32
[2020.08.22-05.59.29:748][302]LogAudioMixer: Display: 	Number of Async Source Workers:		  0
[2020.08.22-05.59.29:748][302]LogAudio: Display: AudioDevice MaxSources: 32
[2020.08.22-05.59.29:748][302]LogAudio: Display: Using built-in audio occlusion.
[2020.08.22-05.59.29:748][302]LogAudioMixer: Display: Initializing audio mixer.
[2020.08.22-05.59.29:757][302]LogAudioMixer: Display: 0: FrontLeft
[2020.08.22-05.59.29:757][302]LogAudioMixer: Display: 1: FrontRight
[2020.08.22-05.59.29:775][302]LogAudioMixer: Display: Using Audio Device ライン (Steinberg UR22)
[2020.08.22-05.59.29:775][302]LogAudioMixer: Display: Initializing Sound Submixes...
[2020.08.22-05.59.29:775][302]LogAudioMixer: Display: Creating Master Submix 'MasterSubmixDefault'
[2020.08.22-05.59.29:775][302]LogAudioMixer: Display: Creating Master Submix 'MasterReverbSubmixDefault'
[2020.08.22-05.59.29:776][302]LogAudioMixer: Display: Creating Master Submix 'MasterEQSubmixDefault'
[2020.08.22-05.59.29:790][302]LogInit: FAudioDevice initialized.
[2020.08.22-05.59.29:824][302]LogLoad: Game class is 'PW5GameMode_C'
[2020.08.22-05.59.29:828][302]LogWorld: Bringing World /Game/Levels/UEDPIE_0_Level001.Level001 up for play (max tick rate 0) at 2020.08.22-14.59.29
[2020.08.22-05.59.29:828][302]LogWorld: Bringing up level for play took: 0.002749
[2020.08.22-05.59.29:829][302]LogOnline: OSS: Creating online subsystem instance for: :Context_3
[2020.08.22-05.59.29:834][302]LogContentBrowser: Native class hierarchy updated for 'MovieSceneCapture' in 0.0004 seconds. Added 20 classes and 0 folders.
[2020.08.22-05.59.29:851][302]PIE: Server logged in
[2020.08.22-05.59.29:853][302]PIE: Play in editor total start time 0.131 seconds.
[2020.08.22-05.59.34:181][811]LogBlueprintUserMessages: [Ladder_2] Can Use a Ladder
[2020.08.22-05.59.34:952][903]LogBlueprintUserMessages: [Ladder_2] X=0.000 Y=-600.000 Z=20.000
[2020.08.22-05.59.35:443][962]LogBlueprintUserMessages: [Ladder_2] Can NOT Use a Ladder
[2020.08.22-05.59.35:443][962]LogBlueprintUserMessages: [Ladder_2] Can Use a Ladder
[2020.08.22-05.59.35:443][962]LogBlueprintUserMessages: [Ladder_2] X=0.000 Y=-600.000 Z=20.000
[2020.08.22-05.59.36:335][ 69]LogBlueprintUserMessages: [Ladder_2] Can NOT Use a Ladder
[2020.08.22-05.59.39:686][471]LogBlueprintUserMessages: [Ladder2] Can Use a Ladder
[2020.08.22-05.59.40:153][527]LogBlueprintUserMessages: [Ladder2] X=0.000 Y=-2200.000 Z=-430.000
[2020.08.22-05.59.40:644][586]LogBlueprintUserMessages: [Ladder2] Can NOT Use a Ladder
[2020.08.22-05.59.40:644][586]LogBlueprintUserMessages: [Ladder2] Can Use a Ladder
[2020.08.22-05.59.40:644][586]LogBlueprintUserMessages: [Ladder2] X=0.000 Y=-2200.000 Z=-430.000
[2020.08.22-05.59.41:303][665]LogBlueprintUserMessages: [Ladder2] Can NOT Use a Ladder
[2020.08.22-05.59.45:596][176]LogSlate: Updating window title bar state: overlay mode, drag disabled, window buttons hidden, title bar hidden
[2020.08.22-05.59.45:596][176]LogWorld: BeginTearingDown for /Game/Levels/UEDPIE_0_Level001
[2020.08.22-05.59.45:601][176]LogWorld: UWorld::CleanupWorld for Level001, bSessionEnded=true, bCleanupResources=true
[2020.08.22-05.59.45:602][176]LogSlate: InvalidateAllWidgets triggered.  All widgets were invalidated
[2020.08.22-05.59.45:608][176]LogPlayLevel: Display: Shutting down PIE online subsystems
[2020.08.22-05.59.45:609][176]LogSlate: InvalidateAllWidgets triggered.  All widgets were invalidated
[2020.08.22-05.59.45:633][176]LogSlate: Updating window title bar state: overlay mode, drag disabled, window buttons hidden, title bar hidden
[2020.08.22-05.59.45:633][176]LogAISub: UAISubsystem::~UAISubsystem AIPerceptionSystem (000002507F74CF40), frame # 3176
[2020.08.22-05.59.45:633][176]LogAISub: UAISubsystem::~UAISubsystem EnvQueryManager (000002504B148C00), frame # 3176
[2020.08.22-05.59.45:635][176]LogUObjectHash: Compacting FUObjectHashTables data took   0.62ms
[2020.08.22-05.59.45:668][177]LogPlayLevel: Display: Destroying online subsystem :Context_3
[2020.08.22-05.59.52:112][824]LogAssetEditorSubsystem: Opening Asset editor for Blueprint /Game/BluePrints/PlayerCharacter.PlayerCharacter
[2020.08.22-05.59.52:556][824]LogContentBrowser: Native class hierarchy updated for 'BlueprintGraph' in 0.0005 seconds. Added 125 classes and 0 folders.
[2020.08.22-05.59.53:486][824]LogSlate: Took 0.005801 seconds to synchronously load lazily loaded font '../../../Engine/Content/Slate/Fonts/Roboto-BoldCondensed.ttf' (158K)
[2020.08.22-05.59.53:668][825]LogSlate: Took 0.005279 seconds to synchronously load lazily loaded font '../../../Engine/Content/Slate/Fonts/Roboto-Italic.ttf' (157K)
[2020.08.22-06.02.22:717][217]LogUObjectHash: Compacting FUObjectHashTables data took   1.84ms
[2020.08.22-06.02.22:766][217]Cmd: OBJ SAVEPACKAGE PACKAGE="/Game/BluePrints/PlayerCharacter" FILE="D:/Document/Unreal Projects/PW5/Content/BluePrints/PlayerCharacter.uasset" SILENT=true
[2020.08.22-06.02.22:959][217]LogSavePackage: Moving 'D:/Document/Unreal Projects/PW5/Saved/PlayerCharacter3523DD8747F9E8BDEB912BBD7004A26E.tmp' to 'D:/Document/Unreal Projects/PW5/Content/BluePrints/PlayerCharacter.uasset'
[2020.08.22-06.02.22:974][217]AssetCheck: New page: Asset Save: PlayerCharacter
[2020.08.22-06.02.22:974][217]LogContentValidation: Display: Validating Blueprint /Game/BluePrints/PlayerCharacter.PlayerCharacter
[2020.08.22-06.03.01:513][747]LogEditorViewport: Clicking on Actor (LMB): LockableDoor_C (LockableDoor3)
[2020.08.22-06.03.03:250][951]LogEditorViewport: Clicking Background
[2020.08.22-06.03.38:390][157]LogEditorViewport: Clicking on Actor (LMB): StaticMeshActor (Cube20)
[2020.08.22-06.03.39:528][283]LogEditorViewport: Clicking on Actor (LMB): Ladder_C (Ladder)
[2020.08.22-06.03.43:284][716]LogEditorViewport: Clicking on Actor (LMB): StaticMeshActor (Cube20)
[2020.08.22-06.03.43:960][791]LogEditorViewport: Clicking on Actor (LMB): StaticMeshActor (Cube20)
[2020.08.22-06.03.44:507][855]LogEditorViewport: Clicking Background
[2020.08.22-06.03.44:932][905]LogEditorViewport: Clicking on Actor (LMB): Ladder_C (Ladder2)
[2020.08.22-06.03.46:131][ 45]LogEditorViewport: Clicking Background
[2020.08.22-06.03.48:676][329]LogEditorViewport: Clicking on Actor (LMB): Ladder_C (Ladder)
[2020.08.22-06.03.49:285][398]LogEditorViewport: Clicking Background
[2020.08.22-06.07.25:590][336]LogEditorViewport: Clicking on Actor (LMB): Ladder2_C (Ladder3)
[2020.08.22-06.07.28:114][626]LogEditorViewport: Clicking on Actor (LMB): Ladder2_C (Ladder3)
[2020.08.22-06.07.28:617][685]LogEditorViewport: Clicking Background
[2020.08.22-06.07.29:937][841]LogEditorViewport: Clicking on Actor (LMB): Ladder2_C (Ladder3)
[2020.08.22-06.07.30:479][903]LogEditorViewport: Clicking Background
[2020.08.22-06.07.31:012][966]LogEditorViewport: Clicking on Actor (LMB): Ladder2_C (Ladder3)
[2020.08.22-06.07.31:496][ 21]LogEditorViewport: Clicking Background
[2020.08.22-06.07.32:062][ 88]LogEditorViewport: Clicking Background
[2020.08.22-06.07.32:448][134]LogEditorViewport: Clicking on Actor (LMB): Ladder2_C (Ladder3)
[2020.08.22-06.07.33:296][233]LogEditorViewport: Clicking Background
[2020.08.22-06.07.35:689][519]LogEditorViewport: Clicking on Actor (LMB): Ladder2_C (Ladder3)
[2020.08.22-06.07.36:578][623]LogEditorViewport: Clicking Background
[2020.08.22-06.10.29:223][451]LogEditorViewport: Clicking on Actor (LMB): Ladder_C (Ladder)
[2020.08.22-06.10.29:826][520]LogEditorViewport: Clicking Background
[2020.08.22-06.10.30:518][602]LogEditorViewport: Clicking on Actor (LMB): Ladder_C (Ladder)
[2020.08.22-06.10.31:104][669]LogEditorViewport: Clicking Background
[2020.08.22-06.10.43:550][161]LogEditorViewport: Clicking on Actor (LMB): StaticMeshActor (Cube21)
[2020.08.22-06.10.44:125][224]LogEditorViewport: Clicking on Actor (LMB): Ladder_C (Ladder)
[2020.08.22-06.10.44:851][308]LogEditorViewport: Clicking Background
[2020.08.22-06.10.45:452][379]LogEditorViewport: Clicking on Actor (LMB): Ladder_C (Ladder)
[2020.08.22-06.10.46:078][451]LogEditorViewport: Clicking Background
[2020.08.22-06.10.46:479][498]LogEditorViewport: Clicking Background
[2020.08.22-06.10.46:809][537]LogEditorViewport: Clicking on Actor (LMB): Ladder_C (Ladder)
[2020.08.22-06.10.47:758][648]LogEditorViewport: Clicking on Actor (LMB): StaticMeshActor (closet2)
[2020.08.22-06.10.48:200][696]LogEditorViewport: Clicking Background
[2020.08.22-06.10.48:609][744]LogEditorViewport: Clicking on Actor (LMB): Ladder_C (Ladder)
[2020.08.22-06.10.49:290][822]LogEditorViewport: Clicking Background
[2020.08.22-06.10.49:775][879]LogEditorViewport: Clicking on Actor (LMB): Ladder_C (Ladder)
[2020.08.22-06.10.51:074][ 32]LogEditorViewport: Clicking Background
[2020.08.22-06.10.51:482][ 80]LogEditorViewport: Clicking on Actor (LMB): Ladder_C (Ladder)
[2020.08.22-06.10.52:198][163]LogEditorViewport: Clicking Background
[2020.08.22-06.10.52:600][210]LogEditorViewport: Clicking on Actor (LMB): Ladder_C (Ladder)
[2020.08.22-06.10.53:057][262]LogEditorViewport: Clicking Background
